<?xml version="1.0" encoding="UTF-8"?>
<!-- Generated by org.testng.reporters.JUnitReportReporter -->
<testsuite skipped="0" hostname="DESKTOP-E38VFT2" name="ehospital.Billing_Module.TestScripts.CancelReceiptTestScripts" tests="12" failures="0" timestamp="2020-12-03T10:25:33 IST" time="80.252" errors="0">
  <testcase name="CancelReceiptlinkisDispalyed" time="4.226" classname="ehospital.Billing_Module.TestScripts.CancelReceiptTestScripts"/>
  <testcase name="CancelReceiptlinkisEnabledandClickable" time="6.378" classname="ehospital.Billing_Module.TestScripts.CancelReceiptTestScripts"/>
  <testcase name="HeadofAccountDropdownisEnabledandSelectValue" time="4.121" classname="ehospital.Billing_Module.TestScripts.CancelReceiptTestScripts"/>
  <testcase name="UHIDRadiobuttonisEnabledandClickbale" time="2.281" classname="ehospital.Billing_Module.TestScripts.CancelReceiptTestScripts"/>
  <testcase name="CashbookDropdownisEnabledandSelectable" time="4.348" classname="ehospital.Billing_Module.TestScripts.CancelReceiptTestScripts"/>
  <testcase name="GetSearchresultbuttonofUHIDFilterisEnabledandClickable" time="4.120" classname="ehospital.Billing_Module.TestScripts.CancelReceiptTestScripts"/>
  <testcase name="clickonGetSearchResultbuttonwithvalidUHID" time="14.611" classname="ehospital.Billing_Module.TestScripts.CancelReceiptTestScripts"/>
  <testcase name="SelectbuttonisEnabledandClickable" time="4.094" classname="ehospital.Billing_Module.TestScripts.CancelReceiptTestScripts"/>
  <testcase name="ReasonForCancellationTextBoxisEnabledandEnterResult" time="4.147" classname="ehospital.Billing_Module.TestScripts.CancelReceiptTestScripts"/>
  <testcase name="CancelReceiptButtonisenabledandClickable" time="8.318" classname="ehospital.Billing_Module.TestScripts.CancelReceiptTestScripts"/>
  <testcase name="RecepitNoRadiobuttonisEnabledandSelectable" time="4.275" classname="ehospital.Billing_Module.TestScripts.CancelReceiptTestScripts"/>
  <testcase name="ClickonSerchbuttonWithvalidRecepitNo" time="19.333" classname="ehospital.Billing_Module.TestScripts.CancelReceiptTestScripts"/>
</testsuite> <!-- ehospital.Billing_Module.TestScripts.CancelReceiptTestScripts -->
