<?xml version="1.0" encoding="UTF-8"?>
<!-- Generated by org.testng.reporters.JUnitReportReporter -->
<testsuite skipped="0" hostname="DESKTOP-E38VFT2" name="ehospital.Billing_Module.TestScripts.RateConfigurationofServicesTestScripts" tests="11" failures="0" timestamp="2020-12-03T10:25:33 IST" time="45.552" errors="0">
  <testcase name="BillingAdminSubModuleisDispalyed" time="4.190" classname="ehospital.Billing_Module.TestScripts.RateConfigurationofServicesTestScripts"/>
  <testcase name="BillingAdminSubModuleisEnabledandClickable" time="2.287" classname="ehospital.Billing_Module.TestScripts.RateConfigurationofServicesTestScripts"/>
  <testcase name="RateConfigurationofServicesLinkisEnabledandClickable" time="2.285" classname="ehospital.Billing_Module.TestScripts.RateConfigurationofServicesTestScripts"/>
  <testcase name="ServiceCategoryDropdownisEnabledandSelectValue" time="4.505" classname="ehospital.Billing_Module.TestScripts.RateConfigurationofServicesTestScripts"/>
  <testcase name="DetailslinkisEnabledandClickable" time="2.256" classname="ehospital.Billing_Module.TestScripts.RateConfigurationofServicesTestScripts"/>
  <testcase name="BasicRateTextBoxisEnabledandEntervalidRate" time="4.109" classname="ehospital.Billing_Module.TestScripts.RateConfigurationofServicesTestScripts"/>
  <testcase name="ChangeForAlllinkisEnabledandClickable" time="2.278" classname="ehospital.Billing_Module.TestScripts.RateConfigurationofServicesTestScripts"/>
  <testcase name="SavebuttonisEnabledandClickable" time="6.392" classname="ehospital.Billing_Module.TestScripts.RateConfigurationofServicesTestScripts"/>
  <testcase name="RateTextBoxisEnabledandEnterValidData" time="8.372" classname="ehospital.Billing_Module.TestScripts.RateConfigurationofServicesTestScripts"/>
  <testcase name="FreeCheckBoxisEnabledandSelectable" time="6.570" classname="ehospital.Billing_Module.TestScripts.RateConfigurationofServicesTestScripts"/>
  <testcase name="CancelbuttonisEnabledandClickable" time="2.308" classname="ehospital.Billing_Module.TestScripts.RateConfigurationofServicesTestScripts"/>
</testsuite> <!-- ehospital.Billing_Module.TestScripts.RateConfigurationofServicesTestScripts -->
