<?xml version="1.0" encoding="UTF-8"?>
<!-- Generated by org.testng.reporters.JUnitReportReporter -->
<testsuite skipped="0" hostname="DESKTOP-E38VFT2" name="ehospital.ADT_Module.TestScripts.ExistingPatientTestScripts" tests="1" failures="0" timestamp="2020-12-03T10:25:33 IST" time="66.561" errors="0">
  <testcase name="AdmitthePatient" time="66.561" classname="ehospital.ADT_Module.TestScripts.ExistingPatientTestScripts"/>
</testsuite> <!-- ehospital.ADT_Module.TestScripts.ExistingPatientTestScripts -->
