<?xml version="1.0" encoding="UTF-8"?>
<!-- Generated by org.testng.reporters.JUnitReportReporter -->
<testsuite skipped="0" hostname="DESKTOP-E38VFT2" name="ehospital.Billing_Module.TestScripts.DuplicateReceiptTestScripts" tests="9" failures="0" timestamp="2020-12-03T10:25:33 IST" time="69.455" errors="0">
  <testcase name="DuplicateRecepitlinkisDisplayed" time="4.210" classname="ehospital.Billing_Module.TestScripts.DuplicateReceiptTestScripts"/>
  <testcase name="DuplicateRecepitlinkisEnabledandClickable" time="6.377" classname="ehospital.Billing_Module.TestScripts.DuplicateReceiptTestScripts"/>
  <testcase name="UHIDRadiobuttonisEnabledandClickbale" time="2.300" classname="ehospital.Billing_Module.TestScripts.DuplicateReceiptTestScripts"/>
  <testcase name="CashbookDropdownisEnabledandSelectable" time="4.115" classname="ehospital.Billing_Module.TestScripts.DuplicateReceiptTestScripts"/>
  <testcase name="GetSearchresultbuttonofUHIDFilterisEnabledandClickable" time="4.117" classname="ehospital.Billing_Module.TestScripts.DuplicateReceiptTestScripts"/>
  <testcase name="clickonGetSearchResultbuttonwithvalidUHID" time="22.843" classname="ehospital.Billing_Module.TestScripts.DuplicateReceiptTestScripts"/>
  <testcase name="RecepitNoRadiobuttonisEnabledandSelectable" time="4.282" classname="ehospital.Billing_Module.TestScripts.DuplicateReceiptTestScripts"/>
  <testcase name="GetSearchresultbuttonofRecepitNoFilterisEnabledandClickable" time="4.117" classname="ehospital.Billing_Module.TestScripts.DuplicateReceiptTestScripts"/>
  <testcase name="ClickonSerchbuttonWithvalidRecepitNo" time="17.094" classname="ehospital.Billing_Module.TestScripts.DuplicateReceiptTestScripts"/>
</testsuite> <!-- ehospital.Billing_Module.TestScripts.DuplicateReceiptTestScripts -->
