<?xml version="1.0" encoding="UTF-8"?>
<!-- Generated by org.testng.reporters.JUnitReportReporter -->
<testsuite skipped="0" hostname="DESKTOP-E38VFT2" name="ehospital.Login_Page.TestScripts.HomeTest" tests="17" failures="0" timestamp="2020-12-03T10:25:33 IST" time="79.988" errors="0">
  <testcase name="Adminlinkdisplayed" time="15.490" classname="ehospital.Login_Page.TestScripts.HomeTest"/>
  <testcase name="ClickonAdminmoduleandcheckenabled" time="2.543" classname="ehospital.Login_Page.TestScripts.HomeTest"/>
  <testcase name="configurelinkdisplayed" time="0.169" classname="ehospital.Login_Page.TestScripts.HomeTest"/>
  <testcase name="clickonconfiglinkandcheckenabled" time="2.455" classname="ehospital.Login_Page.TestScripts.HomeTest"/>
  <testcase name="configureOPDRegisterlinkisdisplayed" time="0.032" classname="ehospital.Login_Page.TestScripts.HomeTest"/>
  <testcase name="clickonconfigureOPDRegisterlinkandcheckenabled" time="2.348" classname="ehospital.Login_Page.TestScripts.HomeTest"/>
  <testcase name="ValidateCONFIGUREREGISTRATIONTEMPLATETabisenabled" time="10.306" classname="ehospital.Login_Page.TestScripts.HomeTest"/>
  <testcase name="NDMCTemplateCheckBoxisenabled" time="7.292" classname="ehospital.Login_Page.TestScripts.HomeTest"/>
  <testcase name="Updatebuttonisenabled" time="8.154" classname="ehospital.Login_Page.TestScripts.HomeTest"/>
  <testcase name="CONFIGUREOPDREGISTRATIONSLIPtabisdisplayed" time="0.033" classname="ehospital.Login_Page.TestScripts.HomeTest"/>
  <testcase name="clickonCONFIGUREOPDREGISTRATIONSLIPtabandcheckisenabled" time="2.229" classname="ehospital.Login_Page.TestScripts.HomeTest"/>
  <testcase name="SelectOPDCardTemplateimageisdisplayed" time="0.031" classname="ehospital.Login_Page.TestScripts.HomeTest"/>
  <testcase name="clickonSelectOPDCardTemplateimageandcheckisenabled" time="2.112" classname="ehospital.Login_Page.TestScripts.HomeTest"/>
  <testcase name="clickonleftbuttontoselectslipandcheckenabled" time="3.305" classname="ehospital.Login_Page.TestScripts.HomeTest"/>
  <testcase name="Selecttemplate5" time="6.092" classname="ehospital.Login_Page.TestScripts.HomeTest"/>
  <testcase name="clickonsavebuttonandcheckenabled" time="4.112" classname="ehospital.Login_Page.TestScripts.HomeTest"/>
  <testcase name="logout" time="13.285" classname="ehospital.Login_Page.TestScripts.HomeTest"/>
</testsuite> <!-- ehospital.Login_Page.TestScripts.HomeTest -->
