<?xml version="1.0" encoding="UTF-8"?>
<!-- Generated by org.testng.reporters.JUnitReportReporter -->
<testsuite skipped="4" hostname="Vishal-Tiwari" name="ehospital.Covid_Module.TestScripts.Covid19_RegistrationTestScripts" tests="5" failures="0" timestamp="23 Sep 2020 14:02:33 GMT" time="17.445" errors="0">
  <testcase name="dologinforcovidReg" time="17.445" classname="ehospital.Covid_Module.TestScripts.Covid19_RegistrationTestScripts"/>
  <testcase name="CovidRegistrationviaMobileNo" classname="ehospital.Covid_Module.TestScripts.Covid19_RegistrationTestScripts">
    <skipped/>
  </testcase> <!-- CovidRegistrationviaMobileNo -->
  <testcase name="CovidRegistrationviaSRF_Lab_ID" classname="ehospital.Covid_Module.TestScripts.Covid19_RegistrationTestScripts">
    <skipped/>
  </testcase> <!-- CovidRegistrationviaSRF_Lab_ID -->
  <testcase name="CovidRegistrationviaICMRNo" classname="ehospital.Covid_Module.TestScripts.Covid19_RegistrationTestScripts">
    <skipped/>
  </testcase> <!-- CovidRegistrationviaICMRNo -->
  <testcase name="Covid" classname="ehospital.Covid_Module.TestScripts.Covid19_RegistrationTestScripts">
    <skipped/>
  </testcase> <!-- Covid -->
</testsuite> <!-- ehospital.Covid_Module.TestScripts.Covid19_RegistrationTestScripts -->
