<?xml version="1.0" encoding="UTF-8"?>
<!-- Generated by org.testng.reporters.JUnitReportReporter -->
<testsuite skipped="1" hostname="DESKTOP-E38VFT2" name="ehospital.Billing_Module.TestScripts.PreparationOfReceiptsTestScripts" tests="24" failures="0" timestamp="2020-12-03T10:25:33 IST" time="238.624" errors="1">
  <testcase name="BillingModuleisdisplayed" time="12.371" classname="ehospital.Billing_Module.TestScripts.PreparationOfReceiptsTestScripts"/>
  <testcase name="BillingModuleisenabledandClickable" time="4.300" classname="ehospital.Billing_Module.TestScripts.PreparationOfReceiptsTestScripts"/>
  <testcase name="BillingCounterisEnabledandClickable" time="4.279" classname="ehospital.Billing_Module.TestScripts.PreparationOfReceiptsTestScripts"/>
  <testcase name="PreparationOfReceiptslinkisEnabledandClickable" time="8.382" classname="ehospital.Billing_Module.TestScripts.PreparationOfReceiptsTestScripts"/>
  <testcase name="PatientWithUHIDRadioButtonisEnabledandClickable" time="4.295" classname="ehospital.Billing_Module.TestScripts.PreparationOfReceiptsTestScripts"/>
  <testcase name="SearchFilterOfPatientWithUHIDDropdownisEnabledandSelectvalue" time="4.125" classname="ehospital.Billing_Module.TestScripts.PreparationOfReceiptsTestScripts"/>
  <testcase name="SearchbuttonisEnabledandClickable" time="14.722" classname="ehospital.Billing_Module.TestScripts.PreparationOfReceiptsTestScripts"/>
  <testcase name="EntervalidIDintothePatientIDTextBox" time="12.162" classname="ehospital.Billing_Module.TestScripts.PreparationOfReceiptsTestScripts"/>
  <testcase name="ValidatePatientTypeDropdownandIsEnabledTryingtoselectValues" time="4.048" classname="ehospital.Billing_Module.TestScripts.PreparationOfReceiptsTestScripts"/>
  <testcase name="ValidateBillibgTypeDropdownandIsEnabledTryingtoselectValues" time="4.137" classname="ehospital.Billing_Module.TestScripts.PreparationOfReceiptsTestScripts">
    <error type="java.lang.Exception" message="Dropdown is Selectable">
      <![CDATA[java.lang.Exception: Dropdown is Selectable
at ehospital.Billing_Module.TestScripts.PreparationOfReceiptsTestScripts.ValidateBillibgTypeDropdownandIsEnabledTryingtoselectValues(PreparationOfReceiptsTestScripts.java:227)
at sun.reflect.NativeMethodAccessorImpl.invoke0(Native Method)
at sun.reflect.NativeMethodAccessorImpl.invoke(Unknown Source)
at sun.reflect.DelegatingMethodAccessorImpl.invoke(Unknown Source)
at java.lang.reflect.Method.invoke(Unknown Source)
at org.testng.internal.MethodInvocationHelper.invokeMethod(MethodInvocationHelper.java:133)
at org.testng.internal.TestInvoker.invokeMethod(TestInvoker.java:584)
at org.testng.internal.TestInvoker.invokeTestMethod(TestInvoker.java:172)
at org.testng.internal.MethodRunner.runInSequence(MethodRunner.java:46)
at org.testng.internal.TestInvoker$MethodInvocationAgent.invoke(TestInvoker.java:804)
at org.testng.internal.TestInvoker.invokeTestMethods(TestInvoker.java:145)
at org.testng.internal.TestMethodWorker.invokeTestMethods(TestMethodWorker.java:146)
at org.testng.internal.TestMethodWorker.run(TestMethodWorker.java:128)
at java.util.ArrayList.forEach(Unknown Source)
at org.testng.TestRunner.privateRun(TestRunner.java:770)
at org.testng.TestRunner.run(TestRunner.java:591)
at org.testng.SuiteRunner.runTest(SuiteRunner.java:402)
at org.testng.SuiteRunner.runSequentially(SuiteRunner.java:396)
at org.testng.SuiteRunner.privateRun(SuiteRunner.java:355)
at org.testng.SuiteRunner.run(SuiteRunner.java:304)
at org.testng.SuiteRunnerWorker.runSuite(SuiteRunnerWorker.java:53)
at org.testng.SuiteRunnerWorker.run(SuiteRunnerWorker.java:96)
at org.testng.TestNG.runSuitesSequentially(TestNG.java:1180)
at org.testng.TestNG.runSuitesLocally(TestNG.java:1102)
at org.testng.TestNG.runSuites(TestNG.java:1032)
at org.testng.TestNG.run(TestNG.java:1000)
at org.testng.remote.AbstractRemoteTestNG.run(AbstractRemoteTestNG.java:115)
at org.testng.remote.RemoteTestNG.initAndRun(RemoteTestNG.java:251)
at org.testng.remote.RemoteTestNG.main(RemoteTestNG.java:77)
]]>
    </error>
  </testcase> <!-- ValidateBillibgTypeDropdownandIsEnabledTryingtoselectValues -->
  <testcase name="PaymentModeDropdownisEnabledandSelectValue" time="6.130" classname="ehospital.Billing_Module.TestScripts.PreparationOfReceiptsTestScripts"/>
  <testcase name="HeadOfAccountDropdownisEnabledandSelectValue" time="6.134" classname="ehospital.Billing_Module.TestScripts.PreparationOfReceiptsTestScripts"/>
  <testcase name="CategoryDropdownisEnabledandSelectvalue" time="6.406" classname="ehospital.Billing_Module.TestScripts.PreparationOfReceiptsTestScripts"/>
  <testcase name="EnterValidquantityintoQuantityTextBoxforService" time="6.074" classname="ehospital.Billing_Module.TestScripts.PreparationOfReceiptsTestScripts"/>
  <testcase name="Checkboxtoselectservices1isEnabledandSelectable" time="6.803" classname="ehospital.Billing_Module.TestScripts.PreparationOfReceiptsTestScripts"/>
  <testcase name="AddToListButtonisEnabledandClickable" time="4.307" classname="ehospital.Billing_Module.TestScripts.PreparationOfReceiptsTestScripts"/>
  <testcase name="CancelOptionForSelectedServicesisEnabledandSelectOption" time="2.294" classname="ehospital.Billing_Module.TestScripts.PreparationOfReceiptsTestScripts"/>
  <testcase name="PrepareRecepitForPayAdvanceOption" time="30.772" classname="ehospital.Billing_Module.TestScripts.PreparationOfReceiptsTestScripts"/>
  <testcase name="ClickheretoprintMoneyReceiptbuttonisEnabledandClickable" time="2.319" classname="ehospital.Billing_Module.TestScripts.PreparationOfReceiptsTestScripts"/>
  <testcase name="BackbuttoninRecepitisEnabledandClckable" time="5.820" classname="ehospital.Billing_Module.TestScripts.PreparationOfReceiptsTestScripts"/>
  <testcase name="ClickonAddButtonofOtherServicesWithoutanyEntry" time="16.216" classname="ehospital.Billing_Module.TestScripts.PreparationOfReceiptsTestScripts"/>
  <testcase name="PrepareRecepitForOtherServices" time="33.808" classname="ehospital.Billing_Module.TestScripts.PreparationOfReceiptsTestScripts"/>
  <testcase name="PrePareRecepitWithValidMobileNumber" time="38.720" classname="ehospital.Billing_Module.TestScripts.PreparationOfReceiptsTestScripts"/>
  <testcase name="EnterValueintoFilterObservationTableTextBox" classname="ehospital.Billing_Module.TestScripts.PreparationOfReceiptsTestScripts">
    <skipped/>
  </testcase> <!-- EnterValueintoFilterObservationTableTextBox -->
</testsuite> <!-- ehospital.Billing_Module.TestScripts.PreparationOfReceiptsTestScripts -->
