<?xml version="1.0" encoding="UTF-8"?>
<!-- Generated by org.testng.reporters.JUnitReportReporter -->
<testsuite skipped="0" hostname="DESKTOP-E38VFT2" name="ehospital.Billing_Module.TestScripts.GenerateSettledReceiptTestScripts" tests="5" failures="0" timestamp="2020-12-03T10:25:33 IST" time="41.106" errors="0">
  <testcase name="GenerateSettledReceiptlinkisDispalyed" time="4.186" classname="ehospital.Billing_Module.TestScripts.GenerateSettledReceiptTestScripts"/>
  <testcase name="GenerateSettledReceiptlinkisEnabledandClickable" time="6.371" classname="ehospital.Billing_Module.TestScripts.GenerateSettledReceiptTestScripts"/>
  <testcase name="DateRadiobuttonisEnabledandSelectable" time="6.875" classname="ehospital.Billing_Module.TestScripts.GenerateSettledReceiptTestScripts"/>
  <testcase name="SelectbuttonisEnabledandClickable" time="10.794" classname="ehospital.Billing_Module.TestScripts.GenerateSettledReceiptTestScripts"/>
  <testcase name="GeneratebuttonisEnabledandClickable" time="12.880" classname="ehospital.Billing_Module.TestScripts.GenerateSettledReceiptTestScripts"/>
</testsuite> <!-- ehospital.Billing_Module.TestScripts.GenerateSettledReceiptTestScripts -->
