<?xml version="1.0" encoding="UTF-8"?>
<!-- Generated by org.testng.reporters.JUnitReportReporter -->
<testsuite skipped="0" hostname="Vishal-Tiwari" name="ehospital.Covid_Module.TestScripts.Covid19_Registration" tests="4" failures="0" timestamp="2020-08-05T16:43:52 IST" time="237.559" errors="0">
  <testcase name="dologinforcovidReg" time="19.859" classname="ehospital.Covid_Module.TestScripts.Covid19_Registration"/>
  <system-out>
dologinforcovidRegscript execution starts atWed Aug 05 16:39:55 IST 2020 dologinforcovidRegscript   is passed  </system-out>
  <testcase name="CovidRegistrationviaSRF_Lab_ID" time="117.106" classname="ehospital.Covid_Module.TestScripts.Covid19_Registration"/>
  <system-out>
CovidRegistrationviaSRF_Lab_IDscript execution starts atWed Aug 05 16:40:15 IST 2020 CovidRegistrationviaSRF_Lab_IDscript   is passed  </system-out>
  <testcase name="CovidRegistrationviaMobileNo" time="50.884" classname="ehospital.Covid_Module.TestScripts.Covid19_Registration"/>
  <system-out>
CovidRegistrationviaMobileNoscript execution starts atWed Aug 05 16:42:12 IST 2020 CovidRegistrationviaMobileNoscript   is passed  </system-out>
  <testcase name="CovidRegistrationviaICMRNo" time="49.710" classname="ehospital.Covid_Module.TestScripts.Covid19_Registration"/>
  <system-out>
CovidRegistrationviaICMRNoscript execution starts atWed Aug 05 16:43:02 IST 2020 CovidRegistrationviaICMRNoscript   is passed  </system-out>
</testsuite> <!-- ehospital.Covid_Module.TestScripts.Covid19_Registration -->
