<?xml version="1.0" encoding="UTF-8"?>
<!-- Generated by org.testng.reporters.JUnitReportReporter -->
<testsuite skipped="0" hostname="DESKTOP-E38VFT2" name="ehospital.Login_Page.TestScripts.LoginTest" tests="1" failures="0" timestamp="2020-12-03T10:25:33 IST" time="68.514" errors="0">
  <testcase name="validlogin" time="68.514" classname="ehospital.Login_Page.TestScripts.LoginTest"/>
</testsuite> <!-- ehospital.Login_Page.TestScripts.LoginTest -->
