<?xml version="1.0" encoding="UTF-8"?>
<!-- Generated by org.testng.reporters.JUnitReportReporter -->
<testsuite skipped="0" hostname="Vishal-Tiwari" name="ehospital.Covid_Module.Features.demo" tests="1" failures="0" timestamp="16 Sep 2020 15:45:10 GMT" time="0.030" errors="0">
  <testcase name="test1" time="0.030" classname="ehospital.Covid_Module.Features.demo"/>
</testsuite> <!-- ehospital.Covid_Module.Features.demo -->
