<?xml version="1.0" encoding="UTF-8"?>
<!-- Generated by org.testng.reporters.JUnitReportReporter -->
<testsuite skipped="0" hostname="DESKTOP-E38VFT2" name="ehospital.Patient_Registration.TestScripts.PatientRegistrationTestScripts" tests="8" failures="0" timestamp="2020-12-03T10:25:33 IST" time="260.800" errors="0">
  <testcase name="Patientregistrationlinkisdisplayed" time="14.371" classname="ehospital.Patient_Registration.TestScripts.PatientRegistrationTestScripts"/>
  <testcase name="clickonlinkandPatientregistrationlinkandisenabled" time="4.277" classname="ehospital.Patient_Registration.TestScripts.PatientRegistrationTestScripts"/>
  <testcase name="NewRegistrationlinkisdisplayed" time="0.032" classname="ehospital.Patient_Registration.TestScripts.PatientRegistrationTestScripts"/>
  <testcase name="clickonnewregistrationlinkandisenabled" time="2.282" classname="ehospital.Patient_Registration.TestScripts.PatientRegistrationTestScripts"/>
  <testcase name="skipbuttonisdispalyed" time="2.135" classname="ehospital.Patient_Registration.TestScripts.PatientRegistrationTestScripts"/>
  <testcase name="clickonskipbuttonandisenabled" time="2.259" classname="ehospital.Patient_Registration.TestScripts.PatientRegistrationTestScripts"/>
  <testcase name="GenerateUHIDandPasteintoexcelsheet" time="222.149" classname="ehospital.Patient_Registration.TestScripts.PatientRegistrationTestScripts"/>
  <testcase name="logout" time="13.295" classname="ehospital.Patient_Registration.TestScripts.PatientRegistrationTestScripts"/>
</testsuite> <!-- ehospital.Patient_Registration.TestScripts.PatientRegistrationTestScripts -->
