<?xml version="1.0" encoding="UTF-8"?>
<!-- Generated by org.testng.reporters.JUnitReportReporter -->
<testsuite hostname="del1-lhp-n72210" failures="0" tests="1" name="com.qa.testcases.LoginPageTest" time="9.609" errors="0" timestamp="2023-08-20T17:53:34 IST" skipped="0">
  <testcase classname="com.qa.testcases.LoginPageTest" name="getStartedButtonIsClickable" time="9.609">
    <system-out>
      <![CDATA[getStartedButtonIsClickable script execution starts Sun Aug 20 17:53:24 IST 2023
getStartedButtonIsClickable script is passed ]]>
    </system-out>
  </testcase> <!-- getStartedButtonIsClickable -->
  <system-out>
    <![CDATA[Suite execution starts: Sun Aug 20 17:53:24 IST 2023
getStartedButtonIsClickable script execution starts Sun Aug 20 17:53:24 IST 2023
getStartedButtonIsClickable script is passed ]]>
  </system-out>
</testsuite> <!-- com.qa.testcases.LoginPageTest -->
