<?xml version="1.0" encoding="UTF-8"?>
<!-- Generated by org.testng.reporters.JUnitReportReporter -->
<testsuite hostname="PankajVijh" failures="0" tests="1" name="com.qa.testcases.PlaceOrderTest" time="51.280" errors="0" timestamp="2023-10-07T13:09:53 IST" skipped="0">
  <testcase classname="com.qa.testcases.PlaceOrderTest" name="fetchReportSmc" time="51.280"/>
</testsuite> <!-- com.qa.testcases.PlaceOrderTest -->
