<?xml version="1.0" encoding="UTF-8"?>
<!-- Generated by org.testng.reporters.JUnitReportReporter -->
<testsuite hostname="PankajVijh" failures="0" tests="1" name="com.qa.testcases.LoginPageTest" time="73.194" errors="0" timestamp="2023-10-05T19:45:16 IST" skipped="0">
  <testcase classname="com.qa.testcases.LoginPageTest" name="industryBuyingTest" time="73.194"/>
</testsuite> <!-- com.qa.testcases.LoginPageTest -->
