<?xml version="1.0" encoding="UTF-8"?>
<!-- Generated by org.testng.reporters.JUnitReportReporter -->
<testsuite hostname="Sonali" name="nic.ehospital.qa.testcases.UserAdministrationTest" tests="2" failures="0" timestamp="17 Oct 2020 07:55:10 GMT" time="6.585" errors="0">
  <testcase name="userAdministrationLinkIsDisplayed" time="2.905" classname="nic.ehospital.qa.testcases.UserAdministrationTest"/>
  <testcase name="userAdministrationLinkIsEnabled" time="3.680" classname="nic.ehospital.qa.testcases.UserAdministrationTest"/>
</testsuite> <!-- nic.ehospital.qa.testcases.UserAdministrationTest -->
