<?xml version="1.0" encoding="UTF-8"?>
<!-- Generated by org.testng.reporters.JUnitReportReporter -->
<testsuite name="nic.ehospital.qa.testcases.AuditTrailTest" tests="3" time="14.543" ignored="788" failures="0" timestamp="08 Jan 2021 11:20:47 GMT" skipped="0" hostname="DESKTOP-AUDKBLK" errors="0">
  <testcase name="auditTrailLinkIsEnabled" time="7.267" classname="nic.ehospital.qa.testcases.AuditTrailTest"/>
  <testcase name="auditTrail_SearchBtnIsEnabled" time="5.219" classname="nic.ehospital.qa.testcases.AuditTrailTest"/>
  <testcase name="auditTrailLinkIsDisplayed" time="2.057" classname="nic.ehospital.qa.testcases.AuditTrailTest"/>
  <testcase name="CaptchaTxtboxEnabledTest" classname="nic.ehospital.qa.testcases.LoginPageTest">
    <skipped/>
  </testcase> <!-- CaptchaTxtboxEnabledTest -->
  <testcase name="LoginBtnEnbldTest" classname="nic.ehospital.qa.testcases.LoginPageTest">
    <skipped/>
  </testcase> <!-- LoginBtnEnbldTest -->
  <testcase name="DropdwnMultiplTest" classname="nic.ehospital.qa.testcases.LoginPageTest">
    <skipped/>
  </testcase> <!-- DropdwnMultiplTest -->
  <testcase name="CaptchaTextboxDisplydTest" classname="nic.ehospital.qa.testcases.LoginPageTest">
    <skipped/>
  </testcase> <!-- CaptchaTextboxDisplydTest -->
  <testcase name="LoginWdoutDataTest" classname="nic.ehospital.qa.testcases.LoginPageTest">
    <skipped/>
  </testcase> <!-- LoginWdoutDataTest -->
  <testcase name="PwdTxtboxDisplydTest" classname="nic.ehospital.qa.testcases.LoginPageTest">
    <skipped/>
  </testcase> <!-- PwdTxtboxDisplydTest -->
  <testcase name="LoginBtnDisplydTest" classname="nic.ehospital.qa.testcases.LoginPageTest">
    <skipped/>
  </testcase> <!-- LoginBtnDisplydTest -->
  <testcase name="WrongPwdTest" classname="nic.ehospital.qa.testcases.LoginPageTest">
    <skipped/>
  </testcase> <!-- WrongPwdTest -->
  <testcase name="InvalidUnTest" classname="nic.ehospital.qa.testcases.LoginPageTest">
    <skipped/>
  </testcase> <!-- InvalidUnTest -->
  <testcase name="SignInBtnEnabledTest" classname="nic.ehospital.qa.testcases.LoginPageTest">
    <skipped/>
  </testcase> <!-- SignInBtnEnabledTest -->
  <testcase name="DropdwnEnabledTest" classname="nic.ehospital.qa.testcases.LoginPageTest">
    <skipped/>
  </testcase> <!-- DropdwnEnabledTest -->
  <testcase name="PwdTxtboxEnabledTest" classname="nic.ehospital.qa.testcases.LoginPageTest">
    <skipped/>
  </testcase> <!-- PwdTxtboxEnabledTest -->
  <testcase name="SignInBtnDisplydTest" classname="nic.ehospital.qa.testcases.LoginPageTest">
    <skipped/>
  </testcase> <!-- SignInBtnDisplydTest -->
  <testcase name="unTxtBoxDisplayTest" classname="nic.ehospital.qa.testcases.LoginPageTest">
    <skipped/>
  </testcase> <!-- unTxtBoxDisplayTest -->
  <testcase name="DropdwnDisplayTest" classname="nic.ehospital.qa.testcases.LoginPageTest">
    <skipped/>
  </testcase> <!-- DropdwnDisplayTest -->
  <testcase name="InvalidUnWithDrpdwntTest" classname="nic.ehospital.qa.testcases.LoginPageTest">
    <skipped/>
  </testcase> <!-- InvalidUnWithDrpdwntTest -->
  <testcase name="SignInWithBlankPwdTest" classname="nic.ehospital.qa.testcases.LoginPageTest">
    <skipped/>
  </testcase> <!-- SignInWithBlankPwdTest -->
  <testcase name="unTxtBoxEnabldTest" classname="nic.ehospital.qa.testcases.LoginPageTest">
    <skipped/>
  </testcase> <!-- unTxtBoxEnabldTest -->
  <testcase name="enterValidRemarksAndChngBillingType" classname="nic.ehospital.qa.testcases.EditIncomeTest">
    <skipped/>
  </testcase> <!-- enterValidRemarksAndChngBillingType -->
  <testcase name="enterUhidTxtboxIsDisplayed" classname="nic.ehospital.qa.testcases.EditIncomeTest">
    <skipped/>
  </testcase> <!-- enterUhidTxtboxIsDisplayed -->
  <testcase name="remarksTxtboxIsEnabled" classname="nic.ehospital.qa.testcases.EditIncomeTest">
    <skipped/>
  </testcase> <!-- remarksTxtboxIsEnabled -->
  <testcase name="verifiedByDrpdwnIsEnabled" classname="nic.ehospital.qa.testcases.EditIncomeTest">
    <skipped/>
  </testcase> <!-- verifiedByDrpdwnIsEnabled -->
  <testcase name="enterUhidToFetchBillingType" classname="nic.ehospital.qa.testcases.EditIncomeTest">
    <skipped/>
  </testcase> <!-- enterUhidToFetchBillingType -->
  <testcase name="updateBtnIsDisplayed" classname="nic.ehospital.qa.testcases.EditIncomeTest">
    <skipped/>
  </testcase> <!-- updateBtnIsDisplayed -->
  <testcase name="searchBtnIsEnabled" classname="nic.ehospital.qa.testcases.EditIncomeTest">
    <skipped/>
  </testcase> <!-- searchBtnIsEnabled -->
  <testcase name="verifiedByDrpdwnIsDisplayed" classname="nic.ehospital.qa.testcases.EditIncomeTest">
    <skipped/>
  </testcase> <!-- verifiedByDrpdwnIsDisplayed -->
  <testcase name="enterUhidTxtboxIsEnabled" classname="nic.ehospital.qa.testcases.EditIncomeTest">
    <skipped/>
  </testcase> <!-- enterUhidTxtboxIsEnabled -->
  <testcase name="enterInvalidRemarksandClickUpdtBtn" classname="nic.ehospital.qa.testcases.EditIncomeTest">
    <skipped/>
  </testcase> <!-- enterInvalidRemarksandClickUpdtBtn -->
  <testcase name="cardNoTxtboxIsEnabled" classname="nic.ehospital.qa.testcases.EditIncomeTest">
    <skipped/>
  </testcase> <!-- cardNoTxtboxIsEnabled -->
  <testcase name="newBillingTypeDrpdwnIsMultiple" classname="nic.ehospital.qa.testcases.EditIncomeTest">
    <skipped/>
  </testcase> <!-- newBillingTypeDrpdwnIsMultiple -->
  <testcase name="cardNoTxtboxIsDisplayed" classname="nic.ehospital.qa.testcases.EditIncomeTest">
    <skipped/>
  </testcase> <!-- cardNoTxtboxIsDisplayed -->
  <testcase name="updateBtnIsEnabled" classname="nic.ehospital.qa.testcases.EditIncomeTest">
    <skipped/>
  </testcase> <!-- updateBtnIsEnabled -->
  <testcase name="selectVerifiedByandCardNo" classname="nic.ehospital.qa.testcases.EditIncomeTest">
    <skipped/>
  </testcase> <!-- selectVerifiedByandCardNo -->
  <testcase name="newBillingTypeDrpdwnIsDisplayed" classname="nic.ehospital.qa.testcases.EditIncomeTest">
    <skipped/>
  </testcase> <!-- newBillingTypeDrpdwnIsDisplayed -->
  <testcase name="remarksTxtboxIsDisplayed" classname="nic.ehospital.qa.testcases.EditIncomeTest">
    <skipped/>
  </testcase> <!-- remarksTxtboxIsDisplayed -->
  <testcase name="searchBtnIsDisplayed" classname="nic.ehospital.qa.testcases.EditIncomeTest">
    <skipped/>
  </testcase> <!-- searchBtnIsDisplayed -->
  <testcase name="newBillingTypeDrpdwnIsEnabled" classname="nic.ehospital.qa.testcases.EditIncomeTest">
    <skipped/>
  </testcase> <!-- newBillingTypeDrpdwnIsEnabled -->
  <testcase name="verifiedByDrpdwnIsMultiple" classname="nic.ehospital.qa.testcases.EditIncomeTest">
    <skipped/>
  </testcase> <!-- verifiedByDrpdwnIsMultiple -->
  <testcase name="manageBilling_ClearBtnIsEnabled" classname="nic.ehospital.qa.testcases.ConfigureRegistrationParametersTest">
    <skipped/>
  </testcase> <!-- manageBilling_ClearBtnIsEnabled -->
  <testcase name="departmentUserMappingLink_SelectMaxEntryDrpdwnIsEnabled" classname="nic.ehospital.qa.testcases.ConfigureRegistrationParametersTest">
    <skipped/>
  </testcase> <!-- departmentUserMappingLink_SelectMaxEntryDrpdwnIsEnabled -->
  <testcase name="regRoomCreation_FloorDropdownIsEnabled" classname="nic.ehospital.qa.testcases.ConfigureRegistrationParametersTest">
    <skipped/>
  </testcase> <!-- regRoomCreation_FloorDropdownIsEnabled -->
  <testcase name="enterValidAppointmentFeeOnlyClickSaveBtn" classname="nic.ehospital.qa.testcases.ConfigureRegistrationParametersTest">
    <skipped/>
  </testcase> <!-- enterValidAppointmentFeeOnlyClickSaveBtn -->
  <testcase name="regRoomCreation_UnitDropdownIsEnabled" classname="nic.ehospital.qa.testcases.ConfigureRegistrationParametersTest">
    <skipped/>
  </testcase> <!-- regRoomCreation_UnitDropdownIsEnabled -->
  <testcase name="regRoomCreation_SelectDoctorChkboxIsDisplayed" classname="nic.ehospital.qa.testcases.ConfigureRegistrationParametersTest">
    <skipped/>
  </testcase> <!-- regRoomCreation_SelectDoctorChkboxIsDisplayed -->
  <testcase name="departmentUserMappingLinkIsDisplayed" classname="nic.ehospital.qa.testcases.ConfigureRegistrationParametersTest">
    <skipped/>
  </testcase> <!-- departmentUserMappingLinkIsDisplayed -->
  <testcase name="addUserCounterMappingBtnIsEnabled" classname="nic.ehospital.qa.testcases.ConfigureRegistrationParametersTest">
    <skipped/>
  </testcase> <!-- addUserCounterMappingBtnIsEnabled -->
  <testcase name="manageDeptClinicFeeIntrvl_FollowupFeeTxboxIsDisplyed" classname="nic.ehospital.qa.testcases.ConfigureRegistrationParametersTest">
    <skipped/>
  </testcase> <!-- manageDeptClinicFeeIntrvl_FollowupFeeTxboxIsDisplyed -->
  <testcase name="enterInvalidFollowupFeeClickSaveBtn" classname="nic.ehospital.qa.testcases.ConfigureRegistrationParametersTest">
    <skipped/>
  </testcase> <!-- enterInvalidFollowupFeeClickSaveBtn -->
  <testcase name="manageDeptClinicFeeIntrvl_ClinicDrpdwnIsDisplyed" classname="nic.ehospital.qa.testcases.ConfigureRegistrationParametersTest">
    <skipped/>
  </testcase> <!-- manageDeptClinicFeeIntrvl_ClinicDrpdwnIsDisplyed -->
  <testcase name="regRoomCreation_BuildingDropdownIsMultiple" classname="nic.ehospital.qa.testcases.ConfigureRegistrationParametersTest">
    <skipped/>
  </testcase> <!-- regRoomCreation_BuildingDropdownIsMultiple -->
  <testcase name="deptUserMapping_PreviousPageBtnIsEnabled" classname="nic.ehospital.qa.testcases.ConfigureRegistrationParametersTest">
    <skipped/>
  </testcase> <!-- deptUserMapping_PreviousPageBtnIsEnabled -->
  <testcase name="manageDeptClinicFeeIntrvl_EditBtnIsEnabled" classname="nic.ehospital.qa.testcases.ConfigureRegistrationParametersTest">
    <skipped/>
  </testcase> <!-- manageDeptClinicFeeIntrvl_EditBtnIsEnabled -->
  <testcase name="billingDescriptionTxtboxIsDisplayed" classname="nic.ehospital.qa.testcases.ConfigureRegistrationParametersTest">
    <skipped/>
  </testcase> <!-- billingDescriptionTxtboxIsDisplayed -->
  <testcase name="regRoomCreation_BlockDropdownIsEnabled" classname="nic.ehospital.qa.testcases.ConfigureRegistrationParametersTest">
    <skipped/>
  </testcase> <!-- regRoomCreation_BlockDropdownIsEnabled -->
  <testcase name="regRoomCreation_FloorDropdownIsMultiple" classname="nic.ehospital.qa.testcases.ConfigureRegistrationParametersTest">
    <skipped/>
  </testcase> <!-- regRoomCreation_FloorDropdownIsMultiple -->
  <testcase name="edit_EnterInvalidFollowupFeeIntrvlClickSaveBtn" classname="nic.ehospital.qa.testcases.ConfigureRegistrationParametersTest">
    <skipped/>
  </testcase> <!-- edit_EnterInvalidFollowupFeeIntrvlClickSaveBtn -->
  <testcase name="edit_EnterInvalidInPatientFeeOnlyClickUpdateBtn" classname="nic.ehospital.qa.testcases.ConfigureRegistrationParametersTest">
    <skipped/>
  </testcase> <!-- edit_EnterInvalidInPatientFeeOnlyClickUpdateBtn -->
  <testcase name="counterVsDeptMapping_DeptDropdownIsMultiple" classname="nic.ehospital.qa.testcases.ConfigureRegistrationParametersTest">
    <skipped/>
  </testcase> <!-- counterVsDeptMapping_DeptDropdownIsMultiple -->
  <testcase name="enterValidBillingypeOnlyClickSaveBtn" classname="nic.ehospital.qa.testcases.ConfigureRegistrationParametersTest">
    <skipped/>
  </testcase> <!-- enterValidBillingypeOnlyClickSaveBtn -->
  <testcase name="deptUserMapping_SelectDeptDropdownIsEnabled" classname="nic.ehospital.qa.testcases.ConfigureRegistrationParametersTest">
    <skipped/>
  </testcase> <!-- deptUserMapping_SelectDeptDropdownIsEnabled -->
  <testcase name="enterValidFollowupFeeIntrvlClickSaveBtn" classname="nic.ehospital.qa.testcases.ConfigureRegistrationParametersTest">
    <skipped/>
  </testcase> <!-- enterValidFollowupFeeIntrvlClickSaveBtn -->
  <testcase name="departmentUserMappingLink_SelectMaxEntryDrpdwnIsDisplayed" classname="nic.ehospital.qa.testcases.ConfigureRegistrationParametersTest">
    <skipped/>
  </testcase> <!-- departmentUserMappingLink_SelectMaxEntryDrpdwnIsDisplayed -->
  <testcase name="enterValidRevisitFeeOnlyClickSaveBtn" classname="nic.ehospital.qa.testcases.ConfigureRegistrationParametersTest">
    <skipped/>
  </testcase> <!-- enterValidRevisitFeeOnlyClickSaveBtn -->
  <testcase name="regRoomCreation_BuildingDropdownIsDisplayed" classname="nic.ehospital.qa.testcases.ConfigureRegistrationParametersTest">
    <skipped/>
  </testcase> <!-- regRoomCreation_BuildingDropdownIsDisplayed -->
  <testcase name="enterInvalidCasualtyFeeOnlyClickSaveBtn" classname="nic.ehospital.qa.testcases.ConfigureRegistrationParametersTest">
    <skipped/>
  </testcase> <!-- enterInvalidCasualtyFeeOnlyClickSaveBtn -->
  <testcase name="saveCounterBtnIsDisplayed" classname="nic.ehospital.qa.testcases.ConfigureRegistrationParametersTest">
    <skipped/>
  </testcase> <!-- saveCounterBtnIsDisplayed -->
  <testcase name="enterInvalidBillingTypeOnlyClickSaveBtn" classname="nic.ehospital.qa.testcases.ConfigureRegistrationParametersTest">
    <skipped/>
  </testcase> <!-- enterInvalidBillingTypeOnlyClickSaveBtn -->
  <testcase name="saveCounterBtnIsEnabled" classname="nic.ehospital.qa.testcases.ConfigureRegistrationParametersTest">
    <skipped/>
  </testcase> <!-- saveCounterBtnIsEnabled -->
  <testcase name="edit_EnterValidNoOfVisitsAllowdClickSaveBtn" classname="nic.ehospital.qa.testcases.ConfigureRegistrationParametersTest">
    <skipped/>
  </testcase> <!-- edit_EnterValidNoOfVisitsAllowdClickSaveBtn -->
  <testcase name="manageDeptClinicFeeIntrvl_SaveBtnIsEnabled" classname="nic.ehospital.qa.testcases.ConfigureRegistrationParametersTest">
    <skipped/>
  </testcase> <!-- manageDeptClinicFeeIntrvl_SaveBtnIsEnabled -->
  <testcase name="billingCasualtyFeeTxtboxIsDisplayed" classname="nic.ehospital.qa.testcases.ConfigureRegistrationParametersTest">
    <skipped/>
  </testcase> <!-- billingCasualtyFeeTxtboxIsDisplayed -->
  <testcase name="listOfCountrDeptMappng_SelectCounterClickUpdateBtn" classname="nic.ehospital.qa.testcases.ConfigureRegistrationParametersTest">
    <skipped/>
  </testcase> <!-- listOfCountrDeptMappng_SelectCounterClickUpdateBtn -->
  <testcase name="manageDeptClinicFeeIntrvl_NoOfVisitsAllowdTxboxTxboxIsEnabled" classname="nic.ehospital.qa.testcases.ConfigureRegistrationParametersTest">
    <skipped/>
  </testcase> <!-- manageDeptClinicFeeIntrvl_NoOfVisitsAllowdTxboxTxboxIsEnabled -->
  <testcase name="edit_nterInvalidCasualtyFeeOnlyClickUpdateBtn" classname="nic.ehospital.qa.testcases.ConfigureRegistrationParametersTest">
    <skipped/>
  </testcase> <!-- edit_nterInvalidCasualtyFeeOnlyClickUpdateBtn -->
  <testcase name="enterInvalidAppointmentFeeOnlyClickSaveBtn" classname="nic.ehospital.qa.testcases.ConfigureRegistrationParametersTest">
    <skipped/>
  </testcase> <!-- enterInvalidAppointmentFeeOnlyClickSaveBtn -->
  <testcase name="departmentUserMappingLink_SelectMaxEntryDrpdwnIsMultiple" classname="nic.ehospital.qa.testcases.ConfigureRegistrationParametersTest">
    <skipped/>
  </testcase> <!-- departmentUserMappingLink_SelectMaxEntryDrpdwnIsMultiple -->
  <testcase name="selectSlipTemplateClickSaveBtn" classname="nic.ehospital.qa.testcases.ConfigureRegistrationParametersTest">
    <skipped/>
  </testcase> <!-- selectSlipTemplateClickSaveBtn -->
  <testcase name="manageDeptClinicFeeIntrvl_ClinicTypeDrpdwnIsEnabled" classname="nic.ehospital.qa.testcases.ConfigureRegistrationParametersTest">
    <skipped/>
  </testcase> <!-- manageDeptClinicFeeIntrvl_ClinicTypeDrpdwnIsEnabled -->
  <testcase name="listOfCountrDeptMappng_EditBtnIsEnabled" classname="nic.ehospital.qa.testcases.ConfigureRegistrationParametersTest">
    <skipped/>
  </testcase> <!-- listOfCountrDeptMappng_EditBtnIsEnabled -->
  <testcase name="verifiedByBtnIsEnabled" classname="nic.ehospital.qa.testcases.ConfigureRegistrationParametersTest">
    <skipped/>
  </testcase> <!-- verifiedByBtnIsEnabled -->
  <testcase name="counterVsUserMapping_UserDropdownIsEnabled" classname="nic.ehospital.qa.testcases.ConfigureRegistrationParametersTest">
    <skipped/>
  </testcase> <!-- counterVsUserMapping_UserDropdownIsEnabled -->
  <testcase name="counterTypeDropdownIsEnabled" classname="nic.ehospital.qa.testcases.ConfigureRegistrationParametersTest">
    <skipped/>
  </testcase> <!-- counterTypeDropdownIsEnabled -->
  <testcase name="deptUserMapping_SelectAndRemoveBtnIsEnabled" classname="nic.ehospital.qa.testcases.ConfigureRegistrationParametersTest">
    <skipped/>
  </testcase> <!-- deptUserMapping_SelectAndRemoveBtnIsEnabled -->
  <testcase name="regRoomCreation_RoomDropdownIsMultiple" classname="nic.ehospital.qa.testcases.ConfigureRegistrationParametersTest">
    <skipped/>
  </testcase> <!-- regRoomCreation_RoomDropdownIsMultiple -->
  <testcase name="deptUserMapping_SearchTxtboxIsDisplayed" classname="nic.ehospital.qa.testcases.ConfigureRegistrationParametersTest">
    <skipped/>
  </testcase> <!-- deptUserMapping_SearchTxtboxIsDisplayed -->
  <testcase name="manageDeptClinicFeeIntrvl_ClinicTypeDrpdwnIsDisplyed" classname="nic.ehospital.qa.testcases.ConfigureRegistrationParametersTest">
    <skipped/>
  </testcase> <!-- manageDeptClinicFeeIntrvl_ClinicTypeDrpdwnIsDisplyed -->
  <testcase name="editDeptClinicFeeIntrvl_RemoveFollowupIntrvalFeeVisitsAndSlipTemplate" classname="nic.ehospital.qa.testcases.ConfigureRegistrationParametersTest">
    <skipped/>
  </testcase> <!-- editDeptClinicFeeIntrvl_RemoveFollowupIntrvalFeeVisitsAndSlipTemplate -->
  <testcase name="tuesdayChkboxIsDisplayed" classname="nic.ehospital.qa.testcases.ConfigureRegistrationParametersTest">
    <skipped/>
  </testcase> <!-- tuesdayChkboxIsDisplayed -->
  <testcase name="counterVsDeptMapping_CounterDropdownIsMultiple" classname="nic.ehospital.qa.testcases.ConfigureRegistrationParametersTest">
    <skipped/>
  </testcase> <!-- counterVsDeptMapping_CounterDropdownIsMultiple -->
  <testcase name="enterInvalidFollowupFeeIntrvlClickSaveBtn" classname="nic.ehospital.qa.testcases.ConfigureRegistrationParametersTest">
    <skipped/>
  </testcase> <!-- enterInvalidFollowupFeeIntrvlClickSaveBtn -->
  <testcase name="manageDeptClinicFeeIntrvl_SelectDeptOnly" classname="nic.ehospital.qa.testcases.ConfigureRegistrationParametersTest">
    <skipped/>
  </testcase> <!-- manageDeptClinicFeeIntrvl_SelectDeptOnly -->
  <testcase name="deptUserMapping_PreviousPageBtnIsDisplayed" classname="nic.ehospital.qa.testcases.ConfigureRegistrationParametersTest">
    <skipped/>
  </testcase> <!-- deptUserMapping_PreviousPageBtnIsDisplayed -->
  <testcase name="manageBillingTypeLinkIsDisplayed" classname="nic.ehospital.qa.testcases.ConfigureRegistrationParametersTest">
    <skipped/>
  </testcase> <!-- manageBillingTypeLinkIsDisplayed -->
  <testcase name="edit_EnterValidBillingTypeOnlyClickUpdateBtn" classname="nic.ehospital.qa.testcases.ConfigureRegistrationParametersTest">
    <skipped/>
  </testcase> <!-- edit_EnterValidBillingTypeOnlyClickUpdateBtn -->
  <testcase name="edit_EnterInvalidNoOfVisitsAllowdClickSaveBtn" classname="nic.ehospital.qa.testcases.ConfigureRegistrationParametersTest">
    <skipped/>
  </testcase> <!-- edit_EnterInvalidNoOfVisitsAllowdClickSaveBtn -->
  <testcase name="deptUserMapping_RemoveChkboxIsDisplayed" classname="nic.ehospital.qa.testcases.ConfigureRegistrationParametersTest">
    <skipped/>
  </testcase> <!-- deptUserMapping_RemoveChkboxIsDisplayed -->
  <testcase name="billingTypeTxtboxIsDisplayed" classname="nic.ehospital.qa.testcases.ConfigureRegistrationParametersTest">
    <skipped/>
  </testcase> <!-- billingTypeTxtboxIsDisplayed -->
  <testcase name="regRoomCreation_UnallocateRoomBtnIsDisplayed" classname="nic.ehospital.qa.testcases.ConfigureRegistrationParametersTest">
    <skipped/>
  </testcase> <!-- regRoomCreation_UnallocateRoomBtnIsDisplayed -->
  <testcase name="edit_EnterValidCasualtyFeeOnlyClickUpdateBtn" classname="nic.ehospital.qa.testcases.ConfigureRegistrationParametersTest">
    <skipped/>
  </testcase> <!-- edit_EnterValidCasualtyFeeOnlyClickUpdateBtn -->
  <testcase name="regRoomCreation_FilterByClinictDropdownIsEnabled" classname="nic.ehospital.qa.testcases.ConfigureRegistrationParametersTest">
    <skipped/>
  </testcase> <!-- regRoomCreation_FilterByClinictDropdownIsEnabled -->
  <testcase name="manageDeptClinicFeeIntrvl_ClinicDrpdwnIsMultiple" classname="nic.ehospital.qa.testcases.ConfigureRegistrationParametersTest">
    <skipped/>
  </testcase> <!-- manageDeptClinicFeeIntrvl_ClinicDrpdwnIsMultiple -->
  <testcase name="enterInvalidCounterDescrptonClickSaveBtn" classname="nic.ehospital.qa.testcases.ConfigureRegistrationParametersTest">
    <skipped/>
  </testcase> <!-- enterInvalidCounterDescrptonClickSaveBtn -->
  <testcase name="manageDeptClinicFeeIntrvl_FollowupFeeTxboxIsEnabled" classname="nic.ehospital.qa.testcases.ConfigureRegistrationParametersTest">
    <skipped/>
  </testcase> <!-- manageDeptClinicFeeIntrvl_FollowupFeeTxboxIsEnabled -->
  <testcase name="manageDeptClinicFeeIntrvl_SearchTextboxIsEnabled" classname="nic.ehospital.qa.testcases.ConfigureRegistrationParametersTest">
    <skipped/>
  </testcase> <!-- manageDeptClinicFeeIntrvl_SearchTextboxIsEnabled -->
  <testcase name="counterVsDeptMapping_DeptDropdownIsDisplayed" classname="nic.ehospital.qa.testcases.ConfigureRegistrationParametersTest">
    <skipped/>
  </testcase> <!-- counterVsDeptMapping_DeptDropdownIsDisplayed -->
  <testcase name="edit_EnterValidFollowupFeeIntrvlClickSaveBtn" classname="nic.ehospital.qa.testcases.ConfigureRegistrationParametersTest">
    <skipped/>
  </testcase> <!-- edit_EnterValidFollowupFeeIntrvlClickSaveBtn -->
  <testcase name="regRoomCreation_FilterByClinicDropdownIsMultiple" classname="nic.ehospital.qa.testcases.ConfigureRegistrationParametersTest">
    <skipped/>
  </testcase> <!-- regRoomCreation_FilterByClinicDropdownIsMultiple -->
  <testcase name="deptUserMapping_NextPageBtnIsEnabled" classname="nic.ehospital.qa.testcases.ConfigureRegistrationParametersTest">
    <skipped/>
  </testcase> <!-- deptUserMapping_NextPageBtnIsEnabled -->
  <testcase name="RegRoomCreation_DepartmentDropdownIsEnabled" classname="nic.ehospital.qa.testcases.ConfigureRegistrationParametersTest">
    <skipped/>
  </testcase> <!-- RegRoomCreation_DepartmentDropdownIsEnabled -->
  <testcase name="counterNameTxtboxIsDisplayed" classname="nic.ehospital.qa.testcases.ConfigureRegistrationParametersTest">
    <skipped/>
  </testcase> <!-- counterNameTxtboxIsDisplayed -->
  <testcase name="enterInvalidRegFeeOnlyClickSaveBtn" classname="nic.ehospital.qa.testcases.ConfigureRegistrationParametersTest">
    <skipped/>
  </testcase> <!-- enterInvalidRegFeeOnlyClickSaveBtn -->
  <testcase name="enterInvalidCounterNameClickSaveBtn" classname="nic.ehospital.qa.testcases.ConfigureRegistrationParametersTest">
    <skipped/>
  </testcase> <!-- enterInvalidCounterNameClickSaveBtn -->
  <testcase name="billingTypeTxtboxIsEnabled" classname="nic.ehospital.qa.testcases.ConfigureRegistrationParametersTest">
    <skipped/>
  </testcase> <!-- billingTypeTxtboxIsEnabled -->
  <testcase name="edit_EnterValidFollowupFeeClickSaveBtn" classname="nic.ehospital.qa.testcases.ConfigureRegistrationParametersTest">
    <skipped/>
  </testcase> <!-- edit_EnterValidFollowupFeeClickSaveBtn -->
  <testcase name="deptUserMapping_AddMappingBtnIsEnabled" classname="nic.ehospital.qa.testcases.ConfigureRegistrationParametersTest">
    <skipped/>
  </testcase> <!-- deptUserMapping_AddMappingBtnIsEnabled -->
  <testcase name="regRoomCreation_FilterByClinicDropdownIsDisplayed" classname="nic.ehospital.qa.testcases.ConfigureRegistrationParametersTest">
    <skipped/>
  </testcase> <!-- regRoomCreation_FilterByClinicDropdownIsDisplayed -->
  <testcase name="counterTypeDropdownIsDisplayed" classname="nic.ehospital.qa.testcases.ConfigureRegistrationParametersTest">
    <skipped/>
  </testcase> <!-- counterTypeDropdownIsDisplayed -->
  <testcase name="regRoomCreation_UnitDropdownIsMultiple" classname="nic.ehospital.qa.testcases.ConfigureRegistrationParametersTest">
    <skipped/>
  </testcase> <!-- regRoomCreation_UnitDropdownIsMultiple -->
  <testcase name="billingAppointmentFeeTxtboxIsDisplayed" classname="nic.ehospital.qa.testcases.ConfigureRegistrationParametersTest">
    <skipped/>
  </testcase> <!-- billingAppointmentFeeTxtboxIsDisplayed -->
  <testcase name="deptUserMapping_NextPageBtnIsDisplayed" classname="nic.ehospital.qa.testcases.ConfigureRegistrationParametersTest">
    <skipped/>
  </testcase> <!-- deptUserMapping_NextPageBtnIsDisplayed -->
  <testcase name="regRoomCreation_BuildingDropdownIsEnabled" classname="nic.ehospital.qa.testcases.ConfigureRegistrationParametersTest">
    <skipped/>
  </testcase> <!-- regRoomCreation_BuildingDropdownIsEnabled -->
  <testcase name="regRoomCreation_FloorDropdownIsDisplayed" classname="nic.ehospital.qa.testcases.ConfigureRegistrationParametersTest">
    <skipped/>
  </testcase> <!-- regRoomCreation_FloorDropdownIsDisplayed -->
  <testcase name="addUserCounterMappingBtnIsDisplayed" classname="nic.ehospital.qa.testcases.ConfigureRegistrationParametersTest">
    <skipped/>
  </testcase> <!-- addUserCounterMappingBtnIsDisplayed -->
  <testcase name="billingRegFeeTxtboxIsDisplayed" classname="nic.ehospital.qa.testcases.ConfigureRegistrationParametersTest">
    <skipped/>
  </testcase> <!-- billingRegFeeTxtboxIsDisplayed -->
  <testcase name="selectClinicDeptUnitBuildngThenClickSaveBtn" classname="nic.ehospital.qa.testcases.ConfigureRegistrationParametersTest">
    <skipped/>
  </testcase> <!-- selectClinicDeptUnitBuildngThenClickSaveBtn -->
  <testcase name="deptUserMapping_SelectDeptDropdownIsMultiple" classname="nic.ehospital.qa.testcases.ConfigureRegistrationParametersTest">
    <skipped/>
  </testcase> <!-- deptUserMapping_SelectDeptDropdownIsMultiple -->
  <testcase name="deptUserMapping_SelectUserDropdownIsMultiple" classname="nic.ehospital.qa.testcases.ConfigureRegistrationParametersTest">
    <skipped/>
  </testcase> <!-- deptUserMapping_SelectUserDropdownIsMultiple -->
  <testcase name="RegRoomCreation_ClinicDropdownIsMultiple" classname="nic.ehospital.qa.testcases.ConfigureRegistrationParametersTest">
    <skipped/>
  </testcase> <!-- RegRoomCreation_ClinicDropdownIsMultiple -->
  <testcase name="deptUserMapping_ClicksOnUserDropdwnContainer" classname="nic.ehospital.qa.testcases.ConfigureRegistrationParametersTest">
    <skipped/>
  </testcase> <!-- deptUserMapping_ClicksOnUserDropdwnContainer -->
  <testcase name="regRoomCreation_FilterByDeptDropdownIsEnabled" classname="nic.ehospital.qa.testcases.ConfigureRegistrationParametersTest">
    <skipped/>
  </testcase> <!-- regRoomCreation_FilterByDeptDropdownIsEnabled -->
  <testcase name="counterVsUserMapping_CounterDropdownIsDisplayed" classname="nic.ehospital.qa.testcases.ConfigureRegistrationParametersTest">
    <skipped/>
  </testcase> <!-- counterVsUserMapping_CounterDropdownIsDisplayed -->
  <testcase name="regRoomCreation_BlockDropdownIsMultiple" classname="nic.ehospital.qa.testcases.ConfigureRegistrationParametersTest">
    <skipped/>
  </testcase> <!-- regRoomCreation_BlockDropdownIsMultiple -->
  <testcase name="enterValidBillingDescrptonOnlyClickSaveBtn" classname="nic.ehospital.qa.testcases.ConfigureRegistrationParametersTest">
    <skipped/>
  </testcase> <!-- enterValidBillingDescrptonOnlyClickSaveBtn -->
  <testcase name="enterInvalidBillingDescrptonOnlyClickSaveBtn" classname="nic.ehospital.qa.testcases.ConfigureRegistrationParametersTest">
    <skipped/>
  </testcase> <!-- enterInvalidBillingDescrptonOnlyClickSaveBtn -->
  <testcase name="regRoomCreation_BlockDropdownIsDisplayed" classname="nic.ehospital.qa.testcases.ConfigureRegistrationParametersTest">
    <skipped/>
  </testcase> <!-- regRoomCreation_BlockDropdownIsDisplayed -->
  <testcase name="selectClinicDeptUnitBuildngBlockThenClickSaveBtn" classname="nic.ehospital.qa.testcases.ConfigureRegistrationParametersTest">
    <skipped/>
  </testcase> <!-- selectClinicDeptUnitBuildngBlockThenClickSaveBtn -->
  <testcase name="RegRoomCreation_ClinicDropdownIsEnabled" classname="nic.ehospital.qa.testcases.ConfigureRegistrationParametersTest">
    <skipped/>
  </testcase> <!-- RegRoomCreation_ClinicDropdownIsEnabled -->
  <testcase name="deptUserMapping_SelectDeptOnlyAndClickSaveBtn" classname="nic.ehospital.qa.testcases.ConfigureRegistrationParametersTest">
    <skipped/>
  </testcase> <!-- deptUserMapping_SelectDeptOnlyAndClickSaveBtn -->
  <testcase name="enterValidCounterDescrptonClickSaveBtn" classname="nic.ehospital.qa.testcases.ConfigureRegistrationParametersTest">
    <skipped/>
  </testcase> <!-- enterValidCounterDescrptonClickSaveBtn -->
  <testcase name="edit_EnterInvalidFollowupFeeClickSaveBtn" classname="nic.ehospital.qa.testcases.ConfigureRegistrationParametersTest">
    <skipped/>
  </testcase> <!-- edit_EnterInvalidFollowupFeeClickSaveBtn -->
  <testcase name="verifiedByBtnIsDisplayed" classname="nic.ehospital.qa.testcases.ConfigureRegistrationParametersTest">
    <skipped/>
  </testcase> <!-- verifiedByBtnIsDisplayed -->
  <testcase name="deptUserMapping_AddMappingBtnIsDisplayed" classname="nic.ehospital.qa.testcases.ConfigureRegistrationParametersTest">
    <skipped/>
  </testcase> <!-- deptUserMapping_AddMappingBtnIsDisplayed -->
  <testcase name="manageDeptClinicFeeIntrvl_SlipTemplateDrpdwnIsMultiple" classname="nic.ehospital.qa.testcases.ConfigureRegistrationParametersTest">
    <skipped/>
  </testcase> <!-- manageDeptClinicFeeIntrvl_SlipTemplateDrpdwnIsMultiple -->
  <testcase name="edit_EnterValidRevisitFeeOnlyClickUpdateBtn" classname="nic.ehospital.qa.testcases.ConfigureRegistrationParametersTest">
    <skipped/>
  </testcase> <!-- edit_EnterValidRevisitFeeOnlyClickUpdateBtn -->
  <testcase name="counterDesciptionTxtboxIsDisplayed" classname="nic.ehospital.qa.testcases.ConfigureRegistrationParametersTest">
    <skipped/>
  </testcase> <!-- counterDesciptionTxtboxIsDisplayed -->
  <testcase name="manageDeptClinicFeeIntrvl_FollowupFeeIntrvalDrpdwnIsEnabled" classname="nic.ehospital.qa.testcases.ConfigureRegistrationParametersTest">
    <skipped/>
  </testcase> <!-- manageDeptClinicFeeIntrvl_FollowupFeeIntrvalDrpdwnIsEnabled -->
  <testcase name="deptUserMapping_RemoveChkboxIsEnabled" classname="nic.ehospital.qa.testcases.ConfigureRegistrationParametersTest">
    <skipped/>
  </testcase> <!-- deptUserMapping_RemoveChkboxIsEnabled -->
  <testcase name="billingRegFeeTxtboxIsEnabled" classname="nic.ehospital.qa.testcases.ConfigureRegistrationParametersTest">
    <skipped/>
  </testcase> <!-- billingRegFeeTxtboxIsEnabled -->
  <testcase name="enterInvalidNoOfVisitsAllowdClickSaveBtn" classname="nic.ehospital.qa.testcases.ConfigureRegistrationParametersTest">
    <skipped/>
  </testcase> <!-- enterInvalidNoOfVisitsAllowdClickSaveBtn -->
  <testcase name="manageDeptClinicFeeIntrvl_ClinicDrpdwnIsEnabled" classname="nic.ehospital.qa.testcases.ConfigureRegistrationParametersTest">
    <skipped/>
  </testcase> <!-- manageDeptClinicFeeIntrvl_ClinicDrpdwnIsEnabled -->
  <testcase name="manageDeptClinicFeeIntrvl_SlipTemplateDrpdwnIsEnabled" classname="nic.ehospital.qa.testcases.ConfigureRegistrationParametersTest">
    <skipped/>
  </testcase> <!-- manageDeptClinicFeeIntrvl_SlipTemplateDrpdwnIsEnabled -->
  <testcase name="manageDeptClinicFeeIntrvlLinkIsDisplayed" classname="nic.ehospital.qa.testcases.ConfigureRegistrationParametersTest">
    <skipped/>
  </testcase> <!-- manageDeptClinicFeeIntrvlLinkIsDisplayed -->
  <testcase name="billingRevisitFeeTxtboxIsEnabled" classname="nic.ehospital.qa.testcases.ConfigureRegistrationParametersTest">
    <skipped/>
  </testcase> <!-- billingRevisitFeeTxtboxIsEnabled -->
  <testcase name="billingInPatientFeeTxtboxIsDisplayed" classname="nic.ehospital.qa.testcases.ConfigureRegistrationParametersTest">
    <skipped/>
  </testcase> <!-- billingInPatientFeeTxtboxIsDisplayed -->
  <testcase name="counterVsUserMapping_CounterDropdownIsEnabled" classname="nic.ehospital.qa.testcases.ConfigureRegistrationParametersTest">
    <skipped/>
  </testcase> <!-- counterVsUserMapping_CounterDropdownIsEnabled -->
  <testcase name="manageBillingType_EditBtnIsEnabled" classname="nic.ehospital.qa.testcases.ConfigureRegistrationParametersTest">
    <skipped/>
  </testcase> <!-- manageBillingType_EditBtnIsEnabled -->
  <testcase name="counterTypeDropdownIsMultiple" classname="nic.ehospital.qa.testcases.ConfigureRegistrationParametersTest">
    <skipped/>
  </testcase> <!-- counterTypeDropdownIsMultiple -->
  <testcase name="manageDeptClinicFeeIntrvl_SelectDeptClinicClinicTypeOnly" classname="nic.ehospital.qa.testcases.ConfigureRegistrationParametersTest">
    <skipped/>
  </testcase> <!-- manageDeptClinicFeeIntrvl_SelectDeptClinicClinicTypeOnly -->
  <testcase name="regRoomCreation_UnallocateRoomBtnIsEnabled" classname="nic.ehospital.qa.testcases.ConfigureRegistrationParametersTest">
    <skipped/>
  </testcase> <!-- regRoomCreation_UnallocateRoomBtnIsEnabled -->
  <testcase name="edit_EnterValidRegFeeOnlyClickUpdateBtn" classname="nic.ehospital.qa.testcases.ConfigureRegistrationParametersTest">
    <skipped/>
  </testcase> <!-- edit_EnterValidRegFeeOnlyClickUpdateBtn -->
  <testcase name="enterValidDataInSearchTxtoxToSearch" classname="nic.ehospital.qa.testcases.ConfigureRegistrationParametersTest">
    <skipped/>
  </testcase> <!-- enterValidDataInSearchTxtoxToSearch -->
  <testcase name="listOfCountrDeptMappng_ClickUpdateBtnWithoutValues" classname="nic.ehospital.qa.testcases.ConfigureRegistrationParametersTest">
    <skipped/>
  </testcase> <!-- listOfCountrDeptMappng_ClickUpdateBtnWithoutValues -->
  <testcase name="selectClinicOnlyClickSaveBtn" classname="nic.ehospital.qa.testcases.ConfigureRegistrationParametersTest">
    <skipped/>
  </testcase> <!-- selectClinicOnlyClickSaveBtn -->
  <testcase name="enterValidInPatientFeeOnlyClickSaveBtn" classname="nic.ehospital.qa.testcases.ConfigureRegistrationParametersTest">
    <skipped/>
  </testcase> <!-- enterValidInPatientFeeOnlyClickSaveBtn -->
  <testcase name="selectUserOnlyClickSaveBtn" classname="nic.ehospital.qa.testcases.ConfigureRegistrationParametersTest">
    <skipped/>
  </testcase> <!-- selectUserOnlyClickSaveBtn -->
  <testcase name="manageDeptClinicFeeIntrvl_DeptDrpdwnIsDisplyed" classname="nic.ehospital.qa.testcases.ConfigureRegistrationParametersTest">
    <skipped/>
  </testcase> <!-- manageDeptClinicFeeIntrvl_DeptDrpdwnIsDisplyed -->
  <testcase name="enterInvalidRevisitFeeOnlyClickSaveBtn" classname="nic.ehospital.qa.testcases.ConfigureRegistrationParametersTest">
    <skipped/>
  </testcase> <!-- enterInvalidRevisitFeeOnlyClickSaveBtn -->
  <testcase name="selectClinicDeptThenClickSaveBtn" classname="nic.ehospital.qa.testcases.ConfigureRegistrationParametersTest">
    <skipped/>
  </testcase> <!-- selectClinicDeptThenClickSaveBtn -->
  <testcase name="billingDescriptionTxtboxIsEnabled" classname="nic.ehospital.qa.testcases.ConfigureRegistrationParametersTest">
    <skipped/>
  </testcase> <!-- billingDescriptionTxtboxIsEnabled -->
  <testcase name="regRoomCreation_UnitDropdownIsDisplayed" classname="nic.ehospital.qa.testcases.ConfigureRegistrationParametersTest">
    <skipped/>
  </testcase> <!-- regRoomCreation_UnitDropdownIsDisplayed -->
  <testcase name="counterDesciptionTxtboxIsEnabled" classname="nic.ehospital.qa.testcases.ConfigureRegistrationParametersTest">
    <skipped/>
  </testcase> <!-- counterDesciptionTxtboxIsEnabled -->
  <testcase name="enterValidNoOfVisitsAllowdClickSaveBtn" classname="nic.ehospital.qa.testcases.ConfigureRegistrationParametersTest">
    <skipped/>
  </testcase> <!-- enterValidNoOfVisitsAllowdClickSaveBtn -->
  <testcase name="edit_EnterInvalidRegFeeOnlyClickUpdateBtn" classname="nic.ehospital.qa.testcases.ConfigureRegistrationParametersTest">
    <skipped/>
  </testcase> <!-- edit_EnterInvalidRegFeeOnlyClickUpdateBtn -->
  <testcase name="counterVsUserMapping_UserDropdownIsDisplayed" classname="nic.ehospital.qa.testcases.ConfigureRegistrationParametersTest">
    <skipped/>
  </testcase> <!-- counterVsUserMapping_UserDropdownIsDisplayed -->
  <testcase name="enterValidCasualtyFeeOnlyClickSaveBtn" classname="nic.ehospital.qa.testcases.ConfigureRegistrationParametersTest">
    <skipped/>
  </testcase> <!-- enterValidCasualtyFeeOnlyClickSaveBtn -->
  <testcase name="regRoomCreation_SaveBtnIsDisplayed" classname="nic.ehospital.qa.testcases.ConfigureRegistrationParametersTest">
    <skipped/>
  </testcase> <!-- regRoomCreation_SaveBtnIsDisplayed -->
  <testcase name="manageDeptClinicFeeIntrvl_SaveBtnIsDisplayed" classname="nic.ehospital.qa.testcases.ConfigureRegistrationParametersTest">
    <skipped/>
  </testcase> <!-- manageDeptClinicFeeIntrvl_SaveBtnIsDisplayed -->
  <testcase name="manageDeptClinicFeeIntrvl_FollowupFeeIntrvalDrpdwnIsDisplyed" classname="nic.ehospital.qa.testcases.ConfigureRegistrationParametersTest">
    <skipped/>
  </testcase> <!-- manageDeptClinicFeeIntrvl_FollowupFeeIntrvalDrpdwnIsDisplyed -->
  <testcase name="deptUserMapping_SelectUserOnlyAndClickSaveBtn" classname="nic.ehospital.qa.testcases.ConfigureRegistrationParametersTest">
    <skipped/>
  </testcase> <!-- deptUserMapping_SelectUserOnlyAndClickSaveBtn -->
  <testcase name="enterValidFollowupFeeClickSaveBtn" classname="nic.ehospital.qa.testcases.ConfigureRegistrationParametersTest">
    <skipped/>
  </testcase> <!-- enterValidFollowupFeeClickSaveBtn -->
  <testcase name="regRoomCreation_RoomDropdownIsEnabled" classname="nic.ehospital.qa.testcases.ConfigureRegistrationParametersTest">
    <skipped/>
  </testcase> <!-- regRoomCreation_RoomDropdownIsEnabled -->
  <testcase name="manageDeptClinicFeeIntrvl_SearchTextboxIsDisplayed" classname="nic.ehospital.qa.testcases.ConfigureRegistrationParametersTest">
    <skipped/>
  </testcase> <!-- manageDeptClinicFeeIntrvl_SearchTextboxIsDisplayed -->
  <testcase name="manageDeptClinicFeeIntrvl_SlipTemplateDrpdwnIsDisplyed" classname="nic.ehospital.qa.testcases.ConfigureRegistrationParametersTest">
    <skipped/>
  </testcase> <!-- manageDeptClinicFeeIntrvl_SlipTemplateDrpdwnIsDisplyed -->
  <testcase name="manageBilling_SaveBtnIsDisplayed" classname="nic.ehospital.qa.testcases.ConfigureRegistrationParametersTest">
    <skipped/>
  </testcase> <!-- manageBilling_SaveBtnIsDisplayed -->
  <testcase name="counterNameTxtboxIsEnabled" classname="nic.ehospital.qa.testcases.ConfigureRegistrationParametersTest">
    <skipped/>
  </testcase> <!-- counterNameTxtboxIsEnabled -->
  <testcase name="listOfCountrDeptMappng_SelectCounterOnlyClickUpdateBtn" classname="nic.ehospital.qa.testcases.ConfigureRegistrationParametersTest">
    <skipped/>
  </testcase> <!-- listOfCountrDeptMappng_SelectCounterOnlyClickUpdateBtn -->
  <testcase name="enterValidCounterNameClickSaveBtn" classname="nic.ehospital.qa.testcases.ConfigureRegistrationParametersTest">
    <skipped/>
  </testcase> <!-- enterValidCounterNameClickSaveBtn -->
  <testcase name="edit_EnterValidAppointmentFeeOnlyClickUpdateBtn" classname="nic.ehospital.qa.testcases.ConfigureRegistrationParametersTest">
    <skipped/>
  </testcase> <!-- edit_EnterValidAppointmentFeeOnlyClickUpdateBtn -->
  <testcase name="listOfCountrDeptMappng_SelectDeptOnlyClickUpdateBtn" classname="nic.ehospital.qa.testcases.ConfigureRegistrationParametersTest">
    <skipped/>
  </testcase> <!-- listOfCountrDeptMappng_SelectDeptOnlyClickUpdateBtn -->
  <testcase name="manageCounterLinkIsDisplayed" classname="nic.ehospital.qa.testcases.ConfigureRegistrationParametersTest">
    <skipped/>
  </testcase> <!-- manageCounterLinkIsDisplayed -->
  <testcase name="deptUserMapping_SelectDeptDropdwnContainerIsClickable" classname="nic.ehospital.qa.testcases.ConfigureRegistrationParametersTest">
    <skipped/>
  </testcase> <!-- deptUserMapping_SelectDeptDropdwnContainerIsClickable -->
  <testcase name="edit_EnterInvalidAppointmentFeeOnlyClickUpdateBtn" classname="nic.ehospital.qa.testcases.ConfigureRegistrationParametersTest">
    <skipped/>
  </testcase> <!-- edit_EnterInvalidAppointmentFeeOnlyClickUpdateBtn -->
  <testcase name="counterVsUserMapping_UserDropdownIsMultiple" classname="nic.ehospital.qa.testcases.ConfigureRegistrationParametersTest">
    <skipped/>
  </testcase> <!-- counterVsUserMapping_UserDropdownIsMultiple -->
  <testcase name="edit_SelectSlipTemplateClickSaveBtn" classname="nic.ehospital.qa.testcases.ConfigureRegistrationParametersTest">
    <skipped/>
  </testcase> <!-- edit_SelectSlipTemplateClickSaveBtn -->
  <testcase name="counterVsDeptMapping_SelectDeptOnlyClickSaveBtn" classname="nic.ehospital.qa.testcases.ConfigureRegistrationParametersTest">
    <skipped/>
  </testcase> <!-- counterVsDeptMapping_SelectDeptOnlyClickSaveBtn -->
  <testcase name="billingAppointmentFeeTxtboxIsEnabled" classname="nic.ehospital.qa.testcases.ConfigureRegistrationParametersTest">
    <skipped/>
  </testcase> <!-- billingAppointmentFeeTxtboxIsEnabled -->
  <testcase name="manageDeptClinicFeeIntrvl_SelectDeptClinicOnly" classname="nic.ehospital.qa.testcases.ConfigureRegistrationParametersTest">
    <skipped/>
  </testcase> <!-- manageDeptClinicFeeIntrvl_SelectDeptClinicOnly -->
  <testcase name="mondayChkboxIsDisplayed" classname="nic.ehospital.qa.testcases.ConfigureRegistrationParametersTest">
    <skipped/>
  </testcase> <!-- mondayChkboxIsDisplayed -->
  <testcase name="regRoomCreation_DepartmentDropdownIsDisplayed" classname="nic.ehospital.qa.testcases.ConfigureRegistrationParametersTest">
    <skipped/>
  </testcase> <!-- regRoomCreation_DepartmentDropdownIsDisplayed -->
  <testcase name="selectClinicDeptUnitBuildngBlockRoom" classname="nic.ehospital.qa.testcases.ConfigureRegistrationParametersTest">
    <skipped/>
  </testcase> <!-- selectClinicDeptUnitBuildngBlockRoom -->
  <testcase name="manageBilling_ClearBtnIsDisplayed" classname="nic.ehospital.qa.testcases.ConfigureRegistrationParametersTest">
    <skipped/>
  </testcase> <!-- manageBilling_ClearBtnIsDisplayed -->
  <testcase name="manageDeptClinicFeeIntrvl_NoOfVisitsAllowdTxboxTxboxIsDisplyed" classname="nic.ehospital.qa.testcases.ConfigureRegistrationParametersTest">
    <skipped/>
  </testcase> <!-- manageDeptClinicFeeIntrvl_NoOfVisitsAllowdTxboxTxboxIsDisplyed -->
  <testcase name="manageDeptClinicFeeIntrvl_ClinicTypeDrpdwnIsMultiple" classname="nic.ehospital.qa.testcases.ConfigureRegistrationParametersTest">
    <skipped/>
  </testcase> <!-- manageDeptClinicFeeIntrvl_ClinicTypeDrpdwnIsMultiple -->
  <testcase name="enterValidRegFeeOnlyClickSaveBtn" classname="nic.ehospital.qa.testcases.ConfigureRegistrationParametersTest">
    <skipped/>
  </testcase> <!-- enterValidRegFeeOnlyClickSaveBtn -->
  <testcase name="counterVsDeptMapping_SelectCounterClickSaveBtn" classname="nic.ehospital.qa.testcases.ConfigureRegistrationParametersTest">
    <skipped/>
  </testcase> <!-- counterVsDeptMapping_SelectCounterClickSaveBtn -->
  <testcase name="billingCasualtyFeeTxtboxIsEnabled" classname="nic.ehospital.qa.testcases.ConfigureRegistrationParametersTest">
    <skipped/>
  </testcase> <!-- billingCasualtyFeeTxtboxIsEnabled -->
  <testcase name="counterVsDeptMapping_ClearBtnIsEnabled" classname="nic.ehospital.qa.testcases.ConfigureRegistrationParametersTest">
    <skipped/>
  </testcase> <!-- counterVsDeptMapping_ClearBtnIsEnabled -->
  <testcase name="counterVsDeptMapping_CounterDropdownIsEnabled" classname="nic.ehospital.qa.testcases.ConfigureRegistrationParametersTest">
    <skipped/>
  </testcase> <!-- counterVsDeptMapping_CounterDropdownIsEnabled -->
  <testcase name="manageDeptClinicFeeIntrvl_DeptDrpdwnIsMultiple" classname="nic.ehospital.qa.testcases.ConfigureRegistrationParametersTest">
    <skipped/>
  </testcase> <!-- manageDeptClinicFeeIntrvl_DeptDrpdwnIsMultiple -->
  <testcase name="regRoomCreation_FilterByDeptDropdownIsDisplayed" classname="nic.ehospital.qa.testcases.ConfigureRegistrationParametersTest">
    <skipped/>
  </testcase> <!-- regRoomCreation_FilterByDeptDropdownIsDisplayed -->
  <testcase name="counterVsDeptMapping_CounterDropdownIsDisplayed" classname="nic.ehospital.qa.testcases.ConfigureRegistrationParametersTest">
    <skipped/>
  </testcase> <!-- counterVsDeptMapping_CounterDropdownIsDisplayed -->
  <testcase name="counterVsDeptMapping_DeptDropdownIsEnabled" classname="nic.ehospital.qa.testcases.ConfigureRegistrationParametersTest">
    <skipped/>
  </testcase> <!-- counterVsDeptMapping_DeptDropdownIsEnabled -->
  <testcase name="billingRevisitFeeTxtboxIsDisplayed" classname="nic.ehospital.qa.testcases.ConfigureRegistrationParametersTest">
    <skipped/>
  </testcase> <!-- billingRevisitFeeTxtboxIsDisplayed -->
  <testcase name="enterInvalidDataInSearchTxtoxToSearch" classname="nic.ehospital.qa.testcases.ConfigureRegistrationParametersTest">
    <skipped/>
  </testcase> <!-- enterInvalidDataInSearchTxtoxToSearch -->
  <testcase name="manageDeptClinicFeeIntrvl_DeptDrpdwnIsEnabled" classname="nic.ehospital.qa.testcases.ConfigureRegistrationParametersTest">
    <skipped/>
  </testcase> <!-- manageDeptClinicFeeIntrvl_DeptDrpdwnIsEnabled -->
  <testcase name="deptUserMapping_SelectAndRemoveBtnIsDisplayed" classname="nic.ehospital.qa.testcases.ConfigureRegistrationParametersTest">
    <skipped/>
  </testcase> <!-- deptUserMapping_SelectAndRemoveBtnIsDisplayed -->
  <testcase name="selectClinicDeptUnitThenClickSaveBtn" classname="nic.ehospital.qa.testcases.ConfigureRegistrationParametersTest">
    <skipped/>
  </testcase> <!-- selectClinicDeptUnitThenClickSaveBtn -->
  <testcase name="manageBilling_SaveBtnIsEnabled" classname="nic.ehospital.qa.testcases.ConfigureRegistrationParametersTest">
    <skipped/>
  </testcase> <!-- manageBilling_SaveBtnIsEnabled -->
  <testcase name="edit_EnterValidInPatientFeeOnlyClickUpdateBtn" classname="nic.ehospital.qa.testcases.ConfigureRegistrationParametersTest">
    <skipped/>
  </testcase> <!-- edit_EnterValidInPatientFeeOnlyClickUpdateBtn -->
  <testcase name="deptUserMapping_SelectUserDropdownIsEnabled" classname="nic.ehospital.qa.testcases.ConfigureRegistrationParametersTest">
    <skipped/>
  </testcase> <!-- deptUserMapping_SelectUserDropdownIsEnabled -->
  <testcase name="manageDeptClinicFeeIntrvl_EditBtnIsDisplayed" classname="nic.ehospital.qa.testcases.ConfigureRegistrationParametersTest">
    <skipped/>
  </testcase> <!-- manageDeptClinicFeeIntrvl_EditBtnIsDisplayed -->
  <testcase name="regRoomCreation_SaveBtnIsEnabled" classname="nic.ehospital.qa.testcases.ConfigureRegistrationParametersTest">
    <skipped/>
  </testcase> <!-- regRoomCreation_SaveBtnIsEnabled -->
  <testcase name="deptUserMapping_SearchTxtboxIsEnabled" classname="nic.ehospital.qa.testcases.ConfigureRegistrationParametersTest">
    <skipped/>
  </testcase> <!-- deptUserMapping_SearchTxtboxIsEnabled -->
  <testcase name="regRoomCreation_RoomDropdownIsDisplayed" classname="nic.ehospital.qa.testcases.ConfigureRegistrationParametersTest">
    <skipped/>
  </testcase> <!-- regRoomCreation_RoomDropdownIsDisplayed -->
  <testcase name="regRoomCreation_RemoveEntryCheckboxIsDisplayed" classname="nic.ehospital.qa.testcases.ConfigureRegistrationParametersTest">
    <skipped/>
  </testcase> <!-- regRoomCreation_RemoveEntryCheckboxIsDisplayed -->
  <testcase name="regRoomCreation_ClinicDropdownIsDisplayed" classname="nic.ehospital.qa.testcases.ConfigureRegistrationParametersTest">
    <skipped/>
  </testcase> <!-- regRoomCreation_ClinicDropdownIsDisplayed -->
  <testcase name="counterVsUserMapping_CounterDropdownIsMultiple" classname="nic.ehospital.qa.testcases.ConfigureRegistrationParametersTest">
    <skipped/>
  </testcase> <!-- counterVsUserMapping_CounterDropdownIsMultiple -->
  <testcase name="enterInvalidInPatientFeeOnlyClickSaveBtn" classname="nic.ehospital.qa.testcases.ConfigureRegistrationParametersTest">
    <skipped/>
  </testcase> <!-- enterInvalidInPatientFeeOnlyClickSaveBtn -->
  <testcase name="edit_EnterInvalidRevisitFeeOnlyClickUpdateBtn" classname="nic.ehospital.qa.testcases.ConfigureRegistrationParametersTest">
    <skipped/>
  </testcase> <!-- edit_EnterInvalidRevisitFeeOnlyClickUpdateBtn -->
  <testcase name="edit_EnterInvalidBillingDescrptonOnlyClickUpdateBtn" classname="nic.ehospital.qa.testcases.ConfigureRegistrationParametersTest">
    <skipped/>
  </testcase> <!-- edit_EnterInvalidBillingDescrptonOnlyClickUpdateBtn -->
  <testcase name="counterVsDeptMapping_SaveBtnIsDisplayed" classname="nic.ehospital.qa.testcases.ConfigureRegistrationParametersTest">
    <skipped/>
  </testcase> <!-- counterVsDeptMapping_SaveBtnIsDisplayed -->
  <testcase name="manageBilling_ClearAllDataAndUpdateInvalidDataInBillingTypeTxbox" classname="nic.ehospital.qa.testcases.ConfigureRegistrationParametersTest">
    <skipped/>
  </testcase> <!-- manageBilling_ClearAllDataAndUpdateInvalidDataInBillingTypeTxbox -->
  <testcase name="selectClinicDeptUnitBuildngBlockFloorThenClickSaveBtn" classname="nic.ehospital.qa.testcases.ConfigureRegistrationParametersTest">
    <skipped/>
  </testcase> <!-- selectClinicDeptUnitBuildngBlockFloorThenClickSaveBtn -->
  <testcase name="counterVsDeptMapping_ClearBtnIsDisplayed" classname="nic.ehospital.qa.testcases.ConfigureRegistrationParametersTest">
    <skipped/>
  </testcase> <!-- counterVsDeptMapping_ClearBtnIsDisplayed -->
  <testcase name="regRoomCreation_FilterByDeptDropdownIsMultiple" classname="nic.ehospital.qa.testcases.ConfigureRegistrationParametersTest">
    <skipped/>
  </testcase> <!-- regRoomCreation_FilterByDeptDropdownIsMultiple -->
  <testcase name="counterVsDeptMapping_SaveBtnIsEnabled" classname="nic.ehospital.qa.testcases.ConfigureRegistrationParametersTest">
    <skipped/>
  </testcase> <!-- counterVsDeptMapping_SaveBtnIsEnabled -->
  <testcase name="listOfCountrDeptMappng_EditBtnIsDisplayed" classname="nic.ehospital.qa.testcases.ConfigureRegistrationParametersTest">
    <skipped/>
  </testcase> <!-- listOfCountrDeptMappng_EditBtnIsDisplayed -->
  <testcase name="manageBillingType_EditBtnIsDisplayed" classname="nic.ehospital.qa.testcases.ConfigureRegistrationParametersTest">
    <skipped/>
  </testcase> <!-- manageBillingType_EditBtnIsDisplayed -->
  <testcase name="billingInPatientFeeTxtboxIsEnabled" classname="nic.ehospital.qa.testcases.ConfigureRegistrationParametersTest">
    <skipped/>
  </testcase> <!-- billingInPatientFeeTxtboxIsEnabled -->
  <testcase name="selectCounterOnlyClickSaveBtn" classname="nic.ehospital.qa.testcases.ConfigureRegistrationParametersTest">
    <skipped/>
  </testcase> <!-- selectCounterOnlyClickSaveBtn -->
  <testcase name="edit_EnterValidBillingDescrptonOnlyClickUpdateBtn" classname="nic.ehospital.qa.testcases.ConfigureRegistrationParametersTest">
    <skipped/>
  </testcase> <!-- edit_EnterValidBillingDescrptonOnlyClickUpdateBtn -->
  <testcase name="RegRoomCreation_DepartmentDropdownIsMultiple" classname="nic.ehospital.qa.testcases.ConfigureRegistrationParametersTest">
    <skipped/>
  </testcase> <!-- RegRoomCreation_DepartmentDropdownIsMultiple -->
  <testcase name="mobileNoTxtboxIsDisplayed" classname="nic.ehospital.qa.testcases.UpdatePatientDataTest">
    <skipped/>
  </testcase> <!-- mobileNoTxtboxIsDisplayed -->
  <testcase name="updatePatientDetailsBtnIsDisplayed" classname="nic.ehospital.qa.testcases.UpdatePatientDataTest">
    <skipped/>
  </testcase> <!-- updatePatientDetailsBtnIsDisplayed -->
  <testcase name="ageInYrsTxtboxIsDisplayed" classname="nic.ehospital.qa.testcases.UpdatePatientDataTest">
    <skipped/>
  </testcase> <!-- ageInYrsTxtboxIsDisplayed -->
  <testcase name="initialsDrpdwnIsDisplayed" classname="nic.ehospital.qa.testcases.UpdatePatientDataTest">
    <skipped/>
  </testcase> <!-- initialsDrpdwnIsDisplayed -->
  <testcase name="ageInMonthTxtboxIsDisplayed" classname="nic.ehospital.qa.testcases.UpdatePatientDataTest">
    <skipped/>
  </testcase> <!-- ageInMonthTxtboxIsDisplayed -->
  <testcase name="mlcDrpdwnIsDisplayed" classname="nic.ehospital.qa.testcases.UpdatePatientDataTest">
    <skipped/>
  </testcase> <!-- mlcDrpdwnIsDisplayed -->
  <testcase name="addressLine2TxtboxIsDisplayed" classname="nic.ehospital.qa.testcases.UpdatePatientDataTest">
    <skipped/>
  </testcase> <!-- addressLine2TxtboxIsDisplayed -->
  <testcase name="lastNameTxtboxIsDisplayed" classname="nic.ehospital.qa.testcases.UpdatePatientDataTest">
    <skipped/>
  </testcase> <!-- lastNameTxtboxIsDisplayed -->
  <testcase name="ageInDaysTxtboxIsDisplayed" classname="nic.ehospital.qa.testcases.UpdatePatientDataTest">
    <skipped/>
  </testcase> <!-- ageInDaysTxtboxIsDisplayed -->
  <testcase name="ageInYrsTxtboxIsEnabled" classname="nic.ehospital.qa.testcases.UpdatePatientDataTest">
    <skipped/>
  </testcase> <!-- ageInYrsTxtboxIsEnabled -->
  <testcase name="fathersNameTxtboxIsEnabled" classname="nic.ehospital.qa.testcases.UpdatePatientDataTest">
    <skipped/>
  </testcase> <!-- fathersNameTxtboxIsEnabled -->
  <testcase name="enterAgeInYrsOnly" classname="nic.ehospital.qa.testcases.UpdatePatientDataTest">
    <skipped/>
  </testcase> <!-- enterAgeInYrsOnly -->
  <testcase name="firstNameTxtboxIsEnabled" classname="nic.ehospital.qa.testcases.UpdatePatientDataTest">
    <skipped/>
  </testcase> <!-- firstNameTxtboxIsEnabled -->
  <testcase name="registratinNoTxtboxIsDisplayed" classname="nic.ehospital.qa.testcases.UpdatePatientDataTest">
    <skipped/>
  </testcase> <!-- registratinNoTxtboxIsDisplayed -->
  <testcase name="enterValidFirstName" classname="nic.ehospital.qa.testcases.UpdatePatientDataTest">
    <skipped/>
  </testcase> <!-- enterValidFirstName -->
  <testcase name="initialsDrpdwnIsEnabled" classname="nic.ehospital.qa.testcases.UpdatePatientDataTest">
    <skipped/>
  </testcase> <!-- initialsDrpdwnIsEnabled -->
  <testcase name="enterValidAddLine1AndInvalidAddLine2" classname="nic.ehospital.qa.testcases.UpdatePatientDataTest">
    <skipped/>
  </testcase> <!-- enterValidAddLine1AndInvalidAddLine2 -->
  <testcase name="registratinNoTxtboxIsEnabled" classname="nic.ehospital.qa.testcases.UpdatePatientDataTest">
    <skipped/>
  </testcase> <!-- registratinNoTxtboxIsEnabled -->
  <testcase name="enterInvalidFstMiddleLastName" classname="nic.ehospital.qa.testcases.UpdatePatientDataTest">
    <skipped/>
  </testcase> <!-- enterInvalidFstMiddleLastName -->
  <testcase name="addressLine1TxtboxIsDisplayed" classname="nic.ehospital.qa.testcases.UpdatePatientDataTest">
    <skipped/>
  </testcase> <!-- addressLine1TxtboxIsDisplayed -->
  <testcase name="enterFatherNameAndMobile" classname="nic.ehospital.qa.testcases.UpdatePatientDataTest">
    <skipped/>
  </testcase> <!-- enterFatherNameAndMobile -->
  <testcase name="enterUhidToReflectUpdatePatDetailsBtn" classname="nic.ehospital.qa.testcases.UpdatePatientDataTest">
    <skipped/>
  </testcase> <!-- enterUhidToReflectUpdatePatDetailsBtn -->
  <testcase name="ageInMonthTxtboxIsEnabled" classname="nic.ehospital.qa.testcases.UpdatePatientDataTest">
    <skipped/>
  </testcase> <!-- ageInMonthTxtboxIsEnabled -->
  <testcase name="searchPatientBtnIsEnabled" classname="nic.ehospital.qa.testcases.UpdatePatientDataTest">
    <skipped/>
  </testcase> <!-- searchPatientBtnIsEnabled -->
  <testcase name="enterInvalidAddLine1" classname="nic.ehospital.qa.testcases.UpdatePatientDataTest">
    <skipped/>
  </testcase> <!-- enterInvalidAddLine1 -->
  <testcase name="addressLine2TxtboxIsEnabled" classname="nic.ehospital.qa.testcases.UpdatePatientDataTest">
    <skipped/>
  </testcase> <!-- addressLine2TxtboxIsEnabled -->
  <testcase name="enterValidLastName" classname="nic.ehospital.qa.testcases.UpdatePatientDataTest">
    <skipped/>
  </testcase> <!-- enterValidLastName -->
  <testcase name="enterValidAddLine1AndAddLine2" classname="nic.ehospital.qa.testcases.UpdatePatientDataTest">
    <skipped/>
  </testcase> <!-- enterValidAddLine1AndAddLine2 -->
  <testcase name="mlcDrpdwnIsMultiple" classname="nic.ehospital.qa.testcases.UpdatePatientDataTest">
    <skipped/>
  </testcase> <!-- mlcDrpdwnIsMultiple -->
  <testcase name="middleNameTxtboxIsDisplayed" classname="nic.ehospital.qa.testcases.UpdatePatientDataTest">
    <skipped/>
  </testcase> <!-- middleNameTxtboxIsDisplayed -->
  <testcase name="mlcDrpdwnIsEnabled" classname="nic.ehospital.qa.testcases.UpdatePatientDataTest">
    <skipped/>
  </testcase> <!-- mlcDrpdwnIsEnabled -->
  <testcase name="middleNameTxtboxIsEnabled" classname="nic.ehospital.qa.testcases.UpdatePatientDataTest">
    <skipped/>
  </testcase> <!-- middleNameTxtboxIsEnabled -->
  <testcase name="addressLine1TxtboxIsEnabled" classname="nic.ehospital.qa.testcases.UpdatePatientDataTest">
    <skipped/>
  </testcase> <!-- addressLine1TxtboxIsEnabled -->
  <testcase name="searchPatientBtnIsDisplayed" classname="nic.ehospital.qa.testcases.UpdatePatientDataTest">
    <skipped/>
  </testcase> <!-- searchPatientBtnIsDisplayed -->
  <testcase name="mobileNoTxtboxIsEnabled" classname="nic.ehospital.qa.testcases.UpdatePatientDataTest">
    <skipped/>
  </testcase> <!-- mobileNoTxtboxIsEnabled -->
  <testcase name="firstNameTxtboxIsDisplayed" classname="nic.ehospital.qa.testcases.UpdatePatientDataTest">
    <skipped/>
  </testcase> <!-- firstNameTxtboxIsDisplayed -->
  <testcase name="ageInDaysTxtboxIsEnabled" classname="nic.ehospital.qa.testcases.UpdatePatientDataTest">
    <skipped/>
  </testcase> <!-- ageInDaysTxtboxIsEnabled -->
  <testcase name="lastNameTxtboxIsEnabled" classname="nic.ehospital.qa.testcases.UpdatePatientDataTest">
    <skipped/>
  </testcase> <!-- lastNameTxtboxIsEnabled -->
  <testcase name="updatePatientDetailsBtnIsEnabled" classname="nic.ehospital.qa.testcases.UpdatePatientDataTest">
    <skipped/>
  </testcase> <!-- updatePatientDetailsBtnIsEnabled -->
  <testcase name="enterAgeInMonths" classname="nic.ehospital.qa.testcases.UpdatePatientDataTest">
    <skipped/>
  </testcase> <!-- enterAgeInMonths -->
  <testcase name="enterAgeInDays" classname="nic.ehospital.qa.testcases.UpdatePatientDataTest">
    <skipped/>
  </testcase> <!-- enterAgeInDays -->
  <testcase name="clearAllMandatoryFieldsThenClickUpdatePatientDetailsBtn" classname="nic.ehospital.qa.testcases.UpdatePatientDataTest">
    <skipped/>
  </testcase> <!-- clearAllMandatoryFieldsThenClickUpdatePatientDetailsBtn -->
  <testcase name="enterValidMiddleName" classname="nic.ehospital.qa.testcases.UpdatePatientDataTest">
    <skipped/>
  </testcase> <!-- enterValidMiddleName -->
  <testcase name="initialsDrpdwnIsMultiple" classname="nic.ehospital.qa.testcases.UpdatePatientDataTest">
    <skipped/>
  </testcase> <!-- initialsDrpdwnIsMultiple -->
  <testcase name="fathersNameTxtboxIsDisplayed" classname="nic.ehospital.qa.testcases.UpdatePatientDataTest">
    <skipped/>
  </testcase> <!-- fathersNameTxtboxIsDisplayed -->
  <testcase name="removeEmployeeAndClickCreatePwdBtn" classname="nic.ehospital.qa.testcases.ResetUserPasswordTest">
    <skipped/>
  </testcase> <!-- removeEmployeeAndClickCreatePwdBtn -->
  <testcase name="selectUserDropdownIsMultiple" classname="nic.ehospital.qa.testcases.ResetUserPasswordTest">
    <skipped/>
  </testcase> <!-- selectUserDropdownIsMultiple -->
  <testcase name="searchBtnIsDisplayed" classname="nic.ehospital.qa.testcases.ResetUserPasswordTest">
    <skipped/>
  </testcase> <!-- searchBtnIsDisplayed -->
  <testcase name="searchUserTxtboxIsEnabled" classname="nic.ehospital.qa.testcases.ResetUserPasswordTest">
    <skipped/>
  </testcase> <!-- searchUserTxtboxIsEnabled -->
  <testcase name="selectEmployeeDropdownIsMultiple" classname="nic.ehospital.qa.testcases.ResetUserPasswordTest">
    <skipped/>
  </testcase> <!-- selectEmployeeDropdownIsMultiple -->
  <testcase name="searchUserTxtboxIsDisplayed" classname="nic.ehospital.qa.testcases.ResetUserPasswordTest">
    <skipped/>
  </testcase> <!-- searchUserTxtboxIsDisplayed -->
  <testcase name="selectEmployeeOnlyFromDrpdwnClickCreatePwdBtn" classname="nic.ehospital.qa.testcases.ResetUserPasswordTest">
    <skipped/>
  </testcase> <!-- selectEmployeeOnlyFromDrpdwnClickCreatePwdBtn -->
  <testcase name="selectUserDropdownIsDisplayed" classname="nic.ehospital.qa.testcases.ResetUserPasswordTest">
    <skipped/>
  </testcase> <!-- selectUserDropdownIsDisplayed -->
  <testcase name="enterInvalidUserAndClickSearchBtn" classname="nic.ehospital.qa.testcases.ResetUserPasswordTest">
    <skipped/>
  </testcase> <!-- enterInvalidUserAndClickSearchBtn -->
  <testcase name="selectEmployeeDropdownIsEnabled" classname="nic.ehospital.qa.testcases.ResetUserPasswordTest">
    <skipped/>
  </testcase> <!-- selectEmployeeDropdownIsEnabled -->
  <testcase name="selectUserDropdownIsEnabled" classname="nic.ehospital.qa.testcases.ResetUserPasswordTest">
    <skipped/>
  </testcase> <!-- selectUserDropdownIsEnabled -->
  <testcase name="selectUserFromDrpdwnClickCreatePwdBtn" classname="nic.ehospital.qa.testcases.ResetUserPasswordTest">
    <skipped/>
  </testcase> <!-- selectUserFromDrpdwnClickCreatePwdBtn -->
  <testcase name="enterValidUserAndClickSearchBtn" classname="nic.ehospital.qa.testcases.ResetUserPasswordTest">
    <skipped/>
  </testcase> <!-- enterValidUserAndClickSearchBtn -->
  <testcase name="createPwdBtnIsEnabled" classname="nic.ehospital.qa.testcases.ResetUserPasswordTest">
    <skipped/>
  </testcase> <!-- createPwdBtnIsEnabled -->
  <testcase name="removesUserAndClickCreatePwdBtn" classname="nic.ehospital.qa.testcases.ResetUserPasswordTest">
    <skipped/>
  </testcase> <!-- removesUserAndClickCreatePwdBtn -->
  <testcase name="selectEmployeeFromDrpdwnAsPerNameSearched" classname="nic.ehospital.qa.testcases.ResetUserPasswordTest">
    <skipped/>
  </testcase> <!-- selectEmployeeFromDrpdwnAsPerNameSearched -->
  <testcase name="searchBtnIsEnabled" classname="nic.ehospital.qa.testcases.ResetUserPasswordTest">
    <skipped/>
  </testcase> <!-- searchBtnIsEnabled -->
  <testcase name="selectUserFromDrpdwnAsPerEmpSelected" classname="nic.ehospital.qa.testcases.ResetUserPasswordTest">
    <skipped/>
  </testcase> <!-- selectUserFromDrpdwnAsPerEmpSelected -->
  <testcase name="selectEmployeeDropdownIsDisplayed" classname="nic.ehospital.qa.testcases.ResetUserPasswordTest">
    <skipped/>
  </testcase> <!-- selectEmployeeDropdownIsDisplayed -->
  <testcase name="createPwdBtnIsDisplayed" classname="nic.ehospital.qa.testcases.ResetUserPasswordTest">
    <skipped/>
  </testcase> <!-- createPwdBtnIsDisplayed -->
  <testcase name="auditTrail_SearchBtnIsDisplayed" classname="nic.ehospital.qa.testcases.AuditTrailTest">
    <skipped/>
  </testcase> <!-- auditTrail_SearchBtnIsDisplayed -->
  <testcase name="addService_SelectsServiceTypeBillingClickSaveBtn" classname="nic.ehospital.qa.testcases.ConfigureServicesTest">
    <skipped/>
  </testcase> <!-- addService_SelectsServiceTypeBillingClickSaveBtn -->
  <testcase name="isCashRequiredCheckboxNoisDisplayed" classname="nic.ehospital.qa.testcases.ConfigureServicesTest">
    <skipped/>
  </testcase> <!-- isCashRequiredCheckboxNoisDisplayed -->
  <testcase name="serviceNameDropdownIsDisplayed" classname="nic.ehospital.qa.testcases.ConfigureServicesTest">
    <skipped/>
  </testcase> <!-- serviceNameDropdownIsDisplayed -->
  <testcase name="addService_ServiceNameDropdownIsMultiple" classname="nic.ehospital.qa.testcases.ConfigureServicesTest">
    <skipped/>
  </testcase> <!-- addService_ServiceNameDropdownIsMultiple -->
  <testcase name="addService_SaveServiceBtnIsDisplayed" classname="nic.ehospital.qa.testcases.ConfigureServicesTest">
    <skipped/>
  </testcase> <!-- addService_SaveServiceBtnIsDisplayed -->
  <testcase name="isCashRequiredCheckboxYesIsEnabled" classname="nic.ehospital.qa.testcases.ConfigureServicesTest">
    <skipped/>
  </testcase> <!-- isCashRequiredCheckboxYesIsEnabled -->
  <testcase name="selectServiceCategoryDropdownIsDisplayed" classname="nic.ehospital.qa.testcases.ConfigureServicesTest">
    <skipped/>
  </testcase> <!-- selectServiceCategoryDropdownIsDisplayed -->
  <testcase name="selectYesIsCashRequiredChkbox" classname="nic.ehospital.qa.testcases.ConfigureServicesTest">
    <skipped/>
  </testcase> <!-- selectYesIsCashRequiredChkbox -->
  <testcase name="closeServiceBtnIsDisplayed" classname="nic.ehospital.qa.testcases.ConfigureServicesTest">
    <skipped/>
  </testcase> <!-- closeServiceBtnIsDisplayed -->
  <testcase name="addService_SampleBasedNoChkboxIsEnabled" classname="nic.ehospital.qa.testcases.ConfigureServicesTest">
    <skipped/>
  </testcase> <!-- addService_SampleBasedNoChkboxIsEnabled -->
  <testcase name="addService_EnterInvalidServiceNameClickSaveBtn" classname="nic.ehospital.qa.testcases.ConfigureServicesTest">
    <skipped/>
  </testcase> <!-- addService_EnterInvalidServiceNameClickSaveBtn -->
  <testcase name="addService_ServiceNameDropdownIsDisplayed" classname="nic.ehospital.qa.testcases.ConfigureServicesTest">
    <skipped/>
  </testcase> <!-- addService_ServiceNameDropdownIsDisplayed -->
  <testcase name="selectNotInListThenClickSaveBtn" classname="nic.ehospital.qa.testcases.ConfigureServicesTest">
    <skipped/>
  </testcase> <!-- selectNotInListThenClickSaveBtn -->
  <testcase name="addService_closeServiceBtnIsEnabled" classname="nic.ehospital.qa.testcases.ConfigureServicesTest">
    <skipped/>
  </testcase> <!-- addService_closeServiceBtnIsEnabled -->
  <testcase name="isCashRequiredCheckboxNoIsEnabled" classname="nic.ehospital.qa.testcases.ConfigureServicesTest">
    <skipped/>
  </testcase> <!-- isCashRequiredCheckboxNoIsEnabled -->
  <testcase name="addService_IsCashRequiredYesChkboxIsEnabled" classname="nic.ehospital.qa.testcases.ConfigureServicesTest">
    <skipped/>
  </testcase> <!-- addService_IsCashRequiredYesChkboxIsEnabled -->
  <testcase name="addServiceBtnIsEnabled" classname="nic.ehospital.qa.testcases.ConfigureServicesTest">
    <skipped/>
  </testcase> <!-- addServiceBtnIsEnabled -->
  <testcase name="addService_SelectServiceNameFromDrpdwn" classname="nic.ehospital.qa.testcases.ConfigureServicesTest">
    <skipped/>
  </testcase> <!-- addService_SelectServiceNameFromDrpdwn -->
  <testcase name="serviceNameDropdownIsEnabled" classname="nic.ehospital.qa.testcases.ConfigureServicesTest">
    <skipped/>
  </testcase> <!-- serviceNameDropdownIsEnabled -->
  <testcase name="addService_closeServiceBtnIsDisplayed" classname="nic.ehospital.qa.testcases.ConfigureServicesTest">
    <skipped/>
  </testcase> <!-- addService_closeServiceBtnIsDisplayed -->
  <testcase name="addService_ClicksOnSampleBasedNoChkbox" classname="nic.ehospital.qa.testcases.ConfigureServicesTest">
    <skipped/>
  </testcase> <!-- addService_ClicksOnSampleBasedNoChkbox -->
  <testcase name="addService_ServiceTypeBillingChkboxIsDisplayed" classname="nic.ehospital.qa.testcases.ConfigureServicesTest">
    <skipped/>
  </testcase> <!-- addService_ServiceTypeBillingChkboxIsDisplayed -->
  <testcase name="serviceNameDropdownIsMultiple" classname="nic.ehospital.qa.testcases.ConfigureServicesTest">
    <skipped/>
  </testcase> <!-- serviceNameDropdownIsMultiple -->
  <testcase name="addServiceNameTxtboxIsEnabled" classname="nic.ehospital.qa.testcases.ConfigureServicesTest">
    <skipped/>
  </testcase> <!-- addServiceNameTxtboxIsEnabled -->
  <testcase name="selectServiceNameFromServiceCategoryDrpdwn" classname="nic.ehospital.qa.testcases.ConfigureServicesTest">
    <skipped/>
  </testcase> <!-- selectServiceNameFromServiceCategoryDrpdwn -->
  <testcase name="addService_ServiceTypeBillingChkboxIsEnabled" classname="nic.ehospital.qa.testcases.ConfigureServicesTest">
    <skipped/>
  </testcase> <!-- addService_ServiceTypeBillingChkboxIsEnabled -->
  <testcase name="addServiceNameTxtboxisDisplayed" classname="nic.ehospital.qa.testcases.ConfigureServicesTest">
    <skipped/>
  </testcase> <!-- addServiceNameTxtboxisDisplayed -->
  <testcase name="addService_ServiceNameDropdownIsEnabled" classname="nic.ehospital.qa.testcases.ConfigureServicesTest">
    <skipped/>
  </testcase> <!-- addService_ServiceNameDropdownIsEnabled -->
  <testcase name="addService_SampleBasedYesChkboxIsDisplayed" classname="nic.ehospital.qa.testcases.ConfigureServicesTest">
    <skipped/>
  </testcase> <!-- addService_SampleBasedYesChkboxIsDisplayed -->
  <testcase name="addService_SelectIsCashRequiredYesChkboxClickSaveBtn" classname="nic.ehospital.qa.testcases.ConfigureServicesTest">
    <skipped/>
  </testcase> <!-- addService_SelectIsCashRequiredYesChkboxClickSaveBtn -->
  <testcase name="closeServiceBtnIsEnabled" classname="nic.ehospital.qa.testcases.ConfigureServicesTest">
    <skipped/>
  </testcase> <!-- closeServiceBtnIsEnabled -->
  <testcase name="saveServiceBtnIsDisplayed" classname="nic.ehospital.qa.testcases.ConfigureServicesTest">
    <skipped/>
  </testcase> <!-- saveServiceBtnIsDisplayed -->
  <testcase name="addServiceBtnIsDisplayed" classname="nic.ehospital.qa.testcases.ConfigureServicesTest">
    <skipped/>
  </testcase> <!-- addServiceBtnIsDisplayed -->
  <testcase name="addServicCategoryBtnIsDisplayed" classname="nic.ehospital.qa.testcases.ConfigureServicesTest">
    <skipped/>
  </testcase> <!-- addServicCategoryBtnIsDisplayed -->
  <testcase name="addServiceBtnIsClickable" classname="nic.ehospital.qa.testcases.ConfigureServicesTest">
    <skipped/>
  </testcase> <!-- addServiceBtnIsClickable -->
  <testcase name="addService_SampleBasedYesChkboxIsEnabled" classname="nic.ehospital.qa.testcases.ConfigureServicesTest">
    <skipped/>
  </testcase> <!-- addService_SampleBasedYesChkboxIsEnabled -->
  <testcase name="isCashRequiredCheckboxYesisDisplayed" classname="nic.ehospital.qa.testcases.ConfigureServicesTest">
    <skipped/>
  </testcase> <!-- isCashRequiredCheckboxYesisDisplayed -->
  <testcase name="saveServiceBtnIsEnabled" classname="nic.ehospital.qa.testcases.ConfigureServicesTest">
    <skipped/>
  </testcase> <!-- saveServiceBtnIsEnabled -->
  <testcase name="addService_IsCashRequiredYesChkboxIsDisplayed" classname="nic.ehospital.qa.testcases.ConfigureServicesTest">
    <skipped/>
  </testcase> <!-- addService_IsCashRequiredYesChkboxIsDisplayed -->
  <testcase name="selectServiceCategoryDropdownIsEnabled" classname="nic.ehospital.qa.testcases.ConfigureServicesTest">
    <skipped/>
  </testcase> <!-- selectServiceCategoryDropdownIsEnabled -->
  <testcase name="selectServiceCategoryDropdownIsMultiple" classname="nic.ehospital.qa.testcases.ConfigureServicesTest">
    <skipped/>
  </testcase> <!-- selectServiceCategoryDropdownIsMultiple -->
  <testcase name="addService_SampleBasedNoChkboxIsDisplayed" classname="nic.ehospital.qa.testcases.ConfigureServicesTest">
    <skipped/>
  </testcase> <!-- addService_SampleBasedNoChkboxIsDisplayed -->
  <testcase name="addService_SaveServiceBtnIsEnabled" classname="nic.ehospital.qa.testcases.ConfigureServicesTest">
    <skipped/>
  </testcase> <!-- addService_SaveServiceBtnIsEnabled -->
  <testcase name="enterInvalidServiceNameClickSaveBtn" classname="nic.ehospital.qa.testcases.ConfigureServicesTest">
    <skipped/>
  </testcase> <!-- enterInvalidServiceNameClickSaveBtn -->
  <testcase name="addServicCategoryBtnIsEnabled" classname="nic.ehospital.qa.testcases.ConfigureServicesTest">
    <skipped/>
  </testcase> <!-- addServicCategoryBtnIsEnabled -->
  <testcase name="selectUserDrpdwnIsMultiple" classname="nic.ehospital.qa.testcases.UpdateUserDisplayPictureTest">
    <skipped/>
  </testcase> <!-- selectUserDrpdwnIsMultiple -->
  <testcase name="selectEmployeeDrpdwnIsMultiple" classname="nic.ehospital.qa.testcases.UpdateUserDisplayPictureTest">
    <skipped/>
  </testcase> <!-- selectEmployeeDrpdwnIsMultiple -->
  <testcase name="selectUserFmDrpdwnAndClikUpdateBtn" classname="nic.ehospital.qa.testcases.UpdateUserDisplayPictureTest">
    <skipped/>
  </testcase> <!-- selectUserFmDrpdwnAndClikUpdateBtn -->
  <testcase name="enterInvalidEmpNameAndClickSaveBtn" classname="nic.ehospital.qa.testcases.UpdateUserDisplayPictureTest">
    <skipped/>
  </testcase> <!-- enterInvalidEmpNameAndClickSaveBtn -->
  <testcase name="searchBtnIsEnabled" classname="nic.ehospital.qa.testcases.UpdateUserDisplayPictureTest">
    <skipped/>
  </testcase> <!-- searchBtnIsEnabled -->
  <testcase name="selectUserDrpdwnIsDisplayed" classname="nic.ehospital.qa.testcases.UpdateUserDisplayPictureTest">
    <skipped/>
  </testcase> <!-- selectUserDrpdwnIsDisplayed -->
  <testcase name="selectEmployeeDrpdwnIsEnabled" classname="nic.ehospital.qa.testcases.UpdateUserDisplayPictureTest">
    <skipped/>
  </testcase> <!-- selectEmployeeDrpdwnIsEnabled -->
  <testcase name="updateUserDisplayPic" classname="nic.ehospital.qa.testcases.UpdateUserDisplayPictureTest">
    <skipped/>
  </testcase> <!-- updateUserDisplayPic -->
  <testcase name="updateBtnIsEnabled" classname="nic.ehospital.qa.testcases.UpdateUserDisplayPictureTest">
    <skipped/>
  </testcase> <!-- updateBtnIsEnabled -->
  <testcase name="browseBtnIsEnabled" classname="nic.ehospital.qa.testcases.UpdateUserDisplayPictureTest">
    <skipped/>
  </testcase> <!-- browseBtnIsEnabled -->
  <testcase name="selectEmployeeDrpdwnIsDisplayed" classname="nic.ehospital.qa.testcases.UpdateUserDisplayPictureTest">
    <skipped/>
  </testcase> <!-- selectEmployeeDrpdwnIsDisplayed -->
  <testcase name="searchEmployeeTxtboxIsDisplayed" classname="nic.ehospital.qa.testcases.UpdateUserDisplayPictureTest">
    <skipped/>
  </testcase> <!-- searchEmployeeTxtboxIsDisplayed -->
  <testcase name="selectEmpFmDrpdwnAndClikUpdateBtn" classname="nic.ehospital.qa.testcases.UpdateUserDisplayPictureTest">
    <skipped/>
  </testcase> <!-- selectEmpFmDrpdwnAndClikUpdateBtn -->
  <testcase name="searchEmployeeTxtboxIsEnabled" classname="nic.ehospital.qa.testcases.UpdateUserDisplayPictureTest">
    <skipped/>
  </testcase> <!-- searchEmployeeTxtboxIsEnabled -->
  <testcase name="browseBtnIsDisplayed" classname="nic.ehospital.qa.testcases.UpdateUserDisplayPictureTest">
    <skipped/>
  </testcase> <!-- browseBtnIsDisplayed -->
  <testcase name="selectUserDrpdwnIsEnabled" classname="nic.ehospital.qa.testcases.UpdateUserDisplayPictureTest">
    <skipped/>
  </testcase> <!-- selectUserDrpdwnIsEnabled -->
  <testcase name="updateBtnIsDisplayed" classname="nic.ehospital.qa.testcases.UpdateUserDisplayPictureTest">
    <skipped/>
  </testcase> <!-- updateBtnIsDisplayed -->
  <testcase name="searchBtnIsDisplayed" classname="nic.ehospital.qa.testcases.UpdateUserDisplayPictureTest">
    <skipped/>
  </testcase> <!-- searchBtnIsDisplayed -->
  <testcase name="enterValidEmpNameAndClickUpdateBtn" classname="nic.ehospital.qa.testcases.UpdateUserDisplayPictureTest">
    <skipped/>
  </testcase> <!-- enterValidEmpNameAndClickUpdateBtn -->
  <testcase name="selectUserFmDrpdwnAndClikUpdateBtn" classname="nic.ehospital.qa.testcases.UserVsBillingTypeMappingTest">
    <skipped/>
  </testcase> <!-- selectUserFmDrpdwnAndClikUpdateBtn -->
  <testcase name="UserNameDrpdwnIsEnabled" classname="nic.ehospital.qa.testcases.UserVsBillingTypeMappingTest">
    <skipped/>
  </testcase> <!-- UserNameDrpdwnIsEnabled -->
  <testcase name="selectEmployeeDrpdwnIsMultiple" classname="nic.ehospital.qa.testcases.UserVsBillingTypeMappingTest">
    <skipped/>
  </testcase> <!-- selectEmployeeDrpdwnIsMultiple -->
  <testcase name="enterInvalidEmpNameAndClickSaveBtn" classname="nic.ehospital.qa.testcases.UserVsBillingTypeMappingTest">
    <skipped/>
  </testcase> <!-- enterInvalidEmpNameAndClickSaveBtn -->
  <testcase name="searchBtnIsEnabled" classname="nic.ehospital.qa.testcases.UserVsBillingTypeMappingTest">
    <skipped/>
  </testcase> <!-- searchBtnIsEnabled -->
  <testcase name="searchEmployeeTxtboxIsEnabled" classname="nic.ehospital.qa.testcases.UserVsBillingTypeMappingTest">
    <skipped/>
  </testcase> <!-- searchEmployeeTxtboxIsEnabled -->
  <testcase name="UserNameDrpdwnIsDisplayed" classname="nic.ehospital.qa.testcases.UserVsBillingTypeMappingTest">
    <skipped/>
  </testcase> <!-- UserNameDrpdwnIsDisplayed -->
  <testcase name="empNameTxtboxIsDisplayed" classname="nic.ehospital.qa.testcases.UserVsBillingTypeMappingTest">
    <skipped/>
  </testcase> <!-- empNameTxtboxIsDisplayed -->
  <testcase name="UserNameDrpdwnIsMultiple" classname="nic.ehospital.qa.testcases.UserVsBillingTypeMappingTest">
    <skipped/>
  </testcase> <!-- UserNameDrpdwnIsMultiple -->
  <testcase name="saveBtnIsEnabled" classname="nic.ehospital.qa.testcases.UserVsBillingTypeMappingTest">
    <skipped/>
  </testcase> <!-- saveBtnIsEnabled -->
  <testcase name="selectEmployeeDrpdwnIsEnabled" classname="nic.ehospital.qa.testcases.UserVsBillingTypeMappingTest">
    <skipped/>
  </testcase> <!-- selectEmployeeDrpdwnIsEnabled -->
  <testcase name="selectAllBillingTypesChkboxIsDisplayed" classname="nic.ehospital.qa.testcases.UserVsBillingTypeMappingTest">
    <skipped/>
  </testcase> <!-- selectAllBillingTypesChkboxIsDisplayed -->
  <testcase name="selectAllBillingTypesChkboxIsEnabled" classname="nic.ehospital.qa.testcases.UserVsBillingTypeMappingTest">
    <skipped/>
  </testcase> <!-- selectAllBillingTypesChkboxIsEnabled -->
  <testcase name="selectAllBillingTypesChkboxIsClickable" classname="nic.ehospital.qa.testcases.UserVsBillingTypeMappingTest">
    <skipped/>
  </testcase> <!-- selectAllBillingTypesChkboxIsClickable -->
  <testcase name="selectEmployeeDrpdwnIsDisplayed" classname="nic.ehospital.qa.testcases.UserVsBillingTypeMappingTest">
    <skipped/>
  </testcase> <!-- selectEmployeeDrpdwnIsDisplayed -->
  <testcase name="saveBtnIsDisplayed" classname="nic.ehospital.qa.testcases.UserVsBillingTypeMappingTest">
    <skipped/>
  </testcase> <!-- saveBtnIsDisplayed -->
  <testcase name="selectEmpFmDrpdwnAndClikUpdateBtn" classname="nic.ehospital.qa.testcases.UserVsBillingTypeMappingTest">
    <skipped/>
  </testcase> <!-- selectEmpFmDrpdwnAndClikUpdateBtn -->
  <testcase name="searchBtnIsDisplayed" classname="nic.ehospital.qa.testcases.UserVsBillingTypeMappingTest">
    <skipped/>
  </testcase> <!-- searchBtnIsDisplayed -->
  <testcase name="enterValidEmpNameAndClickUpdateBtn" classname="nic.ehospital.qa.testcases.UserVsBillingTypeMappingTest">
    <skipped/>
  </testcase> <!-- enterValidEmpNameAndClickUpdateBtn -->
  <testcase name="ManageHsptlDetailLink_FaxIsDisplayed" classname="nic.ehospital.qa.testcases.ConfigureHospitalInfraPageTest">
    <skipped/>
  </testcase> <!-- ManageHsptlDetailLink_FaxIsDisplayed -->
  <testcase name="editHsptlRooms_EnteringBuildingBlockFloorRoomNo" classname="nic.ehospital.qa.testcases.ConfigureHospitalInfraPageTest">
    <skipped/>
  </testcase> <!-- editHsptlRooms_EnteringBuildingBlockFloorRoomNo -->
  <testcase name="ManageHospitalDetailsLink_HsptlAbbrevatonTextboxIsDisplayed" classname="nic.ehospital.qa.testcases.ConfigureHospitalInfraPageTest">
    <skipped/>
  </testcase> <!-- ManageHospitalDetailsLink_HsptlAbbrevatonTextboxIsDisplayed -->
  <testcase name="manageBuildingBlockEditBtnisEnabledTest_TIDA0029_EH230" classname="nic.ehospital.qa.testcases.ConfigureHospitalInfraPageTest">
    <skipped/>
  </testcase> <!-- manageBuildingBlockEditBtnisEnabledTest_TIDA0029_EH230 -->
  <testcase name="LoginLogoutRegister_ClickingShowBtnWithoutDate" classname="nic.ehospital.qa.testcases.ConfigureHospitalInfraPageTest">
    <skipped/>
  </testcase> <!-- LoginLogoutRegister_ClickingShowBtnWithoutDate -->
  <testcase name="remarksTxtboxDisplayed" classname="nic.ehospital.qa.testcases.ConfigureHospitalInfraPageTest">
    <skipped/>
  </testcase> <!-- remarksTxtboxDisplayed -->
  <testcase name="hospitalLogoisDisplayed" classname="nic.ehospital.qa.testcases.ConfigureHospitalInfraPageTest">
    <skipped/>
  </testcase> <!-- hospitalLogoisDisplayed -->
  <testcase name="floorDropdwnIsMultiple" classname="nic.ehospital.qa.testcases.ConfigureHospitalInfraPageTest">
    <skipped/>
  </testcase> <!-- floorDropdwnIsMultiple -->
  <testcase name="updateHsptlRoomsBtnisDisplayed" classname="nic.ehospital.qa.testcases.ConfigureHospitalInfraPageTest">
    <skipped/>
  </testcase> <!-- updateHsptlRoomsBtnisDisplayed -->
  <testcase name="LoginLogoutRegister_ShowBtnIsEnabled" classname="nic.ehospital.qa.testcases.ConfigureHospitalInfraPageTest">
    <skipped/>
  </testcase> <!-- LoginLogoutRegister_ShowBtnIsEnabled -->
  <testcase name="manageHospitalRooms_SelectBuildingOnly" classname="nic.ehospital.qa.testcases.ConfigureHospitalInfraPageTest">
    <skipped/>
  </testcase> <!-- manageHospitalRooms_SelectBuildingOnly -->
  <testcase name="ManageHsptlDetailLink_PincodeIsEnabled" classname="nic.ehospital.qa.testcases.ConfigureHospitalInfraPageTest">
    <skipped/>
  </testcase> <!-- ManageHsptlDetailLink_PincodeIsEnabled -->
  <testcase name="manageHospitalRooms_EnteringBuildingBlockFloorRemarks" classname="nic.ehospital.qa.testcases.ConfigureHospitalInfraPageTest">
    <skipped/>
  </testcase> <!-- manageHospitalRooms_EnteringBuildingBlockFloorRemarks -->
  <testcase name="enteringInvalidRoomValidRemarks_ManageHospitalRooms" classname="nic.ehospital.qa.testcases.ConfigureHospitalInfraPageTest">
    <skipped/>
  </testcase> <!-- enteringInvalidRoomValidRemarks_ManageHospitalRooms -->
  <testcase name="enterInvalidRoomNoBlankRemarks_editHsptlRooms" classname="nic.ehospital.qa.testcases.ConfigureHospitalInfraPageTest">
    <skipped/>
  </testcase> <!-- enterInvalidRoomNoBlankRemarks_editHsptlRooms -->
  <testcase name="hospitalLogo_BrowseBtnisDisplayed" classname="nic.ehospital.qa.testcases.ConfigureHospitalInfraPageTest">
    <skipped/>
  </testcase> <!-- hospitalLogo_BrowseBtnisDisplayed -->
  <testcase name="editHsptlRoomsBtnisDisplayed" classname="nic.ehospital.qa.testcases.ConfigureHospitalInfraPageTest">
    <skipped/>
  </testcase> <!-- editHsptlRoomsBtnisDisplayed -->
  <testcase name="enterValidRoomNoInvalidRemarks_editHsptlRooms" classname="nic.ehospital.qa.testcases.ConfigureHospitalInfraPageTest">
    <skipped/>
  </testcase> <!-- enterValidRoomNoInvalidRemarks_editHsptlRooms -->
  <testcase name="blockDropdownDisplayed" classname="nic.ehospital.qa.testcases.ConfigureHospitalInfraPageTest">
    <skipped/>
  </testcase> <!-- blockDropdownDisplayed -->
  <testcase name="updateBuildingBtnisDisplayed_TIDA0019_EH225" classname="nic.ehospital.qa.testcases.ConfigureHospitalInfraPageTest">
    <skipped/>
  </testcase> <!-- updateBuildingBtnisDisplayed_TIDA0019_EH225 -->
  <testcase name="ManageHsptlDetailLink_HsptlEmailIsDisplayed" classname="nic.ehospital.qa.testcases.ConfigureHospitalInfraPageTest">
    <skipped/>
  </testcase> <!-- ManageHsptlDetailLink_HsptlEmailIsDisplayed -->
  <testcase name="addFloorTextboxIsEnabled" classname="nic.ehospital.qa.testcases.ConfigureHospitalInfraPageTest">
    <skipped/>
  </testcase> <!-- addFloorTextboxIsEnabled -->
  <testcase name="LoginLogoutRegister_SeletuserIsEnabled" classname="nic.ehospital.qa.testcases.ConfigureHospitalInfraPageTest">
    <skipped/>
  </testcase> <!-- LoginLogoutRegister_SeletuserIsEnabled -->
  <testcase name="editHsptlRoomsBtnisEnabled" classname="nic.ehospital.qa.testcases.ConfigureHospitalInfraPageTest">
    <skipped/>
  </testcase> <!-- editHsptlRoomsBtnisEnabled -->
  <testcase name="updateFloorBtnIsDisplayed" classname="nic.ehospital.qa.testcases.ConfigureHospitalInfraPageTest">
    <skipped/>
  </testcase> <!-- updateFloorBtnIsDisplayed -->
  <testcase name="HospitalAdminLinkisDisplayed_TIDA004_EH204" classname="nic.ehospital.qa.testcases.ConfigureHospitalInfraPageTest">
    <skipped/>
  </testcase> <!-- HospitalAdminLinkisDisplayed_TIDA004_EH204 -->
  <testcase name="ManageHsptlDetailLink_Add2TextboxIsDisplayed" classname="nic.ehospital.qa.testcases.ConfigureHospitalInfraPageTest">
    <skipped/>
  </testcase> <!-- ManageHsptlDetailLink_Add2TextboxIsDisplayed -->
  <testcase name="invalidFloorAdded" classname="nic.ehospital.qa.testcases.ConfigureHospitalInfraPageTest">
    <skipped/>
  </testcase> <!-- invalidFloorAdded -->
  <testcase name="floorDropdownEnabled" classname="nic.ehospital.qa.testcases.ConfigureHospitalInfraPageTest">
    <skipped/>
  </testcase> <!-- floorDropdownEnabled -->
  <testcase name="ManageHospitalDetailsLink_HsptlAbbrevatonTextboxIsEnabled" classname="nic.ehospital.qa.testcases.ConfigureHospitalInfraPageTest">
    <skipped/>
  </testcase> <!-- ManageHospitalDetailsLink_HsptlAbbrevatonTextboxIsEnabled -->
  <testcase name="saveBlockNameBtnClickable_TIDA0026_EH229" classname="nic.ehospital.qa.testcases.ConfigureHospitalInfraPageTest">
    <skipped/>
  </testcase> <!-- saveBlockNameBtnClickable_TIDA0026_EH229 -->
  <testcase name="LoginLogoutRegisterIsDisplayed" classname="nic.ehospital.qa.testcases.ConfigureHospitalInfraPageTest">
    <skipped/>
  </testcase> <!-- LoginLogoutRegisterIsDisplayed -->
  <testcase name="saveBlockNameBtnEnabled_TIDA0026_EH229" classname="nic.ehospital.qa.testcases.ConfigureHospitalInfraPageTest">
    <skipped/>
  </testcase> <!-- saveBlockNameBtnEnabled_TIDA0026_EH229 -->
  <testcase name="editFloor_UpdateInvalidData" classname="nic.ehospital.qa.testcases.ConfigureHospitalInfraPageTest">
    <skipped/>
  </testcase> <!-- editFloor_UpdateInvalidData -->
  <testcase name="LoginLogoutRegister_SeletuserIsMultiple" classname="nic.ehospital.qa.testcases.ConfigureHospitalInfraPageTest">
    <skipped/>
  </testcase> <!-- LoginLogoutRegister_SeletuserIsMultiple -->
  <testcase name="editHsptlRooms_SelectBuildingBlockOnly" classname="nic.ehospital.qa.testcases.ConfigureHospitalInfraPageTest">
    <skipped/>
  </testcase> <!-- editHsptlRooms_SelectBuildingBlockOnly -->
  <testcase name="editFloorBtnIsEnabled" classname="nic.ehospital.qa.testcases.ConfigureHospitalInfraPageTest">
    <skipped/>
  </testcase> <!-- editFloorBtnIsEnabled -->
  <testcase name="saveBuildingbtnisClickable_TIDA0013_EH223" classname="nic.ehospital.qa.testcases.ConfigureHospitalInfraPageTest">
    <skipped/>
  </testcase> <!-- saveBuildingbtnisClickable_TIDA0013_EH223 -->
  <testcase name="buildingDropdownDisplayed" classname="nic.ehospital.qa.testcases.ConfigureHospitalInfraPageTest">
    <skipped/>
  </testcase> <!-- buildingDropdownDisplayed -->
  <testcase name="ManageHsptlDetailLink_HsptlEmailIsEnabled" classname="nic.ehospital.qa.testcases.ConfigureHospitalInfraPageTest">
    <skipped/>
  </testcase> <!-- ManageHsptlDetailLink_HsptlEmailIsEnabled -->
  <testcase name="addFloorTextboxIsDisplayed" classname="nic.ehospital.qa.testcases.ConfigureHospitalInfraPageTest">
    <skipped/>
  </testcase> <!-- addFloorTextboxIsDisplayed -->
  <testcase name="editHsptlRooms_EnteringBuildingBlockFloorRemarks" classname="nic.ehospital.qa.testcases.ConfigureHospitalInfraPageTest">
    <skipped/>
  </testcase> <!-- editHsptlRooms_EnteringBuildingBlockFloorRemarks -->
  <testcase name="floorDropdownDisplayed" classname="nic.ehospital.qa.testcases.ConfigureHospitalInfraPageTest">
    <skipped/>
  </testcase> <!-- floorDropdownDisplayed -->
  <testcase name="editBuildingNameBtnisEnabledTest_TIDA0016_EH224" classname="nic.ehospital.qa.testcases.ConfigureHospitalInfraPageTest">
    <skipped/>
  </testcase> <!-- editBuildingNameBtnisEnabledTest_TIDA0016_EH224 -->
  <testcase name="saveHsptlRoomsBtnisEnabled" classname="nic.ehospital.qa.testcases.ConfigureHospitalInfraPageTest">
    <skipped/>
  </testcase> <!-- saveHsptlRoomsBtnisEnabled -->
  <testcase name="ManageHsptlDetailLink_FaxIsEnabled" classname="nic.ehospital.qa.testcases.ConfigureHospitalInfraPageTest">
    <skipped/>
  </testcase> <!-- ManageHsptlDetailLink_FaxIsEnabled -->
  <testcase name="editFloorBtnIsDisplayed" classname="nic.ehospital.qa.testcases.ConfigureHospitalInfraPageTest">
    <skipped/>
  </testcase> <!-- editFloorBtnIsDisplayed -->
  <testcase name="hospitalLogo_BrowseBtnisEnabled" classname="nic.ehospital.qa.testcases.ConfigureHospitalInfraPageTest">
    <skipped/>
  </testcase> <!-- hospitalLogo_BrowseBtnisEnabled -->
  <testcase name="manageBuildingBlockDisplayedTest_TIDA0022_EH226" classname="nic.ehospital.qa.testcases.ConfigureHospitalInfraPageTest">
    <skipped/>
  </testcase> <!-- manageBuildingBlockDisplayedTest_TIDA0022_EH226 -->
  <testcase name="updateHsptlRoomsBtnisEnabled" classname="nic.ehospital.qa.testcases.ConfigureHospitalInfraPageTest">
    <skipped/>
  </testcase> <!-- updateHsptlRoomsBtnisEnabled -->
  <testcase name="ManageBuildingisDisplayed_TIDA0012_EH206" classname="nic.ehospital.qa.testcases.ConfigureHospitalInfraPageTest">
    <skipped/>
  </testcase> <!-- ManageBuildingisDisplayed_TIDA0012_EH206 -->
  <testcase name="invalidBuidingAndBlockNameAdded_TIDA0030_EH60" classname="nic.ehospital.qa.testcases.ConfigureHospitalInfraPageTest">
    <skipped/>
  </testcase> <!-- invalidBuidingAndBlockNameAdded_TIDA0030_EH60 -->
  <testcase name="updateBuildingBlockBtnisDisplayed_TIDA0030_EH231" classname="nic.ehospital.qa.testcases.ConfigureHospitalInfraPageTest">
    <skipped/>
  </testcase> <!-- updateBuildingBlockBtnisDisplayed_TIDA0030_EH231 -->
  <testcase name="updateBuildingBtnisEnabled_TIDA0019_EH225" classname="nic.ehospital.qa.testcases.ConfigureHospitalInfraPageTest">
    <skipped/>
  </testcase> <!-- updateBuildingBtnisEnabled_TIDA0019_EH225 -->
  <testcase name="ManageHospitalDetail_InputHsptlAbbAdd1Add2Pin" classname="nic.ehospital.qa.testcases.ConfigureHospitalInfraPageTest">
    <skipped/>
  </testcase> <!-- ManageHospitalDetail_InputHsptlAbbAdd1Add2Pin -->
  <testcase name="saveHsptlRoomsBtnisDisplayed" classname="nic.ehospital.qa.testcases.ConfigureHospitalInfraPageTest">
    <skipped/>
  </testcase> <!-- saveHsptlRoomsBtnisDisplayed -->
  <testcase name="roomNoBlankEnterInvalidRemarks_editHsptlRooms" classname="nic.ehospital.qa.testcases.ConfigureHospitalInfraPageTest">
    <skipped/>
  </testcase> <!-- roomNoBlankEnterInvalidRemarks_editHsptlRooms -->
  <testcase name="ManageHospitalDetail_InputHsptlAbbAndAdd1" classname="nic.ehospital.qa.testcases.ConfigureHospitalInfraPageTest">
    <skipped/>
  </testcase> <!-- ManageHospitalDetail_InputHsptlAbbAndAdd1 -->
  <testcase name="editHsptlRoomsInOneGo" classname="nic.ehospital.qa.testcases.ConfigureHospitalInfraPageTest">
    <skipped/>
  </testcase> <!-- editHsptlRoomsInOneGo -->
  <testcase name="ManageBuildingisEnabled_TIDA0012_EH206" classname="nic.ehospital.qa.testcases.ConfigureHospitalInfraPageTest">
    <skipped/>
  </testcase> <!-- ManageBuildingisEnabled_TIDA0012_EH206 -->
  <testcase name="manageHospitalRooms_SelectBuildingAndBlock" classname="nic.ehospital.qa.testcases.ConfigureHospitalInfraPageTest">
    <skipped/>
  </testcase> <!-- manageHospitalRooms_SelectBuildingAndBlock -->
  <testcase name="ManageHsptlDetailLink_Add2TextboxIsEnabled" classname="nic.ehospital.qa.testcases.ConfigureHospitalInfraPageTest">
    <skipped/>
  </testcase> <!-- ManageHsptlDetailLink_Add2TextboxIsEnabled -->
  <testcase name="HospitalAdminisEnabled_TIDA005_EH204" classname="nic.ehospital.qa.testcases.ConfigureHospitalInfraPageTest">
    <skipped/>
  </testcase> <!-- HospitalAdminisEnabled_TIDA005_EH204 -->
  <testcase name="manageBuildingBlockEnabledTest_TIDA0022_EH226" classname="nic.ehospital.qa.testcases.ConfigureHospitalInfraPageTest">
    <skipped/>
  </testcase> <!-- manageBuildingBlockEnabledTest_TIDA0022_EH226 -->
  <testcase name="blockDropdwnIsMultiple" classname="nic.ehospital.qa.testcases.ConfigureHospitalInfraPageTest">
    <skipped/>
  </testcase> <!-- blockDropdwnIsMultiple -->
  <testcase name="LoginLogoutRegister_SelectFromDateIsEnabled" classname="nic.ehospital.qa.testcases.ConfigureHospitalInfraPageTest">
    <skipped/>
  </testcase> <!-- LoginLogoutRegister_SelectFromDateIsEnabled -->
  <testcase name="buildingDropdownEnabled" classname="nic.ehospital.qa.testcases.ConfigureHospitalInfraPageTest">
    <skipped/>
  </testcase> <!-- buildingDropdownEnabled -->
  <testcase name="ManageHsptlDetailLink_Add1TextboxIsEnabled" classname="nic.ehospital.qa.testcases.ConfigureHospitalInfraPageTest">
    <skipped/>
  </testcase> <!-- ManageHsptlDetailLink_Add1TextboxIsEnabled -->
  <testcase name="manageBuildingBlockEditBtnisClickable_TIDA0029_EH230" classname="nic.ehospital.qa.testcases.ConfigureHospitalInfraPageTest">
    <skipped/>
  </testcase> <!-- manageBuildingBlockEditBtnisClickable_TIDA0029_EH230 -->
  <testcase name="hospitalLogo_UpdateBtnIsEnabled" classname="nic.ehospital.qa.testcases.ConfigureHospitalInfraPageTest">
    <skipped/>
  </testcase> <!-- hospitalLogo_UpdateBtnIsEnabled -->
  <testcase name="manageHospitalRoomsIsEnabled" classname="nic.ehospital.qa.testcases.ConfigureHospitalInfraPageTest">
    <skipped/>
  </testcase> <!-- manageHospitalRoomsIsEnabled -->
  <testcase name="editHsptlRooms_SelectBuildingOnly" classname="nic.ehospital.qa.testcases.ConfigureHospitalInfraPageTest">
    <skipped/>
  </testcase> <!-- editHsptlRooms_SelectBuildingOnly -->
  <testcase name="enteringInvalidRoomNoBlankRemarks_ManageHospitalRooms" classname="nic.ehospital.qa.testcases.ConfigureHospitalInfraPageTest">
    <skipped/>
  </testcase> <!-- enteringInvalidRoomNoBlankRemarks_ManageHospitalRooms -->
  <testcase name="ManageHospitalDetail_InputHospitalAbbreviationOnly" classname="nic.ehospital.qa.testcases.ConfigureHospitalInfraPageTest">
    <skipped/>
  </testcase> <!-- ManageHospitalDetail_InputHospitalAbbreviationOnly -->
  <testcase name="ManageHsptlDetailLink_PhnNoIsEnabled" classname="nic.ehospital.qa.testcases.ConfigureHospitalInfraPageTest">
    <skipped/>
  </testcase> <!-- ManageHsptlDetailLink_PhnNoIsEnabled -->
  <testcase name="remarksTxtboxEnabled" classname="nic.ehospital.qa.testcases.ConfigureHospitalInfraPageTest">
    <skipped/>
  </testcase> <!-- remarksTxtboxEnabled -->
  <testcase name="enteringInvalidData_ManageHospitalRooms" classname="nic.ehospital.qa.testcases.ConfigureHospitalInfraPageTest">
    <skipped/>
  </testcase> <!-- enteringInvalidData_ManageHospitalRooms -->
  <testcase name="LoginLogoutRegister_SeletuserIsDisplayed" classname="nic.ehospital.qa.testcases.ConfigureHospitalInfraPageTest">
    <skipped/>
  </testcase> <!-- LoginLogoutRegister_SeletuserIsDisplayed -->
  <testcase name="ManageHsptlDetailLink_SaveBtnIsEnabled" classname="nic.ehospital.qa.testcases.ConfigureHospitalInfraPageTest">
    <skipped/>
  </testcase> <!-- ManageHsptlDetailLink_SaveBtnIsEnabled -->
  <testcase name="enterBlockNameTextboxDisplayed_TIDA0024_EH228" classname="nic.ehospital.qa.testcases.ConfigureHospitalInfraPageTest">
    <skipped/>
  </testcase> <!-- enterBlockNameTextboxDisplayed_TIDA0024_EH228 -->
  <testcase name="manageHospitalRooms_EnteringBuildingBlockFloorRoomNo" classname="nic.ehospital.qa.testcases.ConfigureHospitalInfraPageTest">
    <skipped/>
  </testcase> <!-- manageHospitalRooms_EnteringBuildingBlockFloorRoomNo -->
  <testcase name="LoginLogoutRegister_TodayIsEnabled" classname="nic.ehospital.qa.testcases.ConfigureHospitalInfraPageTest">
    <skipped/>
  </testcase> <!-- LoginLogoutRegister_TodayIsEnabled -->
  <testcase name="updateFloorBtnIsEnabled" classname="nic.ehospital.qa.testcases.ConfigureHospitalInfraPageTest">
    <skipped/>
  </testcase> <!-- updateFloorBtnIsEnabled -->
  <testcase name="enteringInvalidRoomRemarks_editHsptlRooms" classname="nic.ehospital.qa.testcases.ConfigureHospitalInfraPageTest">
    <skipped/>
  </testcase> <!-- enteringInvalidRoomRemarks_editHsptlRooms -->
  <testcase name="roomNumbeTxtboxEnabled" classname="nic.ehospital.qa.testcases.ConfigureHospitalInfraPageTest">
    <skipped/>
  </testcase> <!-- roomNumbeTxtboxEnabled -->
  <testcase name="validatedInvalidBuildingNameEntered_TIDA0018_EH84" classname="nic.ehospital.qa.testcases.ConfigureHospitalInfraPageTest">
    <skipped/>
  </testcase> <!-- validatedInvalidBuildingNameEntered_TIDA0018_EH84 -->
  <testcase name="editBuildingNameAndUpdateInvalidData_TIDA0021_EH84" classname="nic.ehospital.qa.testcases.ConfigureHospitalInfraPageTest">
    <skipped/>
  </testcase> <!-- editBuildingNameAndUpdateInvalidData_TIDA0021_EH84 -->
  <testcase name="enterValidRoomNoInvalidRemarks_ManageHospitalRooms" classname="nic.ehospital.qa.testcases.ConfigureHospitalInfraPageTest">
    <skipped/>
  </testcase> <!-- enterValidRoomNoInvalidRemarks_ManageHospitalRooms -->
  <testcase name="saveBuildingbtnisDisplayed_TIDA0013_EH223" classname="nic.ehospital.qa.testcases.ConfigureHospitalInfraPageTest">
    <skipped/>
  </testcase> <!-- saveBuildingbtnisDisplayed_TIDA0013_EH223 -->
  <testcase name="saveFloorBtnIsDisplayed" classname="nic.ehospital.qa.testcases.ConfigureHospitalInfraPageTest">
    <skipped/>
  </testcase> <!-- saveFloorBtnIsDisplayed -->
  <testcase name="ManageHsptlDetailLink_Add1TextboxIsDisplayed" classname="nic.ehospital.qa.testcases.ConfigureHospitalInfraPageTest">
    <skipped/>
  </testcase> <!-- ManageHsptlDetailLink_Add1TextboxIsDisplayed -->
  <testcase name="BuildingNameisDisplayed_TIDA0014_EH222" classname="nic.ehospital.qa.testcases.ConfigureHospitalInfraPageTest">
    <skipped/>
  </testcase> <!-- BuildingNameisDisplayed_TIDA0014_EH222 -->
  <testcase name="ConfigureHospitalInfraLinkisEnabled_TIDA008_EH205" classname="nic.ehospital.qa.testcases.ConfigureHospitalInfraPageTest">
    <skipped/>
  </testcase> <!-- ConfigureHospitalInfraLinkisEnabled_TIDA008_EH205 -->
  <testcase name="LoginLogoutRegister_SelectFromDateIsDisplayed" classname="nic.ehospital.qa.testcases.ConfigureHospitalInfraPageTest">
    <skipped/>
  </testcase> <!-- LoginLogoutRegister_SelectFromDateIsDisplayed -->
  <testcase name="ManageHsptlDetailLink_PincodeIsDisplayed" classname="nic.ehospital.qa.testcases.ConfigureHospitalInfraPageTest">
    <skipped/>
  </testcase> <!-- ManageHsptlDetailLink_PincodeIsDisplayed -->
  <testcase name="roomNumbeTxtboxDisplayed" classname="nic.ehospital.qa.testcases.ConfigureHospitalInfraPageTest">
    <skipped/>
  </testcase> <!-- roomNumbeTxtboxDisplayed -->
  <testcase name="selectBuildingDropdownDisplayed_TIDA0023_EH227" classname="nic.ehospital.qa.testcases.ConfigureHospitalInfraPageTest">
    <skipped/>
  </testcase> <!-- selectBuildingDropdownDisplayed_TIDA0023_EH227 -->
  <testcase name="ValidateManageFloorisDisplayedTest" classname="nic.ehospital.qa.testcases.ConfigureHospitalInfraPageTest">
    <skipped/>
  </testcase> <!-- ValidateManageFloorisDisplayedTest -->
  <testcase name="LoginLogoutRegister_ShowBtnIsDisplayed" classname="nic.ehospital.qa.testcases.ConfigureHospitalInfraPageTest">
    <skipped/>
  </testcase> <!-- LoginLogoutRegister_ShowBtnIsDisplayed -->
  <testcase name="enteringInvalidRoomValidRemarks_editHsptlRoom" classname="nic.ehospital.qa.testcases.ConfigureHospitalInfraPageTest">
    <skipped/>
  </testcase> <!-- enteringInvalidRoomValidRemarks_editHsptlRoom -->
  <testcase name="validateSelectBuildingDropdwnIsMultiple_TIDA0023_EH227" classname="nic.ehospital.qa.testcases.ConfigureHospitalInfraPageTest">
    <skipped/>
  </testcase> <!-- validateSelectBuildingDropdwnIsMultiple_TIDA0023_EH227 -->
  <testcase name="saveBlockNameBtnDisplayed_TIDA0026_EH229" classname="nic.ehospital.qa.testcases.ConfigureHospitalInfraPageTest">
    <skipped/>
  </testcase> <!-- saveBlockNameBtnDisplayed_TIDA0026_EH229 -->
  <testcase name="editBuildingNameisDisplayedTest_TIDA0016_EH224" classname="nic.ehospital.qa.testcases.ConfigureHospitalInfraPageTest">
    <skipped/>
  </testcase> <!-- editBuildingNameisDisplayedTest_TIDA0016_EH224 -->
  <testcase name="updateBuildongBlockBtnisEnabled_TIDA0030_EH231" classname="nic.ehospital.qa.testcases.ConfigureHospitalInfraPageTest">
    <skipped/>
  </testcase> <!-- updateBuildongBlockBtnisEnabled_TIDA0030_EH231 -->
  <testcase name="ManageHospitalDetail_InputHsptlAbbAdd1Add2" classname="nic.ehospital.qa.testcases.ConfigureHospitalInfraPageTest">
    <skipped/>
  </testcase> <!-- ManageHospitalDetail_InputHsptlAbbAdd1Add2 -->
  <testcase name="blockDropdownEnabled" classname="nic.ehospital.qa.testcases.ConfigureHospitalInfraPageTest">
    <skipped/>
  </testcase> <!-- blockDropdownEnabled -->
  <testcase name="editHsptlRooms_SelectBuildingBlockFloor" classname="nic.ehospital.qa.testcases.ConfigureHospitalInfraPageTest">
    <skipped/>
  </testcase> <!-- editHsptlRooms_SelectBuildingBlockFloor -->
  <testcase name="manageBuildingBlockEditBtnisDisplayedTest_TIDA0029_EH230" classname="nic.ehospital.qa.testcases.ConfigureHospitalInfraPageTest">
    <skipped/>
  </testcase> <!-- manageBuildingBlockEditBtnisDisplayedTest_TIDA0029_EH230 -->
  <testcase name="AdminLinkisEnabled_TIDA002_EH203" classname="nic.ehospital.qa.testcases.ConfigureHospitalInfraPageTest">
    <skipped/>
  </testcase> <!-- AdminLinkisEnabled_TIDA002_EH203 -->
  <testcase name="saveBuildingbtnisEnabled_TIDA0013_EH223" classname="nic.ehospital.qa.testcases.ConfigureHospitalInfraPageTest">
    <skipped/>
  </testcase> <!-- saveBuildingbtnisEnabled_TIDA0013_EH223 -->
  <testcase name="validateSelectBuildingDropdownEnabled_TIDA0023_EH227" classname="nic.ehospital.qa.testcases.ConfigureHospitalInfraPageTest">
    <skipped/>
  </testcase> <!-- validateSelectBuildingDropdownEnabled_TIDA0023_EH227 -->
  <testcase name="LoginLogoutRegister_TodayIsDisplayed" classname="nic.ehospital.qa.testcases.ConfigureHospitalInfraPageTest">
    <skipped/>
  </testcase> <!-- LoginLogoutRegister_TodayIsDisplayed -->
  <testcase name="ManageHsptlDetailLink_SaveBtnIsDisplayed" classname="nic.ehospital.qa.testcases.ConfigureHospitalInfraPageTest">
    <skipped/>
  </testcase> <!-- ManageHsptlDetailLink_SaveBtnIsDisplayed -->
  <testcase name="hospitalLogo_UpdateBtnIsDisplayed" classname="nic.ehospital.qa.testcases.ConfigureHospitalInfraPageTest">
    <skipped/>
  </testcase> <!-- hospitalLogo_UpdateBtnIsDisplayed -->
  <testcase name="invalidBuildingBlockNameAndUpdateTest_TIDA0035_EH86" classname="nic.ehospital.qa.testcases.ConfigureHospitalInfraPageTest">
    <skipped/>
  </testcase> <!-- invalidBuildingBlockNameAndUpdateTest_TIDA0035_EH86 -->
  <testcase name="ManageHospitalDetails_IsDisplayed" classname="nic.ehospital.qa.testcases.ConfigureHospitalInfraPageTest">
    <skipped/>
  </testcase> <!-- ManageHospitalDetails_IsDisplayed -->
  <testcase name="ManageHsptlDetailLink_PhnNoIsDisplayed" classname="nic.ehospital.qa.testcases.ConfigureHospitalInfraPageTest">
    <skipped/>
  </testcase> <!-- ManageHsptlDetailLink_PhnNoIsDisplayed -->
  <testcase name="ValidateManageFloorisEnabledTest" classname="nic.ehospital.qa.testcases.ConfigureHospitalInfraPageTest">
    <skipped/>
  </testcase> <!-- ValidateManageFloorisEnabledTest -->
  <testcase name="roomNoBlankEnterInvalidRemarks_ManageHospitalRooms" classname="nic.ehospital.qa.testcases.ConfigureHospitalInfraPageTest">
    <skipped/>
  </testcase> <!-- roomNoBlankEnterInvalidRemarks_ManageHospitalRooms -->
  <testcase name="ConfigureHospitalInfraLinkisDisplayed_TIDA007_EH205" classname="nic.ehospital.qa.testcases.ConfigureHospitalInfraPageTest">
    <skipped/>
  </testcase> <!-- ConfigureHospitalInfraLinkisDisplayed_TIDA007_EH205 -->
  <testcase name="manageHospitalRooms_SelectBuildingBlockFloor" classname="nic.ehospital.qa.testcases.ConfigureHospitalInfraPageTest">
    <skipped/>
  </testcase> <!-- manageHospitalRooms_SelectBuildingBlockFloor -->
  <testcase name="saveFloorBtnIsEnabled" classname="nic.ehospital.qa.testcases.ConfigureHospitalInfraPageTest">
    <skipped/>
  </testcase> <!-- saveFloorBtnIsEnabled -->
  <testcase name="buildingDropdwnIsMultiple" classname="nic.ehospital.qa.testcases.ConfigureHospitalInfraPageTest">
    <skipped/>
  </testcase> <!-- buildingDropdwnIsMultiple -->
  <testcase name="enteringValidDataForHospitalRooms" classname="nic.ehospital.qa.testcases.ConfigureHospitalInfraPageTest">
    <skipped/>
  </testcase> <!-- enteringValidDataForHospitalRooms -->
  <testcase name="manageHospitalRoomsIsDisplayed" classname="nic.ehospital.qa.testcases.ConfigureHospitalInfraPageTest">
    <skipped/>
  </testcase> <!-- manageHospitalRoomsIsDisplayed -->
  <testcase name="selectUsernameDropdownIsMultiple" classname="nic.ehospital.qa.testcases.AddEditUserRoleTest">
    <skipped/>
  </testcase> <!-- selectUsernameDropdownIsMultiple -->
  <testcase name="selectUsernameDropdownIsEnabled" classname="nic.ehospital.qa.testcases.AddEditUserRoleTest">
    <skipped/>
  </testcase> <!-- selectUsernameDropdownIsEnabled -->
  <testcase name="clinicChkboxIsEnabled" classname="nic.ehospital.qa.testcases.AddEditUserRoleTest">
    <skipped/>
  </testcase> <!-- clinicChkboxIsEnabled -->
  <testcase name="enterInvalidEmpName" classname="nic.ehospital.qa.testcases.AddEditUserRoleTest">
    <skipped/>
  </testcase> <!-- enterInvalidEmpName -->
  <testcase name="selectEmployeeDropdownIsEnabled" classname="nic.ehospital.qa.testcases.AddEditUserRoleTest">
    <skipped/>
  </testcase> <!-- selectEmployeeDropdownIsEnabled -->
  <testcase name="selectEmployeeDropdownIsMultiple" classname="nic.ehospital.qa.testcases.AddEditUserRoleTest">
    <skipped/>
  </testcase> <!-- selectEmployeeDropdownIsMultiple -->
  <testcase name="empNameTxtboxIsEnabled" classname="nic.ehospital.qa.testcases.AddEditUserRoleTest">
    <skipped/>
  </testcase> <!-- empNameTxtboxIsEnabled -->
  <testcase name="searchBtnIsDisplayed" classname="nic.ehospital.qa.testcases.AddEditUserRoleTest">
    <skipped/>
  </testcase> <!-- searchBtnIsDisplayed -->
  <testcase name="selectUsernameFromDrpdwnAsPerEmpSelected" classname="nic.ehospital.qa.testcases.AddEditUserRoleTest">
    <skipped/>
  </testcase> <!-- selectUsernameFromDrpdwnAsPerEmpSelected -->
  <testcase name="saveUserRoleBtnIsDisplayed" classname="nic.ehospital.qa.testcases.AddEditUserRoleTest">
    <skipped/>
  </testcase> <!-- saveUserRoleBtnIsDisplayed -->
  <testcase name="selectUsernameDropdownIsDisplayed" classname="nic.ehospital.qa.testcases.AddEditUserRoleTest">
    <skipped/>
  </testcase> <!-- selectUsernameDropdownIsDisplayed -->
  <testcase name="clinicChkboxIsClickable" classname="nic.ehospital.qa.testcases.AddEditUserRoleTest">
    <skipped/>
  </testcase> <!-- clinicChkboxIsClickable -->
  <testcase name="enterValidEmpName" classname="nic.ehospital.qa.testcases.AddEditUserRoleTest">
    <skipped/>
  </testcase> <!-- enterValidEmpName -->
  <testcase name="selectEmployeeDropdownIsDisplayed" classname="nic.ehospital.qa.testcases.AddEditUserRoleTest">
    <skipped/>
  </testcase> <!-- selectEmployeeDropdownIsDisplayed -->
  <testcase name="searchBtnIsEnabled" classname="nic.ehospital.qa.testcases.AddEditUserRoleTest">
    <skipped/>
  </testcase> <!-- searchBtnIsEnabled -->
  <testcase name="selectEmployeeFromDrpdwnAsPerNameSearched" classname="nic.ehospital.qa.testcases.AddEditUserRoleTest">
    <skipped/>
  </testcase> <!-- selectEmployeeFromDrpdwnAsPerNameSearched -->
  <testcase name="clinicChkboxIsDisplayed" classname="nic.ehospital.qa.testcases.AddEditUserRoleTest">
    <skipped/>
  </testcase> <!-- clinicChkboxIsDisplayed -->
  <testcase name="saveUserRoleBtnIsEnabled" classname="nic.ehospital.qa.testcases.AddEditUserRoleTest">
    <skipped/>
  </testcase> <!-- saveUserRoleBtnIsEnabled -->
  <testcase name="empNameTxtboxIsDisplayed" classname="nic.ehospital.qa.testcases.AddEditUserRoleTest">
    <skipped/>
  </testcase> <!-- empNameTxtboxIsDisplayed -->
  <testcase name="selectUserDrpdwnIsMultiple" classname="nic.ehospital.qa.testcases.UserPermissionForPatientUpdateTest">
    <skipped/>
  </testcase> <!-- selectUserDrpdwnIsMultiple -->
  <testcase name="selectUserDrpdwnIsEnabled" classname="nic.ehospital.qa.testcases.UserPermissionForPatientUpdateTest">
    <skipped/>
  </testcase> <!-- selectUserDrpdwnIsEnabled -->
  <testcase name="updateNewPermissionDrpdwnIsMultiple" classname="nic.ehospital.qa.testcases.UserPermissionForPatientUpdateTest">
    <skipped/>
  </testcase> <!-- updateNewPermissionDrpdwnIsMultiple -->
  <testcase name="updateNewPermissionFromDrpdwnAndClickUpdateBtn" classname="nic.ehospital.qa.testcases.UserPermissionForPatientUpdateTest">
    <skipped/>
  </testcase> <!-- updateNewPermissionFromDrpdwnAndClickUpdateBtn -->
  <testcase name="selectUserOnlyandClickSaveBtn" classname="nic.ehospital.qa.testcases.UserPermissionForPatientUpdateTest">
    <skipped/>
  </testcase> <!-- selectUserOnlyandClickSaveBtn -->
  <testcase name="selectPermissionTypeDrpdwnIsMultiple" classname="nic.ehospital.qa.testcases.UserPermissionForPatientUpdateTest">
    <skipped/>
  </testcase> <!-- selectPermissionTypeDrpdwnIsMultiple -->
  <testcase name="updateBtnIsEnabled" classname="nic.ehospital.qa.testcases.UserPermissionForPatientUpdateTest">
    <skipped/>
  </testcase> <!-- updateBtnIsEnabled -->
  <testcase name="saveBtnIsDisplayed" classname="nic.ehospital.qa.testcases.UserPermissionForPatientUpdateTest">
    <skipped/>
  </testcase> <!-- saveBtnIsDisplayed -->
  <testcase name="updateNewPermissionDrpdwnIsEnabled" classname="nic.ehospital.qa.testcases.UserPermissionForPatientUpdateTest">
    <skipped/>
  </testcase> <!-- updateNewPermissionDrpdwnIsEnabled -->
  <testcase name="selectPermissionTypeOnlyandClickSaveBtn" classname="nic.ehospital.qa.testcases.UserPermissionForPatientUpdateTest">
    <skipped/>
  </testcase> <!-- selectPermissionTypeOnlyandClickSaveBtn -->
  <testcase name="selectPermissionTypeDrpdwnIsDisplayed" classname="nic.ehospital.qa.testcases.UserPermissionForPatientUpdateTest">
    <skipped/>
  </testcase> <!-- selectPermissionTypeDrpdwnIsDisplayed -->
  <testcase name="selectUserDrpdwnIsDisplayed" classname="nic.ehospital.qa.testcases.UserPermissionForPatientUpdateTest">
    <skipped/>
  </testcase> <!-- selectUserDrpdwnIsDisplayed -->
  <testcase name="saveBtnIsEnabled" classname="nic.ehospital.qa.testcases.UserPermissionForPatientUpdateTest">
    <skipped/>
  </testcase> <!-- saveBtnIsEnabled -->
  <testcase name="updateBtnIsDisplayed" classname="nic.ehospital.qa.testcases.UserPermissionForPatientUpdateTest">
    <skipped/>
  </testcase> <!-- updateBtnIsDisplayed -->
  <testcase name="selectPermissionTypeDrpdwnIsEnabled" classname="nic.ehospital.qa.testcases.UserPermissionForPatientUpdateTest">
    <skipped/>
  </testcase> <!-- selectPermissionTypeDrpdwnIsEnabled -->
  <testcase name="selectUserAndPermissionTypeBothClickSaveBtn" classname="nic.ehospital.qa.testcases.UserPermissionForPatientUpdateTest">
    <skipped/>
  </testcase> <!-- selectUserAndPermissionTypeBothClickSaveBtn -->
  <testcase name="updateNewPermissionDrpdwnIsDisplayed" classname="nic.ehospital.qa.testcases.UserPermissionForPatientUpdateTest">
    <skipped/>
  </testcase> <!-- updateNewPermissionDrpdwnIsDisplayed -->
  <testcase name="wardUnitMapping_UnitNameDrpdwnIsMultiple" classname="nic.ehospital.qa.testcases.ConfigurePointOfTreatmentPageTest">
    <skipped/>
  </testcase> <!-- wardUnitMapping_UnitNameDrpdwnIsMultiple -->
  <testcase name="edit_EnterInvalidShiftDetailsInAllFields" classname="nic.ehospital.qa.testcases.ConfigurePointOfTreatmentPageTest">
    <skipped/>
  </testcase> <!-- edit_EnterInvalidShiftDetailsInAllFields -->
  <testcase name="ManageUser_EmailTxBoxIsDisplayed" classname="nic.ehospital.qa.testcases.ConfigurePointOfTreatmentPageTest">
    <skipped/>
  </testcase> <!-- ManageUser_EmailTxBoxIsDisplayed -->
  <testcase name="onlySelectExistingDept" classname="nic.ehospital.qa.testcases.ConfigurePointOfTreatmentPageTest">
    <skipped/>
  </testcase> <!-- onlySelectExistingDept -->
  <testcase name="edit_EnterValidShiftNameInvalidTimingAndBlankShiftTypeDrpdwn" classname="nic.ehospital.qa.testcases.ConfigurePointOfTreatmentPageTest">
    <skipped/>
  </testcase> <!-- edit_EnterValidShiftNameInvalidTimingAndBlankShiftTypeDrpdwn -->
  <testcase name="AddNewDepartment_DepartmentDrpdwnIsMultiple" classname="nic.ehospital.qa.testcases.ConfigurePointOfTreatmentPageTest">
    <skipped/>
  </testcase> <!-- AddNewDepartment_DepartmentDrpdwnIsMultiple -->
  <testcase name="clinicTypeDrpdwnIsDisplayed" classname="nic.ehospital.qa.testcases.ConfigurePointOfTreatmentPageTest">
    <skipped/>
  </testcase> <!-- clinicTypeDrpdwnIsDisplayed -->
  <testcase name="addBedBtnIsDisplayed" classname="nic.ehospital.qa.testcases.ConfigurePointOfTreatmentPageTest">
    <skipped/>
  </testcase> <!-- addBedBtnIsDisplayed -->
  <testcase name="shiftsEditBtnIsDisplayed" classname="nic.ehospital.qa.testcases.ConfigurePointOfTreatmentPageTest">
    <skipped/>
  </testcase> <!-- shiftsEditBtnIsDisplayed -->
  <testcase name="enteringValidDeptDescription" classname="nic.ehospital.qa.testcases.ConfigurePointOfTreatmentPageTest">
    <skipped/>
  </testcase> <!-- enteringValidDeptDescription -->
  <testcase name="ManageUser_SelectInitialAndClickSaveBtn" classname="nic.ehospital.qa.testcases.ConfigurePointOfTreatmentPageTest">
    <skipped/>
  </testcase> <!-- ManageUser_SelectInitialAndClickSaveBtn -->
  <testcase name="enterWardNameAndGenderClickSaveBtn" classname="nic.ehospital.qa.testcases.ConfigurePointOfTreatmentPageTest">
    <skipped/>
  </testcase> <!-- enterWardNameAndGenderClickSaveBtn -->
  <testcase name="enteringValidDeptName" classname="nic.ehospital.qa.testcases.ConfigurePointOfTreatmentPageTest">
    <skipped/>
  </testcase> <!-- enteringValidDeptName -->
  <testcase name="selectShiftTypeDrpdwnIsEnabled" classname="nic.ehospital.qa.testcases.ConfigurePointOfTreatmentPageTest">
    <skipped/>
  </testcase> <!-- selectShiftTypeDrpdwnIsEnabled -->
  <testcase name="shiftsSaveBtnIsEnabled" classname="nic.ehospital.qa.testcases.ConfigurePointOfTreatmentPageTest">
    <skipped/>
  </testcase> <!-- shiftsSaveBtnIsEnabled -->
  <testcase name="edit_enterInvalidClinicNameBlankDropdown" classname="nic.ehospital.qa.testcases.ConfigurePointOfTreatmentPageTest">
    <skipped/>
  </testcase> <!-- edit_enterInvalidClinicNameBlankDropdown -->
  <testcase name="wardNameTxtboxIsEnabled" classname="nic.ehospital.qa.testcases.ConfigurePointOfTreatmentPageTest">
    <skipped/>
  </testcase> <!-- wardNameTxtboxIsEnabled -->
  <testcase name="ManageUser_SelectInitialFstLstNameAndClickSaveBtn" classname="nic.ehospital.qa.testcases.ConfigurePointOfTreatmentPageTest">
    <skipped/>
  </testcase> <!-- ManageUser_SelectInitialFstLstNameAndClickSaveBtn -->
  <testcase name="removeBedBtnIsDisplayed" classname="nic.ehospital.qa.testcases.ConfigurePointOfTreatmentPageTest">
    <skipped/>
  </testcase> <!-- removeBedBtnIsDisplayed -->
  <testcase name="bedNoTxtboxIsEnabled" classname="nic.ehospital.qa.testcases.ConfigurePointOfTreatmentPageTest">
    <skipped/>
  </testcase> <!-- bedNoTxtboxIsEnabled -->
  <testcase name="ManageUser_InitalsDrpdwnIsEnabled" classname="nic.ehospital.qa.testcases.ConfigurePointOfTreatmentPageTest">
    <skipped/>
  </testcase> <!-- ManageUser_InitalsDrpdwnIsEnabled -->
  <testcase name="wardListDrpdwnIsMultiple" classname="nic.ehospital.qa.testcases.ConfigurePointOfTreatmentPageTest">
    <skipped/>
  </testcase> <!-- wardListDrpdwnIsMultiple -->
  <testcase name="selectShiftTypeDrpdwnIsMultiple" classname="nic.ehospital.qa.testcases.ConfigurePointOfTreatmentPageTest">
    <skipped/>
  </testcase> <!-- selectShiftTypeDrpdwnIsMultiple -->
  <testcase name="shiftsEditBtnIsEnabled" classname="nic.ehospital.qa.testcases.ConfigurePointOfTreatmentPageTest">
    <skipped/>
  </testcase> <!-- shiftsEditBtnIsEnabled -->
  <testcase name="clickingSaveBtnWithoutRemovingBed" classname="nic.ehospital.qa.testcases.ConfigurePointOfTreatmentPageTest">
    <skipped/>
  </testcase> <!-- clickingSaveBtnWithoutRemovingBed -->
  <testcase name="updateClinicBtnIsDisplayed" classname="nic.ehospital.qa.testcases.ConfigurePointOfTreatmentPageTest">
    <skipped/>
  </testcase> <!-- updateClinicBtnIsDisplayed -->
  <testcase name="showIsolationWardListBtnIsEnabled" classname="nic.ehospital.qa.testcases.ConfigurePointOfTreatmentPageTest">
    <skipped/>
  </testcase> <!-- showIsolationWardListBtnIsEnabled -->
  <testcase name="onlyWardNameAlreadySelectedClickUpdateBtn" classname="nic.ehospital.qa.testcases.ConfigurePointOfTreatmentPageTest">
    <skipped/>
  </testcase> <!-- onlyWardNameAlreadySelectedClickUpdateBtn -->
  <testcase name="wardUnitMappingLinkIsDisplayed" classname="nic.ehospital.qa.testcases.ConfigurePointOfTreatmentPageTest">
    <skipped/>
  </testcase> <!-- wardUnitMappingLinkIsDisplayed -->
  <testcase name="AddNewDepartment_DeptNameTxBoxIsEnabled" classname="nic.ehospital.qa.testcases.ConfigurePointOfTreatmentPageTest">
    <skipped/>
  </testcase> <!-- AddNewDepartment_DeptNameTxBoxIsEnabled -->
  <testcase name="enterDeptInvalidUnitNameAndClickSaveBtn" classname="nic.ehospital.qa.testcases.ConfigurePointOfTreatmentPageTest">
    <skipped/>
  </testcase> <!-- enterDeptInvalidUnitNameAndClickSaveBtn -->
  <testcase name="mapWardVsIcuIsolationLinkIsDisplayed" classname="nic.ehospital.qa.testcases.ConfigurePointOfTreatmentPageTest">
    <skipped/>
  </testcase> <!-- mapWardVsIcuIsolationLinkIsDisplayed -->
  <testcase name="saveWardBtnIsEnabled" classname="nic.ehospital.qa.testcases.ConfigurePointOfTreatmentPageTest">
    <skipped/>
  </testcase> <!-- saveWardBtnIsEnabled -->
  <testcase name="casualtyWardRadioBtnNoIsDisplayed" classname="nic.ehospital.qa.testcases.ConfigurePointOfTreatmentPageTest">
    <skipped/>
  </testcase> <!-- casualtyWardRadioBtnNoIsDisplayed -->
  <testcase name="clinicTypeDrpdwnIsEnabled" classname="nic.ehospital.qa.testcases.ConfigurePointOfTreatmentPageTest">
    <skipped/>
  </testcase> <!-- clinicTypeDrpdwnIsEnabled -->
  <testcase name="manageWardsIsDisplayed" classname="nic.ehospital.qa.testcases.ConfigurePointOfTreatmentPageTest">
    <skipped/>
  </testcase> <!-- manageWardsIsDisplayed -->
  <testcase name="shiftNameTxtboxIsDisplayed" classname="nic.ehospital.qa.testcases.ConfigurePointOfTreatmentPageTest">
    <skipped/>
  </testcase> <!-- shiftNameTxtboxIsDisplayed -->
  <testcase name="ManageUser_SelectInitialFstLstNameDesigMobAndClickSaveBtn" classname="nic.ehospital.qa.testcases.ConfigurePointOfTreatmentPageTest">
    <skipped/>
  </testcase> <!-- ManageUser_SelectInitialFstLstNameDesigMobAndClickSaveBtn -->
  <testcase name="editIsolationWardListBtnIsEnabled" classname="nic.ehospital.qa.testcases.ConfigurePointOfTreatmentPageTest">
    <skipped/>
  </testcase> <!-- editIsolationWardListBtnIsEnabled -->
  <testcase name="genderSpecificCheckboxIsDisplayed" classname="nic.ehospital.qa.testcases.ConfigurePointOfTreatmentPageTest">
    <skipped/>
  </testcase> <!-- genderSpecificCheckboxIsDisplayed -->
  <testcase name="editUnitEnterInvalidUnitName" classname="nic.ehospital.qa.testcases.ConfigurePointOfTreatmentPageTest">
    <skipped/>
  </testcase> <!-- editUnitEnterInvalidUnitName -->
  <testcase name="shiftTmingsToTxtboxIsEnabled" classname="nic.ehospital.qa.testcases.ConfigurePointOfTreatmentPageTest">
    <skipped/>
  </testcase> <!-- shiftTmingsToTxtboxIsEnabled -->
  <testcase name="totalNoOfBedsTxtboxIsDisplayed" classname="nic.ehospital.qa.testcases.ConfigurePointOfTreatmentPageTest">
    <skipped/>
  </testcase> <!-- totalNoOfBedsTxtboxIsDisplayed -->
  <testcase name="updateWardBtnIsEnabled" classname="nic.ehospital.qa.testcases.ConfigurePointOfTreatmentPageTest">
    <skipped/>
  </testcase> <!-- updateWardBtnIsEnabled -->
  <testcase name="wardNameTxtboxIsDisplayed" classname="nic.ehospital.qa.testcases.ConfigurePointOfTreatmentPageTest">
    <skipped/>
  </testcase> <!-- wardNameTxtboxIsDisplayed -->
  <testcase name="saveBtnForBedIsEnabled" classname="nic.ehospital.qa.testcases.ConfigurePointOfTreatmentPageTest">
    <skipped/>
  </testcase> <!-- saveBtnForBedIsEnabled -->
  <testcase name="edit_enterValidClinicNameAndDropdown" classname="nic.ehospital.qa.testcases.ConfigurePointOfTreatmentPageTest">
    <skipped/>
  </testcase> <!-- edit_enterValidClinicNameAndDropdown -->
  <testcase name="prefixTxtboxIsDisplayed" classname="nic.ehospital.qa.testcases.ConfigurePointOfTreatmentPageTest">
    <skipped/>
  </testcase> <!-- prefixTxtboxIsDisplayed -->
  <testcase name="manageUnitsLinkisDisplayed" classname="nic.ehospital.qa.testcases.ConfigurePointOfTreatmentPageTest">
    <skipped/>
  </testcase> <!-- manageUnitsLinkisDisplayed -->
  <testcase name="manageDepartmentIsDisplayed" classname="nic.ehospital.qa.testcases.ConfigurePointOfTreatmentPageTest">
    <skipped/>
  </testcase> <!-- manageDepartmentIsDisplayed -->
  <testcase name="ManageUser_GenrateUsrNameBtnIsEnabled" classname="nic.ehospital.qa.testcases.ConfigurePointOfTreatmentPageTest">
    <skipped/>
  </testcase> <!-- ManageUser_GenrateUsrNameBtnIsEnabled -->
  <testcase name="ManageUser_GenrateUsrNameBtnIsDisplayed" classname="nic.ehospital.qa.testcases.ConfigurePointOfTreatmentPageTest">
    <skipped/>
  </testcase> <!-- ManageUser_GenrateUsrNameBtnIsDisplayed -->
  <testcase name="enterInvalidClinicNameBlankDropdown" classname="nic.ehospital.qa.testcases.ConfigurePointOfTreatmentPageTest">
    <skipped/>
  </testcase> <!-- enterInvalidClinicNameBlankDropdown -->
  <testcase name="AddNewDepartment_DeptNameTxBoxIsDisplayed" classname="nic.ehospital.qa.testcases.ConfigurePointOfTreatmentPageTest">
    <skipped/>
  </testcase> <!-- AddNewDepartment_DeptNameTxBoxIsDisplayed -->
  <testcase name="selectDeptAndClickSaveBtn" classname="nic.ehospital.qa.testcases.ConfigurePointOfTreatmentPageTest">
    <skipped/>
  </testcase> <!-- selectDeptAndClickSaveBtn -->
  <testcase name="selectBothWardUnitNameAndClickSaveBtn" classname="nic.ehospital.qa.testcases.ConfigurePointOfTreatmentPageTest">
    <skipped/>
  </testcase> <!-- selectBothWardUnitNameAndClickSaveBtn -->
  <testcase name="wardUnitMapping_UnitNameDrpdwnIsDisplayed" classname="nic.ehospital.qa.testcases.ConfigurePointOfTreatmentPageTest">
    <skipped/>
  </testcase> <!-- wardUnitMapping_UnitNameDrpdwnIsDisplayed -->
  <testcase name="enterValidWardAbbreviation" classname="nic.ehospital.qa.testcases.ConfigurePointOfTreatmentPageTest">
    <skipped/>
  </testcase> <!-- enterValidWardAbbreviation -->
  <testcase name="showIsolationWardListBtnIsDisplayed" classname="nic.ehospital.qa.testcases.ConfigurePointOfTreatmentPageTest">
    <skipped/>
  </testcase> <!-- showIsolationWardListBtnIsDisplayed -->
  <testcase name="addNewUnit_SaveBtnIsDisplayed" classname="nic.ehospital.qa.testcases.ConfigurePointOfTreatmentPageTest">
    <skipped/>
  </testcase> <!-- addNewUnit_SaveBtnIsDisplayed -->
  <testcase name="clinicNameTxtboxIsDisplayed" classname="nic.ehospital.qa.testcases.ConfigurePointOfTreatmentPageTest">
    <skipped/>
  </testcase> <!-- clinicNameTxtboxIsDisplayed -->
  <testcase name="edit_enterValidClinicNameBlankDropdown" classname="nic.ehospital.qa.testcases.ConfigurePointOfTreatmentPageTest">
    <skipped/>
  </testcase> <!-- edit_enterValidClinicNameBlankDropdown -->
  <testcase name="showIcuWardListBtnIsEnabled" classname="nic.ehospital.qa.testcases.ConfigurePointOfTreatmentPageTest">
    <skipped/>
  </testcase> <!-- showIcuWardListBtnIsEnabled -->
  <testcase name="editWard_AllFIeldsBlank" classname="nic.ehospital.qa.testcases.ConfigurePointOfTreatmentPageTest">
    <skipped/>
  </testcase> <!-- editWard_AllFIeldsBlank -->
  <testcase name="oldBedPrefixNewBedSelectedEnterInvalidPostfix" classname="nic.ehospital.qa.testcases.ConfigurePointOfTreatmentPageTest">
    <skipped/>
  </testcase> <!-- oldBedPrefixNewBedSelectedEnterInvalidPostfix -->
  <testcase name="blankClinicNameTypeSelected" classname="nic.ehospital.qa.testcases.ConfigurePointOfTreatmentPageTest">
    <skipped/>
  </testcase> <!-- blankClinicNameTypeSelected -->
  <testcase name="postfixTxtboxIsDisplayed" classname="nic.ehospital.qa.testcases.ConfigurePointOfTreatmentPageTest">
    <skipped/>
  </testcase> <!-- postfixTxtboxIsDisplayed -->
  <testcase name="shiftsUpdateBtnIsEnabled" classname="nic.ehospital.qa.testcases.ConfigurePointOfTreatmentPageTest">
    <skipped/>
  </testcase> <!-- shiftsUpdateBtnIsEnabled -->
  <testcase name="AddNewDepartment_AddDepartmentIsEnabled" classname="nic.ehospital.qa.testcases.ConfigurePointOfTreatmentPageTest">
    <skipped/>
  </testcase> <!-- AddNewDepartment_AddDepartmentIsEnabled -->
  <testcase name="clinicalChkboxIsDisplayed" classname="nic.ehospital.qa.testcases.ConfigurePointOfTreatmentPageTest">
    <skipped/>
  </testcase> <!-- clinicalChkboxIsDisplayed -->
  <testcase name="wardListDrpdwnIsDisplayed" classname="nic.ehospital.qa.testcases.ConfigurePointOfTreatmentPageTest">
    <skipped/>
  </testcase> <!-- wardListDrpdwnIsDisplayed -->
  <testcase name="saveClinicBtnIsDisplayed" classname="nic.ehospital.qa.testcases.ConfigurePointOfTreatmentPageTest">
    <skipped/>
  </testcase> <!-- saveClinicBtnIsDisplayed -->
  <testcase name="ManageUser_MobileTxBoxIsEnabled" classname="nic.ehospital.qa.testcases.ConfigurePointOfTreatmentPageTest">
    <skipped/>
  </testcase> <!-- ManageUser_MobileTxBoxIsEnabled -->
  <testcase name="ManageUser_LastNameTxBoxIsDisplayed" classname="nic.ehospital.qa.testcases.ConfigurePointOfTreatmentPageTest">
    <skipped/>
  </testcase> <!-- ManageUser_LastNameTxBoxIsDisplayed -->
  <testcase name="addNewUnit_SaveBtnIsEnabled" classname="nic.ehospital.qa.testcases.ConfigurePointOfTreatmentPageTest">
    <skipped/>
  </testcase> <!-- addNewUnit_SaveBtnIsEnabled -->
  <testcase name="ManageUser_DesignatonDrpdwnIsEnabled" classname="nic.ehospital.qa.testcases.ConfigurePointOfTreatmentPageTest">
    <skipped/>
  </testcase> <!-- ManageUser_DesignatonDrpdwnIsEnabled -->
  <testcase name="AddNewDepartment_DepartmentDrpdwnIsDisplayed" classname="nic.ehospital.qa.testcases.ConfigurePointOfTreatmentPageTest">
    <skipped/>
  </testcase> <!-- AddNewDepartment_DepartmentDrpdwnIsDisplayed -->
  <testcase name="clickingSaveBtnWithoutPrePostfix" classname="nic.ehospital.qa.testcases.ConfigurePointOfTreatmentPageTest">
    <skipped/>
  </testcase> <!-- clickingSaveBtnWithoutPrePostfix -->
  <testcase name="ManageDepartment_AddNewDepartmentIsDisplayed" classname="nic.ehospital.qa.testcases.ConfigurePointOfTreatmentPageTest">
    <skipped/>
  </testcase> <!-- ManageDepartment_AddNewDepartmentIsDisplayed -->
  <testcase name="edit_ValidShiftNameTimingShiftTypeSelectedClickSaveBtn" classname="nic.ehospital.qa.testcases.ConfigurePointOfTreatmentPageTest">
    <skipped/>
  </testcase> <!-- edit_ValidShiftNameTimingShiftTypeSelectedClickSaveBtn -->
  <testcase name="shiftTmingsToTxtboxIsDisplayed" classname="nic.ehospital.qa.testcases.ConfigurePointOfTreatmentPageTest">
    <skipped/>
  </testcase> <!-- shiftTmingsToTxtboxIsDisplayed -->
  <testcase name="wardUnitMapping_UpdateBtnIsEnabled" classname="nic.ehospital.qa.testcases.ConfigurePointOfTreatmentPageTest">
    <skipped/>
  </testcase> <!-- wardUnitMapping_UpdateBtnIsEnabled -->
  <testcase name="wardUnitMapping_DeleteBtnIsDisplayed" classname="nic.ehospital.qa.testcases.ConfigurePointOfTreatmentPageTest">
    <skipped/>
  </testcase> <!-- wardUnitMapping_DeleteBtnIsDisplayed -->
  <testcase name="ManageDepartment_AddNewDepartmentIsEnabled" classname="nic.ehospital.qa.testcases.ConfigurePointOfTreatmentPageTest">
    <skipped/>
  </testcase> <!-- ManageDepartment_AddNewDepartmentIsEnabled -->
  <testcase name="selectBedNoAndClickSaveBtn" classname="nic.ehospital.qa.testcases.ConfigurePointOfTreatmentPageTest">
    <skipped/>
  </testcase> <!-- selectBedNoAndClickSaveBtn -->
  <testcase name="editUnitEnterValidUnitName" classname="nic.ehospital.qa.testcases.ConfigurePointOfTreatmentPageTest">
    <skipped/>
  </testcase> <!-- editUnitEnterValidUnitName -->
  <testcase name="manageClinicLinkIsDisplayed" classname="nic.ehospital.qa.testcases.ConfigurePointOfTreatmentPageTest">
    <skipped/>
  </testcase> <!-- manageClinicLinkIsDisplayed -->
  <testcase name="selectIsCasualtyRadioBtn" classname="nic.ehospital.qa.testcases.ConfigurePointOfTreatmentPageTest">
    <skipped/>
  </testcase> <!-- selectIsCasualtyRadioBtn -->
  <testcase name="enteringInvalidDeptDescription" classname="nic.ehospital.qa.testcases.ConfigurePointOfTreatmentPageTest">
    <skipped/>
  </testcase> <!-- enteringInvalidDeptDescription -->
  <testcase name="prefixTxtboxIsEnabled" classname="nic.ehospital.qa.testcases.ConfigurePointOfTreatmentPageTest">
    <skipped/>
  </testcase> <!-- prefixTxtboxIsEnabled -->
  <testcase name="selectingUnitNameOnlyAndClickSaveBtn" classname="nic.ehospital.qa.testcases.ConfigurePointOfTreatmentPageTest">
    <skipped/>
  </testcase> <!-- selectingUnitNameOnlyAndClickSaveBtn -->
  <testcase name="manageUnit_EditBtnIsEnabled" classname="nic.ehospital.qa.testcases.ConfigurePointOfTreatmentPageTest">
    <skipped/>
  </testcase> <!-- manageUnit_EditBtnIsEnabled -->
  <testcase name="showBedListBtnIsDisplayed" classname="nic.ehospital.qa.testcases.ConfigurePointOfTreatmentPageTest">
    <skipped/>
  </testcase> <!-- showBedListBtnIsDisplayed -->
  <testcase name="addNewUnit_DeptNameDrpdwnIsMultiple" classname="nic.ehospital.qa.testcases.ConfigurePointOfTreatmentPageTest">
    <skipped/>
  </testcase> <!-- addNewUnit_DeptNameDrpdwnIsMultiple -->
  <testcase name="shiftTmingsFromTxtboxIsDisplayed" classname="nic.ehospital.qa.testcases.ConfigurePointOfTreatmentPageTest">
    <skipped/>
  </testcase> <!-- shiftTmingsFromTxtboxIsDisplayed -->
  <testcase name="showIcuWardListBtnIsDisplayed" classname="nic.ehospital.qa.testcases.ConfigurePointOfTreatmentPageTest">
    <skipped/>
  </testcase> <!-- showIcuWardListBtnIsDisplayed -->
  <testcase name="totalNoOfBedsTxtboxIsEnabled" classname="nic.ehospital.qa.testcases.ConfigurePointOfTreatmentPageTest">
    <skipped/>
  </testcase> <!-- totalNoOfBedsTxtboxIsEnabled -->
  <testcase name="selectBothWardUnitNameAndClickUpdateBtn" classname="nic.ehospital.qa.testcases.ConfigurePointOfTreatmentPageTest">
    <skipped/>
  </testcase> <!-- selectBothWardUnitNameAndClickUpdateBtn -->
  <testcase name="manageUnit_EditBtnIsDisplayed" classname="nic.ehospital.qa.testcases.ConfigurePointOfTreatmentPageTest">
    <skipped/>
  </testcase> <!-- manageUnit_EditBtnIsDisplayed -->
  <testcase name="enterInvalidShiftNameOnly" classname="nic.ehospital.qa.testcases.ConfigurePointOfTreatmentPageTest">
    <skipped/>
  </testcase> <!-- enterInvalidShiftNameOnly -->
  <testcase name="enteringInvalidDeptName" classname="nic.ehospital.qa.testcases.ConfigurePointOfTreatmentPageTest">
    <skipped/>
  </testcase> <!-- enteringInvalidDeptName -->
  <testcase name="selectDeptUnitNameInChargeAndDay" classname="nic.ehospital.qa.testcases.ConfigurePointOfTreatmentPageTest">
    <skipped/>
  </testcase> <!-- selectDeptUnitNameInChargeAndDay -->
  <testcase name="wardUnitMapping_WardNameDrpdwnIsEnabled" classname="nic.ehospital.qa.testcases.ConfigurePointOfTreatmentPageTest">
    <skipped/>
  </testcase> <!-- wardUnitMapping_WardNameDrpdwnIsEnabled -->
  <testcase name="wardUnitMapping_SaveBtnIsEnabled" classname="nic.ehospital.qa.testcases.ConfigurePointOfTreatmentPageTest">
    <skipped/>
  </testcase> <!-- wardUnitMapping_SaveBtnIsEnabled -->
  <testcase name="enteringValidDescription" classname="nic.ehospital.qa.testcases.ConfigurePointOfTreatmentPageTest">
    <skipped/>
  </testcase> <!-- enteringValidDescription -->
  <testcase name="enterValidShiftNameInvalidTimingAndBlankShiftTypeDrpdwn" classname="nic.ehospital.qa.testcases.ConfigurePointOfTreatmentPageTest">
    <skipped/>
  </testcase> <!-- enterValidShiftNameInvalidTimingAndBlankShiftTypeDrpdwn -->
  <testcase name="casualtyWardRadioBtnYesIsDisplayed" classname="nic.ehospital.qa.testcases.ConfigurePointOfTreatmentPageTest">
    <skipped/>
  </testcase> <!-- casualtyWardRadioBtnYesIsDisplayed -->
  <testcase name="addNewUnit_DeptNameDrpdwnIsDisplayed" classname="nic.ehospital.qa.testcases.ConfigurePointOfTreatmentPageTest">
    <skipped/>
  </testcase> <!-- addNewUnit_DeptNameDrpdwnIsDisplayed -->
  <testcase name="editWardBtnIsDisplayed" classname="nic.ehospital.qa.testcases.ConfigurePointOfTreatmentPageTest">
    <skipped/>
  </testcase> <!-- editWardBtnIsDisplayed -->
  <testcase name="wardUnitMapping_WardNameDrpdwnIsMultiple" classname="nic.ehospital.qa.testcases.ConfigurePointOfTreatmentPageTest">
    <skipped/>
  </testcase> <!-- wardUnitMapping_WardNameDrpdwnIsMultiple -->
  <testcase name="wardUnitMapping_EditBtnIsEnabled" classname="nic.ehospital.qa.testcases.ConfigurePointOfTreatmentPageTest">
    <skipped/>
  </testcase> <!-- wardUnitMapping_EditBtnIsEnabled -->
  <testcase name="wardUnitMapping_UpdateBtnIsDisplayed" classname="nic.ehospital.qa.testcases.ConfigurePointOfTreatmentPageTest">
    <skipped/>
  </testcase> <!-- wardUnitMapping_UpdateBtnIsDisplayed -->
  <testcase name="editClinicBtnIsDisplayed" classname="nic.ehospital.qa.testcases.ConfigurePointOfTreatmentPageTest">
    <skipped/>
  </testcase> <!-- editClinicBtnIsDisplayed -->
  <testcase name="editIcuWardListBtnIsEnabled" classname="nic.ehospital.qa.testcases.ConfigurePointOfTreatmentPageTest">
    <skipped/>
  </testcase> <!-- editIcuWardListBtnIsEnabled -->
  <testcase name="postfixTxtboxIsEnabled" classname="nic.ehospital.qa.testcases.ConfigurePointOfTreatmentPageTest">
    <skipped/>
  </testcase> <!-- postfixTxtboxIsEnabled -->
  <testcase name="ManageUser_SelectInitialFstLstNameDesigMobGenUsrClickSaveBtn" classname="nic.ehospital.qa.testcases.ConfigurePointOfTreatmentPageTest">
    <skipped/>
  </testcase> <!-- ManageUser_SelectInitialFstLstNameDesigMobGenUsrClickSaveBtn -->
  <testcase name="bedAllocationMandatoryRadioBtnNoIsDisplayed" classname="nic.ehospital.qa.testcases.ConfigurePointOfTreatmentPageTest">
    <skipped/>
  </testcase> <!-- bedAllocationMandatoryRadioBtnNoIsDisplayed -->
  <testcase name="bedNoTxtboxIsDisplayed" classname="nic.ehospital.qa.testcases.ConfigurePointOfTreatmentPageTest">
    <skipped/>
  </testcase> <!-- bedNoTxtboxIsDisplayed -->
  <testcase name="enteringNoOfUnitsCrestingOtherDept" classname="nic.ehospital.qa.testcases.ConfigurePointOfTreatmentPageTest">
    <skipped/>
  </testcase> <!-- enteringNoOfUnitsCrestingOtherDept -->
  <testcase name="ManageUser_DesignatonDrpdwnIsDisplayed" classname="nic.ehospital.qa.testcases.ConfigurePointOfTreatmentPageTest">
    <skipped/>
  </testcase> <!-- ManageUser_DesignatonDrpdwnIsDisplayed -->
  <testcase name="enterBedNoOldBedPrefixSelected" classname="nic.ehospital.qa.testcases.ConfigurePointOfTreatmentPageTest">
    <skipped/>
  </testcase> <!-- enterBedNoOldBedPrefixSelected -->
  <testcase name="validShiftNameAndFromTimeInvalidToTimeDrpdwnSelected" classname="nic.ehospital.qa.testcases.ConfigurePointOfTreatmentPageTest">
    <skipped/>
  </testcase> <!-- validShiftNameAndFromTimeInvalidToTimeDrpdwnSelected -->
  <testcase name="bedAllocationmandatoryYesCheckboxIsSelected" classname="nic.ehospital.qa.testcases.ConfigurePointOfTreatmentPageTest">
    <skipped/>
  </testcase> <!-- bedAllocationmandatoryYesCheckboxIsSelected -->
  <testcase name="updateWardBtnIsDisplayed" classname="nic.ehospital.qa.testcases.ConfigurePointOfTreatmentPageTest">
    <skipped/>
  </testcase> <!-- updateWardBtnIsDisplayed -->
  <testcase name="oldBedSelectedEnterInvalidPrefix" classname="nic.ehospital.qa.testcases.ConfigurePointOfTreatmentPageTest">
    <skipped/>
  </testcase> <!-- oldBedSelectedEnterInvalidPrefix -->
  <testcase name="ManageUser_SaveBtnIsEnabled" classname="nic.ehospital.qa.testcases.ConfigurePointOfTreatmentPageTest">
    <skipped/>
  </testcase> <!-- ManageUser_SaveBtnIsEnabled -->
  <testcase name="wardListDrpdwnIsEnabled" classname="nic.ehospital.qa.testcases.ConfigurePointOfTreatmentPageTest">
    <skipped/>
  </testcase> <!-- wardListDrpdwnIsEnabled -->
  <testcase name="changeBedNoRadioBtnIsDisplayed" classname="nic.ehospital.qa.testcases.ConfigurePointOfTreatmentPageTest">
    <skipped/>
  </testcase> <!-- changeBedNoRadioBtnIsDisplayed -->
  <testcase name="enterInvalidNoOfBed" classname="nic.ehospital.qa.testcases.ConfigurePointOfTreatmentPageTest">
    <skipped/>
  </testcase> <!-- enterInvalidNoOfBed -->
  <testcase name="addNewUnitIsDisplayed" classname="nic.ehospital.qa.testcases.ConfigurePointOfTreatmentPageTest">
    <skipped/>
  </testcase> <!-- addNewUnitIsDisplayed -->
  <testcase name="enterInvalidDescriptonOnly" classname="nic.ehospital.qa.testcases.ConfigurePointOfTreatmentPageTest">
    <skipped/>
  </testcase> <!-- enterInvalidDescriptonOnly -->
  <testcase name="ManageUser_MobileTxBoxIsDisplayed" classname="nic.ehospital.qa.testcases.ConfigurePointOfTreatmentPageTest">
    <skipped/>
  </testcase> <!-- ManageUser_MobileTxBoxIsDisplayed -->
  <testcase name="addValidDuplicateDept" classname="nic.ehospital.qa.testcases.ConfigurePointOfTreatmentPageTest">
    <skipped/>
  </testcase> <!-- addValidDuplicateDept -->
  <testcase name="shiftsSaveBtnIsDisplayed" classname="nic.ehospital.qa.testcases.ConfigurePointOfTreatmentPageTest">
    <skipped/>
  </testcase> <!-- shiftsSaveBtnIsDisplayed -->
  <testcase name="ManageUser_ValidUptoBtnIsDisplayed" classname="nic.ehospital.qa.testcases.ConfigurePointOfTreatmentPageTest">
    <skipped/>
  </testcase> <!-- ManageUser_ValidUptoBtnIsDisplayed -->
  <testcase name="validShiftNameTimingShiftTypeSelectedClickSaveBtn" classname="nic.ehospital.qa.testcases.ConfigurePointOfTreatmentPageTest">
    <skipped/>
  </testcase> <!-- validShiftNameTimingShiftTypeSelectedClickSaveBtn -->
  <testcase name="genderSpecificCheckboxIsSelected" classname="nic.ehospital.qa.testcases.ConfigurePointOfTreatmentPageTest">
    <skipped/>
  </testcase> <!-- genderSpecificCheckboxIsSelected -->
  <testcase name="ManageUser_FirstNameTxBoxIsDisplayed" classname="nic.ehospital.qa.testcases.ConfigurePointOfTreatmentPageTest">
    <skipped/>
  </testcase> <!-- ManageUser_FirstNameTxBoxIsDisplayed -->
  <testcase name="selectOldBedNoToChngDrpdwnIsDisplayed" classname="nic.ehospital.qa.testcases.ConfigurePointOfTreatmentPageTest">
    <skipped/>
  </testcase> <!-- selectOldBedNoToChngDrpdwnIsDisplayed -->
  <testcase name="oldBedSelectedEnterValidPrefix" classname="nic.ehospital.qa.testcases.ConfigurePointOfTreatmentPageTest">
    <skipped/>
  </testcase> <!-- oldBedSelectedEnterValidPrefix -->
  <testcase name="removeBedChkboxIsDisplayed" classname="nic.ehospital.qa.testcases.ConfigurePointOfTreatmentPageTest">
    <skipped/>
  </testcase> <!-- removeBedChkboxIsDisplayed -->
  <testcase name="removeBedChkboxIsEnabled" classname="nic.ehospital.qa.testcases.ConfigurePointOfTreatmentPageTest">
    <skipped/>
  </testcase> <!-- removeBedChkboxIsEnabled -->
  <testcase name="wardAbbreviationTxtboxIsDisplayed" classname="nic.ehospital.qa.testcases.ConfigurePointOfTreatmentPageTest">
    <skipped/>
  </testcase> <!-- wardAbbreviationTxtboxIsDisplayed -->
  <testcase name="manageShiftsLinkIsDisplayed" classname="nic.ehospital.qa.testcases.ConfigurePointOfTreatmentPageTest">
    <skipped/>
  </testcase> <!-- manageShiftsLinkIsDisplayed -->
  <testcase name="selectShiftTypeDrpdwnIsDisplayed" classname="nic.ehospital.qa.testcases.ConfigurePointOfTreatmentPageTest">
    <skipped/>
  </testcase> <!-- selectShiftTypeDrpdwnIsDisplayed -->
  <testcase name="casualtyWardNoRadioBtnIsSelected" classname="nic.ehospital.qa.testcases.ConfigurePointOfTreatmentPageTest">
    <skipped/>
  </testcase> <!-- casualtyWardNoRadioBtnIsSelected -->
  <testcase name="oldBedPrefixNewBedSelectedEnterValidPostfix" classname="nic.ehospital.qa.testcases.ConfigurePointOfTreatmentPageTest">
    <skipped/>
  </testcase> <!-- oldBedPrefixNewBedSelectedEnterValidPostfix -->
  <testcase name="manageUnit_EditUnitBtnIsDisplayed" classname="nic.ehospital.qa.testcases.ConfigurePointOfTreatmentPageTest">
    <skipped/>
  </testcase> <!-- manageUnit_EditUnitBtnIsDisplayed -->
  <testcase name="enterWardNameAndGenderClickUpdateBtn" classname="nic.ehospital.qa.testcases.ConfigurePointOfTreatmentPageTest">
    <skipped/>
  </testcase> <!-- enterWardNameAndGenderClickUpdateBtn -->
  <testcase name="saveClinicBtnIsEnabled" classname="nic.ehospital.qa.testcases.ConfigurePointOfTreatmentPageTest">
    <skipped/>
  </testcase> <!-- saveClinicBtnIsEnabled -->
  <testcase name="updateClinicBtnIsEnabled" classname="nic.ehospital.qa.testcases.ConfigurePointOfTreatmentPageTest">
    <skipped/>
  </testcase> <!-- updateClinicBtnIsEnabled -->
  <testcase name="enteringInvalidDescription" classname="nic.ehospital.qa.testcases.ConfigurePointOfTreatmentPageTest">
    <skipped/>
  </testcase> <!-- enteringInvalidDescription -->
  <testcase name="outsideInvesDeptChkboxIsDisplayed" classname="nic.ehospital.qa.testcases.ConfigurePointOfTreatmentPageTest">
    <skipped/>
  </testcase> <!-- outsideInvesDeptChkboxIsDisplayed -->
  <testcase name="shiftTmingsFromTxtboxIsEnabled" classname="nic.ehospital.qa.testcases.ConfigurePointOfTreatmentPageTest">
    <skipped/>
  </testcase> <!-- shiftTmingsFromTxtboxIsEnabled -->
  <testcase name="shiftNameTxtboxIsEnabled" classname="nic.ehospital.qa.testcases.ConfigurePointOfTreatmentPageTest">
    <skipped/>
  </testcase> <!-- shiftNameTxtboxIsEnabled -->
  <testcase name="wardUnitMapping_EditBtnIsDisplayed" classname="nic.ehospital.qa.testcases.ConfigurePointOfTreatmentPageTest">
    <skipped/>
  </testcase> <!-- wardUnitMapping_EditBtnIsDisplayed -->
  <testcase name="addNewUnitIsEnabled" classname="nic.ehospital.qa.testcases.ConfigurePointOfTreatmentPageTest">
    <skipped/>
  </testcase> <!-- addNewUnitIsEnabled -->
  <testcase name="selectGenderDrpdwnIsDisplayed" classname="nic.ehospital.qa.testcases.ConfigurePointOfTreatmentPageTest">
    <skipped/>
  </testcase> <!-- selectGenderDrpdwnIsDisplayed -->
  <testcase name="enteringNoOfUnits" classname="nic.ehospital.qa.testcases.ConfigurePointOfTreatmentPageTest">
    <skipped/>
  </testcase> <!-- enteringNoOfUnits -->
  <testcase name="editClinicBtnIsEnabled" classname="nic.ehospital.qa.testcases.ConfigurePointOfTreatmentPageTest">
    <skipped/>
  </testcase> <!-- editClinicBtnIsEnabled -->
  <testcase name="saveBtnForBedIsDisplayed" classname="nic.ehospital.qa.testcases.ConfigurePointOfTreatmentPageTest">
    <skipped/>
  </testcase> <!-- saveBtnForBedIsDisplayed -->
  <testcase name="ConfigPointOfTrtment_ManageUserIsDisplayed" classname="nic.ehospital.qa.testcases.ConfigurePointOfTreatmentPageTest">
    <skipped/>
  </testcase> <!-- ConfigPointOfTrtment_ManageUserIsDisplayed -->
  <testcase name="manageUnit_EditUnitBtnIsEnabled" classname="nic.ehospital.qa.testcases.ConfigurePointOfTreatmentPageTest">
    <skipped/>
  </testcase> <!-- manageUnit_EditUnitBtnIsEnabled -->
  <testcase name="notACasualtyWardCheckboxIsSelected" classname="nic.ehospital.qa.testcases.ConfigurePointOfTreatmentPageTest">
    <skipped/>
  </testcase> <!-- notACasualtyWardCheckboxIsSelected -->
  <testcase name="AddNewDepartment_DepartmentDrpdwnIsEnabled" classname="nic.ehospital.qa.testcases.ConfigurePointOfTreatmentPageTest">
    <skipped/>
  </testcase> <!-- AddNewDepartment_DepartmentDrpdwnIsEnabled -->
  <testcase name="ipdDeptChkboxIsDisplayed" classname="nic.ehospital.qa.testcases.ConfigurePointOfTreatmentPageTest">
    <skipped/>
  </testcase> <!-- ipdDeptChkboxIsDisplayed -->
  <testcase name="clickEditBtnAndUpdateWithoutValues" classname="nic.ehospital.qa.testcases.ConfigurePointOfTreatmentPageTest">
    <skipped/>
  </testcase> <!-- clickEditBtnAndUpdateWithoutValues -->
  <testcase name="totalNoOfBedsAvailableTxtboxIsDisplayed" classname="nic.ehospital.qa.testcases.ConfigurePointOfTreatmentPageTest">
    <skipped/>
  </testcase> <!-- totalNoOfBedsAvailableTxtboxIsDisplayed -->
  <testcase name="RefreshBtnIsDisplayed" classname="nic.ehospital.qa.testcases.ConfigurePointOfTreatmentPageTest">
    <skipped/>
  </testcase> <!-- RefreshBtnIsDisplayed -->
  <testcase name="enterValidNoOfBed" classname="nic.ehospital.qa.testcases.ConfigurePointOfTreatmentPageTest">
    <skipped/>
  </testcase> <!-- enterValidNoOfBed -->
  <testcase name="manageShifts_AllFieldsBlank" classname="nic.ehospital.qa.testcases.ConfigurePointOfTreatmentPageTest">
    <skipped/>
  </testcase> <!-- manageShifts_AllFieldsBlank -->
  <testcase name="AddNewDepartment_NoOfUnitsTxBoxIsDisplayed" classname="nic.ehospital.qa.testcases.ConfigurePointOfTreatmentPageTest">
    <skipped/>
  </testcase> <!-- AddNewDepartment_NoOfUnitsTxBoxIsDisplayed -->
  <testcase name="deletesFirstMappingInTheRow" classname="nic.ehospital.qa.testcases.ConfigurePointOfTreatmentPageTest">
    <skipped/>
  </testcase> <!-- deletesFirstMappingInTheRow -->
  <testcase name="ManageUser_InitalsDrpdwnIsMultiple" classname="nic.ehospital.qa.testcases.ConfigurePointOfTreatmentPageTest">
    <skipped/>
  </testcase> <!-- ManageUser_InitalsDrpdwnIsMultiple -->
  <testcase name="selectingUnitNameOnlyAndClickUpdateBtn" classname="nic.ehospital.qa.testcases.ConfigurePointOfTreatmentPageTest">
    <skipped/>
  </testcase> <!-- selectingUnitNameOnlyAndClickUpdateBtn -->
  <testcase name="clinicTypeDrpdwnIsMultiple" classname="nic.ehospital.qa.testcases.ConfigurePointOfTreatmentPageTest">
    <skipped/>
  </testcase> <!-- clinicTypeDrpdwnIsMultiple -->
  <testcase name="bedAllocationMandatoryRadioBtnYesIsDisplayed" classname="nic.ehospital.qa.testcases.ConfigurePointOfTreatmentPageTest">
    <skipped/>
  </testcase> <!-- bedAllocationMandatoryRadioBtnYesIsDisplayed -->
  <testcase name="showConfigurationBtnIsDisplayed" classname="nic.ehospital.qa.testcases.ConfigurePointOfTreatmentPageTest">
    <skipped/>
  </testcase> <!-- showConfigurationBtnIsDisplayed -->
  <testcase name="manageDept_EditBtnIsDisplayed" classname="nic.ehospital.qa.testcases.ConfigurePointOfTreatmentPageTest">
    <skipped/>
  </testcase> <!-- manageDept_EditBtnIsDisplayed -->
  <testcase name="editDeptAllFieldsBlankClickSaveBtn" classname="nic.ehospital.qa.testcases.ConfigurePointOfTreatmentPageTest">
    <skipped/>
  </testcase> <!-- editDeptAllFieldsBlankClickSaveBtn -->
  <testcase name="enterValidClinicNameBlankDropdown" classname="nic.ehospital.qa.testcases.ConfigurePointOfTreatmentPageTest">
    <skipped/>
  </testcase> <!-- enterValidClinicNameBlankDropdown -->
  <testcase name="medicalDeptChkboxIsDisplayed" classname="nic.ehospital.qa.testcases.ConfigurePointOfTreatmentPageTest">
    <skipped/>
  </testcase> <!-- medicalDeptChkboxIsDisplayed -->
  <testcase name="bedAllocationMandatoryNoRadioBtnIsSelected" classname="nic.ehospital.qa.testcases.ConfigurePointOfTreatmentPageTest">
    <skipped/>
  </testcase> <!-- bedAllocationMandatoryNoRadioBtnIsSelected -->
  <testcase name="ManageUser_DesignatonDrpdwnIsMultiple" classname="nic.ehospital.qa.testcases.ConfigurePointOfTreatmentPageTest">
    <skipped/>
  </testcase> <!-- ManageUser_DesignatonDrpdwnIsMultiple -->
  <testcase name="editShifts_AllFieldsBlank" classname="nic.ehospital.qa.testcases.ConfigurePointOfTreatmentPageTest">
    <skipped/>
  </testcase> <!-- editShifts_AllFieldsBlank -->
  <testcase name="bedsToBeAddedTxtboxIsDisplayed" classname="nic.ehospital.qa.testcases.ConfigurePointOfTreatmentPageTest">
    <skipped/>
  </testcase> <!-- bedsToBeAddedTxtboxIsDisplayed -->
  <testcase name="icuIsolationWardDrpdwnIsDisplayed" classname="nic.ehospital.qa.testcases.ConfigurePointOfTreatmentPageTest">
    <skipped/>
  </testcase> <!-- icuIsolationWardDrpdwnIsDisplayed -->
  <testcase name="selectGenderDrpdwnIsEnabled" classname="nic.ehospital.qa.testcases.ConfigurePointOfTreatmentPageTest">
    <skipped/>
  </testcase> <!-- selectGenderDrpdwnIsEnabled -->
  <testcase name="manageDept_EditBtnIsEnabled" classname="nic.ehospital.qa.testcases.ConfigurePointOfTreatmentPageTest">
    <skipped/>
  </testcase> <!-- manageDept_EditBtnIsEnabled -->
  <testcase name="showConfigurationBtnIsEnabled" classname="nic.ehospital.qa.testcases.ConfigurePointOfTreatmentPageTest">
    <skipped/>
  </testcase> <!-- showConfigurationBtnIsEnabled -->
  <testcase name="enterValidShiftNameInvalidTimingSelectShiftTypeDrpdwn" classname="nic.ehospital.qa.testcases.ConfigurePointOfTreatmentPageTest">
    <skipped/>
  </testcase> <!-- enterValidShiftNameInvalidTimingSelectShiftTypeDrpdwn -->
  <testcase name="bedsToBeAddedTxtboxIsEnabled" classname="nic.ehospital.qa.testcases.ConfigurePointOfTreatmentPageTest">
    <skipped/>
  </testcase> <!-- bedsToBeAddedTxtboxIsEnabled -->
  <testcase name="AddNewDepartment_AddDepartmentIsDisplayed" classname="nic.ehospital.qa.testcases.ConfigurePointOfTreatmentPageTest">
    <skipped/>
  </testcase> <!-- AddNewDepartment_AddDepartmentIsDisplayed -->
  <testcase name="wardAbbreviationTxtboxIsEnabled" classname="nic.ehospital.qa.testcases.ConfigurePointOfTreatmentPageTest">
    <skipped/>
  </testcase> <!-- wardAbbreviationTxtboxIsEnabled -->
  <testcase name="onlyWardNameSelectedClickSaveBtn" classname="nic.ehospital.qa.testcases.ConfigurePointOfTreatmentPageTest">
    <skipped/>
  </testcase> <!-- onlyWardNameSelectedClickSaveBtn -->
  <testcase name="ManageUser_SelectInitialFstNameAndClickSaveBtn" classname="nic.ehospital.qa.testcases.ConfigurePointOfTreatmentPageTest">
    <skipped/>
  </testcase> <!-- ManageUser_SelectInitialFstNameAndClickSaveBtn -->
  <testcase name="ManageUser_InitalsDrpdwnIsDisplayed" classname="nic.ehospital.qa.testcases.ConfigurePointOfTreatmentPageTest">
    <skipped/>
  </testcase> <!-- ManageUser_InitalsDrpdwnIsDisplayed -->
  <testcase name="wardUnitMapping_WardNameDrpdwnIsDisplayed" classname="nic.ehospital.qa.testcases.ConfigurePointOfTreatmentPageTest">
    <skipped/>
  </testcase> <!-- wardUnitMapping_WardNameDrpdwnIsDisplayed -->
  <testcase name="enterInvalidWardAbbreviation" classname="nic.ehospital.qa.testcases.ConfigurePointOfTreatmentPageTest">
    <skipped/>
  </testcase> <!-- enterInvalidWardAbbreviation -->
  <testcase name="edit_ValidShiftNameAndFromTimeInvalidToTimeDrpdwnSelected" classname="nic.ehospital.qa.testcases.ConfigurePointOfTreatmentPageTest">
    <skipped/>
  </testcase> <!-- edit_ValidShiftNameAndFromTimeInvalidToTimeDrpdwnSelected -->
  <testcase name="ManageUser_SelectInitialFstLstNameDesigAndClickSaveBtn" classname="nic.ehospital.qa.testcases.ConfigurePointOfTreatmentPageTest">
    <skipped/>
  </testcase> <!-- ManageUser_SelectInitialFstLstNameDesigAndClickSaveBtn -->
  <testcase name="wardUnitMapping_UnitNameDrpdwnIsEnabled" classname="nic.ehospital.qa.testcases.ConfigurePointOfTreatmentPageTest">
    <skipped/>
  </testcase> <!-- wardUnitMapping_UnitNameDrpdwnIsEnabled -->
  <testcase name="selectBedAllocationMandatoryYes" classname="nic.ehospital.qa.testcases.ConfigurePointOfTreatmentPageTest">
    <skipped/>
  </testcase> <!-- selectBedAllocationMandatoryYes -->
  <testcase name="enterValidDescriptonAndUnitOnly" classname="nic.ehospital.qa.testcases.ConfigurePointOfTreatmentPageTest">
    <skipped/>
  </testcase> <!-- enterValidDescriptonAndUnitOnly -->
  <testcase name="EditBtnIsDisplayed" classname="nic.ehospital.qa.testcases.ConfigurePointOfTreatmentPageTest">
    <skipped/>
  </testcase> <!-- EditBtnIsDisplayed -->
  <testcase name="enterValidDescriptonOnly" classname="nic.ehospital.qa.testcases.ConfigurePointOfTreatmentPageTest">
    <skipped/>
  </testcase> <!-- enterValidDescriptonOnly -->
  <testcase name="ManageUser_SaveBtnIsDisplayed" classname="nic.ehospital.qa.testcases.ConfigurePointOfTreatmentPageTest">
    <skipped/>
  </testcase> <!-- ManageUser_SaveBtnIsDisplayed -->
  <testcase name="selectGenderDrpdwnIsMultiple" classname="nic.ehospital.qa.testcases.ConfigurePointOfTreatmentPageTest">
    <skipped/>
  </testcase> <!-- selectGenderDrpdwnIsMultiple -->
  <testcase name="selectOtherDepartment" classname="nic.ehospital.qa.testcases.ConfigurePointOfTreatmentPageTest">
    <skipped/>
  </testcase> <!-- selectOtherDepartment -->
  <testcase name="enterWardNameAndClickSaveBtn" classname="nic.ehospital.qa.testcases.ConfigurePointOfTreatmentPageTest">
    <skipped/>
  </testcase> <!-- enterWardNameAndClickSaveBtn -->
  <testcase name="selectOldBedNoToChngDrpdwnIsMultiple" classname="nic.ehospital.qa.testcases.ConfigurePointOfTreatmentPageTest">
    <skipped/>
  </testcase> <!-- selectOldBedNoToChngDrpdwnIsMultiple -->
  <testcase name="operationDeptChkboxIsDisplayed" classname="nic.ehospital.qa.testcases.ConfigurePointOfTreatmentPageTest">
    <skipped/>
  </testcase> <!-- operationDeptChkboxIsDisplayed -->
  <testcase name="enterDeptValidUnitNameAndClickSaveBtn" classname="nic.ehospital.qa.testcases.ConfigurePointOfTreatmentPageTest">
    <skipped/>
  </testcase> <!-- enterDeptValidUnitNameAndClickSaveBtn -->
  <testcase name="saveWardBtnIsDisplayed" classname="nic.ehospital.qa.testcases.ConfigurePointOfTreatmentPageTest">
    <skipped/>
  </testcase> <!-- saveWardBtnIsDisplayed -->
  <testcase name="editWard_EnterInvalidWardNameOnly" classname="nic.ehospital.qa.testcases.ConfigurePointOfTreatmentPageTest">
    <skipped/>
  </testcase> <!-- editWard_EnterInvalidWardNameOnly -->
  <testcase name="clinicNameTxtboxIsEnabled" classname="nic.ehospital.qa.testcases.ConfigurePointOfTreatmentPageTest">
    <skipped/>
  </testcase> <!-- clinicNameTxtboxIsEnabled -->
  <testcase name="wardUnitMapping_SaveBtnIsDisplayed" classname="nic.ehospital.qa.testcases.ConfigurePointOfTreatmentPageTest">
    <skipped/>
  </testcase> <!-- wardUnitMapping_SaveBtnIsDisplayed -->
  <testcase name="edit_AllFieldsBlankClickingUpdateBtn" classname="nic.ehospital.qa.testcases.ConfigurePointOfTreatmentPageTest">
    <skipped/>
  </testcase> <!-- edit_AllFieldsBlankClickingUpdateBtn -->
  <testcase name="icuIsolationWardDrpdwnIsMultiple" classname="nic.ehospital.qa.testcases.ConfigurePointOfTreatmentPageTest">
    <skipped/>
  </testcase> <!-- icuIsolationWardDrpdwnIsMultiple -->
  <testcase name="wardUnitMapping_DeleteBtnIsEnabled" classname="nic.ehospital.qa.testcases.ConfigurePointOfTreatmentPageTest">
    <skipped/>
  </testcase> <!-- wardUnitMapping_DeleteBtnIsEnabled -->
  <testcase name="editIcuWardListBtnIsDisplayed" classname="nic.ehospital.qa.testcases.ConfigurePointOfTreatmentPageTest">
    <skipped/>
  </testcase> <!-- editIcuWardListBtnIsDisplayed -->
  <testcase name="labDeptChkboxIsDisplayed" classname="nic.ehospital.qa.testcases.ConfigurePointOfTreatmentPageTest">
    <skipped/>
  </testcase> <!-- labDeptChkboxIsDisplayed -->
  <testcase name="editIsolationWardListBtnIsDisplayed" classname="nic.ehospital.qa.testcases.ConfigurePointOfTreatmentPageTest">
    <skipped/>
  </testcase> <!-- editIsolationWardListBtnIsDisplayed -->
  <testcase name="selectOldBedNoToChngDrpdwnIsEnabled" classname="nic.ehospital.qa.testcases.ConfigurePointOfTreatmentPageTest">
    <skipped/>
  </testcase> <!-- selectOldBedNoToChngDrpdwnIsEnabled -->
  <testcase name="ManageUser_ValidUptoBtnIsEnabled" classname="nic.ehospital.qa.testcases.ConfigurePointOfTreatmentPageTest">
    <skipped/>
  </testcase> <!-- ManageUser_ValidUptoBtnIsEnabled -->
  <testcase name="AddNewDepartment_NoOfUnitsTxBoxIsEnabled" classname="nic.ehospital.qa.testcases.ConfigurePointOfTreatmentPageTest">
    <skipped/>
  </testcase> <!-- AddNewDepartment_NoOfUnitsTxBoxIsEnabled -->
  <testcase name="ManageUser_LastNameTxBoxIsEnabled" classname="nic.ehospital.qa.testcases.ConfigurePointOfTreatmentPageTest">
    <skipped/>
  </testcase> <!-- ManageUser_LastNameTxBoxIsEnabled -->
  <testcase name="icuIsolationWardDrpdwnIsEnabled" classname="nic.ehospital.qa.testcases.ConfigurePointOfTreatmentPageTest">
    <skipped/>
  </testcase> <!-- icuIsolationWardDrpdwnIsEnabled -->
  <testcase name="ManageUser_ClickTodayBtnFromCalndr" classname="nic.ehospital.qa.testcases.ConfigurePointOfTreatmentPageTest">
    <skipped/>
  </testcase> <!-- ManageUser_ClickTodayBtnFromCalndr -->
  <testcase name="ManageUser_EmailTxBoxIsEnabled" classname="nic.ehospital.qa.testcases.ConfigurePointOfTreatmentPageTest">
    <skipped/>
  </testcase> <!-- ManageUser_EmailTxBoxIsEnabled -->
  <testcase name="ManageUser_FirstNameTxBoxIsEnabled" classname="nic.ehospital.qa.testcases.ConfigurePointOfTreatmentPageTest">
    <skipped/>
  </testcase> <!-- ManageUser_FirstNameTxBoxIsEnabled -->
  <testcase name="shiftsUpdateBtnIsDisplayed" classname="nic.ehospital.qa.testcases.ConfigurePointOfTreatmentPageTest">
    <skipped/>
  </testcase> <!-- shiftsUpdateBtnIsDisplayed -->
  <testcase name="edit_EnterValidShiftNameInvalidTimingSelectShiftTypeDrpdwn" classname="nic.ehospital.qa.testcases.ConfigurePointOfTreatmentPageTest">
    <skipped/>
  </testcase> <!-- edit_EnterValidShiftNameInvalidTimingSelectShiftTypeDrpdwn -->
  <testcase name="closeBedListBtnIsDisplayed" classname="nic.ehospital.qa.testcases.ConfigurePointOfTreatmentPageTest">
    <skipped/>
  </testcase> <!-- closeBedListBtnIsDisplayed -->
  <testcase name="enterValidClinicNameAndDropdown" classname="nic.ehospital.qa.testcases.ConfigurePointOfTreatmentPageTest">
    <skipped/>
  </testcase> <!-- enterValidClinicNameAndDropdown -->
  <testcase name="edit_blankClinicNameTypeSelected" classname="nic.ehospital.qa.testcases.ConfigurePointOfTreatmentPageTest">
    <skipped/>
  </testcase> <!-- edit_blankClinicNameTypeSelected -->
</testsuite> <!-- nic.ehospital.qa.testcases.AuditTrailTest -->
